[2025-11-19 10:02:10] [INFO] 3005_MultiProcess_CC_calc: Starting processing of 512 grids with 8 cores...
[2025-11-19 10:02:21] [INFO] 3005_MultiProcess_CC_calc: Processing grid A20
[2025-11-19 10:02:24] [INFO] 3005_MultiProcess_CC_calc: Created GDB for grid A20
[2025-11-19 10:02:25] [INFO] 3005_MultiProcess_CC_calc: Processing grid B2
[2025-11-19 10:02:27] [INFO] 3005_MultiProcess_CC_calc: Created GDB for grid B2
[2025-11-19 10:02:32] [INFO] 3005_MultiProcess_CC_calc: Processing grid B34
[2025-11-19 10:02:33] [INFO] 3005_MultiProcess_CC_calc: Created GDB for grid B34
[2025-11-19 10:02:36] [INFO] 3005_MultiProcess_CC_calc: Processing grid C26
[2025-11-19 10:02:38] [INFO] 3005_MultiProcess_CC_calc: Created GDB for grid C26
[2025-11-19 10:02:41] [INFO] 3005_MultiProcess_CC_calc: Processing grid C8
[2025-11-19 10:02:44] [INFO] 3005_MultiProcess_CC_calc: Created GDB for grid C8
[2025-11-19 10:02:47] [INFO] 3005_MultiProcess_CC_calc: Processing grid D32
[2025-11-19 10:02:50] [INFO] 3005_MultiProcess_CC_calc: Created GDB for grid D32
[2025-11-19 10:02:52] [INFO] 3005_MultiProcess_CC_calc: Processing grid E21
[2025-11-19 10:02:55] [INFO] 3005_MultiProcess_CC_calc: Created TOP_HEIGHT raster for grid A20
[2025-11-19 10:02:56] [INFO] 3005_MultiProcess_CC_calc: Created GDB for grid E21
[2025-11-19 10:02:57] [INFO] 3005_MultiProcess_CC_calc: Created TOP_HEIGHT raster for grid B2
[2025-11-19 10:03:00] [INFO] 3005_MultiProcess_CC_calc: Processing grid E36
[2025-11-19 10:03:04] [INFO] 3005_MultiProcess_CC_calc: Created GDB for grid E36
[2025-11-19 10:03:19] [INFO] 3005_MultiProcess_CC_calc: Created TOP_HEIGHT raster for grid B34
[2025-11-19 10:03:28] [INFO] 3005_MultiProcess_CC_calc: Created TOP_HEIGHT raster for grid C8
[2025-11-19 10:03:30] [INFO] 3005_MultiProcess_CC_calc: Created TOP_HEIGHT raster for grid C26
[2025-11-19 10:03:39] [INFO] 3005_MultiProcess_CC_calc: Created TOP_HEIGHT raster for grid D32
[2025-11-19 10:03:50] [INFO] 3005_MultiProcess_CC_calc: Created TOP_HEIGHT raster for grid E21
[2025-11-19 10:03:58] [INFO] 3005_MultiProcess_CC_calc: Created TOP_HEIGHT raster for grid E36
[2025-11-19 10:04:41] [INFO] 3005_MultiProcess_CC_calc: Calculated crown cover for grid B2
[2025-11-19 10:04:43] [INFO] 3005_MultiProcess_CC_calc: Calculated crown cover for grid A20
[2025-11-19 10:04:44] [INFO] 3005_MultiProcess_CC_calc: Updated Crown_Closure for grid B2
[2025-11-19 10:04:47] [INFO] 3005_MultiProcess_CC_calc: Updated Crown_Closure for grid A20
[2025-11-19 10:04:48] [INFO] 3005_MultiProcess_CC_calc: Deleted temp GDB for grid B2
[2025-11-19 10:04:48] [INFO] 3005_MultiProcess_CC_calc: Processing grid B20
[2025-11-19 10:04:49] [INFO] 3005_MultiProcess_CC_calc: Created GDB for grid B20
[2025-11-19 10:04:50] [INFO] 3005_MultiProcess_CC_calc: Deleted temp GDB for grid A20
[2025-11-19 10:04:50] [INFO] 3005_MultiProcess_CC_calc: Processing grid A21
[2025-11-19 10:04:50] [INFO] 3005_MultiProcess_CC_calc: Created GDB for grid A21
[2025-11-19 10:05:10] [INFO] 3005_MultiProcess_CC_calc: Created TOP_HEIGHT raster for grid A21
[2025-11-19 10:05:11] [INFO] 3005_MultiProcess_CC_calc: Created TOP_HEIGHT raster for grid B20
[2025-11-19 10:05:27] [INFO] 3005_MultiProcess_CC_calc: Calculated crown cover for grid C8
[2025-11-19 10:05:32] [INFO] 3005_MultiProcess_CC_calc: Updated Crown_Closure for grid C8
[2025-11-19 10:05:35] [INFO] 3005_MultiProcess_CC_calc: Deleted temp GDB for grid C8
[2025-11-19 10:05:35] [INFO] 3005_MultiProcess_CC_calc: Processing grid D1
[2025-11-19 10:05:37] [INFO] 3005_MultiProcess_CC_calc: Created GDB for grid D1
[2025-11-19 10:05:56] [INFO] 3005_MultiProcess_CC_calc: Calculated crown cover for grid B34
[2025-11-19 10:05:59] [INFO] 3005_MultiProcess_CC_calc: Created TOP_HEIGHT raster for grid D1
[2025-11-19 10:06:03] [INFO] 3005_MultiProcess_CC_calc: Updated Crown_Closure for grid B34
[2025-11-19 10:06:05] [INFO] 3005_MultiProcess_CC_calc: Deleted temp GDB for grid B34
[2025-11-19 10:06:05] [INFO] 3005_MultiProcess_CC_calc: Processing grid B35
[2025-11-19 10:06:06] [INFO] 3005_MultiProcess_CC_calc: Created GDB for grid B35
[2025-11-19 10:06:34] [INFO] 3005_MultiProcess_CC_calc: Calculated crown cover for grid D32
[2025-11-19 10:06:37] [INFO] 3005_MultiProcess_CC_calc: Created TOP_HEIGHT raster for grid B35
[2025-11-19 10:06:42] [INFO] 3005_MultiProcess_CC_calc: Updated Crown_Closure for grid D32
[2025-11-19 10:06:47] [INFO] 3005_MultiProcess_CC_calc: Deleted temp GDB for grid D32
[2025-11-19 10:06:47] [INFO] 3005_MultiProcess_CC_calc: Processing grid D33
[2025-11-19 10:06:48] [INFO] 3005_MultiProcess_CC_calc: Created GDB for grid D33
[2025-11-19 10:06:54] [INFO] 3005_MultiProcess_CC_calc: Calculated crown cover for grid C26
[2025-11-19 10:07:05] [INFO] 3005_MultiProcess_CC_calc: Updated Crown_Closure for grid C26
[2025-11-19 10:07:07] [INFO] 3005_MultiProcess_CC_calc: Calculated crown cover for grid E21
[2025-11-19 10:07:07] [INFO] 3005_MultiProcess_CC_calc: Calculated crown cover for grid A21
[2025-11-19 10:07:08] [INFO] 3005_MultiProcess_CC_calc: Calculated crown cover for grid E36
[2025-11-19 10:07:09] [INFO] 3005_MultiProcess_CC_calc: Deleted temp GDB for grid C26
[2025-11-19 10:07:10] [INFO] 3005_MultiProcess_CC_calc: Processing grid C27
[2025-11-19 10:07:11] [INFO] 3005_MultiProcess_CC_calc: Created GDB for grid C27
[2025-11-19 10:07:14] [INFO] 3005_MultiProcess_CC_calc: Updated Crown_Closure for grid A21
[2025-11-19 10:07:18] [INFO] 3005_MultiProcess_CC_calc: Updated Crown_Closure for grid E21
[2025-11-19 10:07:18] [INFO] 3005_MultiProcess_CC_calc: Updated Crown_Closure for grid E36
[2025-11-19 10:07:18] [INFO] 3005_MultiProcess_CC_calc: Deleted temp GDB for grid A21
[2025-11-19 10:07:18] [INFO] 3005_MultiProcess_CC_calc: Processing grid A22
[2025-11-19 10:07:20] [INFO] 3005_MultiProcess_CC_calc: Calculated crown cover for grid B20
[2025-11-19 10:07:21] [INFO] 3005_MultiProcess_CC_calc: Created GDB for grid A22
[2025-11-19 10:07:23] [INFO] 3005_MultiProcess_CC_calc: Deleted temp GDB for grid E21
[2025-11-19 10:07:23] [INFO] 3005_MultiProcess_CC_calc: Deleted temp GDB for grid E36
[2025-11-19 10:07:23] [INFO] 3005_MultiProcess_CC_calc: Processing grid E22
[2025-11-19 10:07:23] [INFO] 3005_MultiProcess_CC_calc: Processing grid E37
[2025-11-19 10:07:26] [INFO] 3005_MultiProcess_CC_calc: Created GDB for grid E22
[2025-11-19 10:07:26] [INFO] 3005_MultiProcess_CC_calc: Created GDB for grid E37
[2025-11-19 10:07:27] [INFO] 3005_MultiProcess_CC_calc: Updated Crown_Closure for grid B20
[2025-11-19 10:07:32] [INFO] 3005_MultiProcess_CC_calc: Deleted temp GDB for grid B20
[2025-11-19 10:07:32] [INFO] 3005_MultiProcess_CC_calc: Processing grid B21
[2025-11-19 10:07:34] [INFO] 3005_MultiProcess_CC_calc: Created GDB for grid B21
[2025-11-19 10:07:36] [INFO] 3005_MultiProcess_CC_calc: Created TOP_HEIGHT raster for grid D33
[2025-11-19 10:07:42] [INFO] 3005_MultiProcess_CC_calc: Calculated crown cover for grid D1
[2025-11-19 10:07:48] [INFO] 3005_MultiProcess_CC_calc: Updated Crown_Closure for grid D1
[2025-11-19 10:07:51] [INFO] 3005_MultiProcess_CC_calc: Deleted temp GDB for grid D1
[2025-11-19 10:07:51] [INFO] 3005_MultiProcess_CC_calc: Processing grid D2
[2025-11-19 10:07:53] [INFO] 3005_MultiProcess_CC_calc: Created GDB for grid D2
[2025-11-19 10:07:54] [INFO] 3005_MultiProcess_CC_calc: Created TOP_HEIGHT raster for grid C27
[2025-11-19 10:08:01] [INFO] 3005_MultiProcess_CC_calc: Created TOP_HEIGHT raster for grid A22
[2025-11-19 10:08:11] [INFO] 3005_MultiProcess_CC_calc: Created TOP_HEIGHT raster for grid E37
[2025-11-19 10:08:11] [INFO] 3005_MultiProcess_CC_calc: Created TOP_HEIGHT raster for grid E22
[2025-11-19 10:08:18] [INFO] 3005_MultiProcess_CC_calc: Created TOP_HEIGHT raster for grid B21
[2025-11-19 10:08:42] [INFO] 3005_MultiProcess_CC_calc: Created TOP_HEIGHT raster for grid D2
[2025-11-19 10:08:48] [INFO] 3005_MultiProcess_CC_calc: Calculated crown cover for grid B35
[2025-11-19 10:08:55] [INFO] 3005_MultiProcess_CC_calc: Updated Crown_Closure for grid B35
[2025-11-19 10:08:59] [INFO] 3005_MultiProcess_CC_calc: Deleted temp GDB for grid B35
[2025-11-19 10:08:59] [INFO] 3005_MultiProcess_CC_calc: Processing grid B36
[2025-11-19 10:09:01] [INFO] 3005_MultiProcess_CC_calc: Created GDB for grid B36
[2025-11-19 10:09:23] [INFO] 3005_MultiProcess_CC_calc: Created TOP_HEIGHT raster for grid B36
[2025-11-19 10:10:12] [INFO] 3005_MultiProcess_CC_calc: Calculated crown cover for grid D33
[2025-11-19 10:10:21] [INFO] 3005_MultiProcess_CC_calc: Updated Crown_Closure for grid D33
[2025-11-19 10:10:23] [INFO] 3005_MultiProcess_CC_calc: Deleted temp GDB for grid D33
[2025-11-19 10:10:23] [INFO] 3005_MultiProcess_CC_calc: Processing grid D34
[2025-11-19 10:10:23] [INFO] 3005_MultiProcess_CC_calc: Created GDB for grid D34
[2025-11-19 10:10:54] [INFO] 3005_MultiProcess_CC_calc: Created TOP_HEIGHT raster for grid D34
[2025-11-19 10:10:56] [INFO] 3005_MultiProcess_CC_calc: Calculated crown cover for grid A22
[2025-11-19 10:11:00] [INFO] 3005_MultiProcess_CC_calc: Calculated crown cover for grid B36
[2025-11-19 10:11:02] [INFO] 3005_MultiProcess_CC_calc: Updated Crown_Closure for grid A22
[2025-11-19 10:11:03] [INFO] 3005_MultiProcess_CC_calc: Updated Crown_Closure for grid B36
[2025-11-19 10:11:06] [INFO] 3005_MultiProcess_CC_calc: Deleted temp GDB for grid A22
[2025-11-19 10:11:06] [INFO] 3005_MultiProcess_CC_calc: Processing grid A23
[2025-11-19 10:11:07] [INFO] 3005_MultiProcess_CC_calc: Deleted temp GDB for grid B36
[2025-11-19 10:11:07] [INFO] 3005_MultiProcess_CC_calc: Processing grid B4
[2025-11-19 10:11:08] [INFO] 3005_MultiProcess_CC_calc: Created GDB for grid A23
[2025-11-19 10:11:10] [INFO] 3005_MultiProcess_CC_calc: Created GDB for grid B4
[2025-11-19 10:11:10] [INFO] 3005_MultiProcess_CC_calc: Calculated crown cover for grid C27
[2025-11-19 10:11:22] [INFO] 3005_MultiProcess_CC_calc: Updated Crown_Closure for grid C27
[2025-11-19 10:11:27] [INFO] 3005_MultiProcess_CC_calc: Deleted temp GDB for grid C27
[2025-11-19 10:11:27] [INFO] 3005_MultiProcess_CC_calc: Processing grid C28
[2025-11-19 10:11:29] [INFO] 3005_MultiProcess_CC_calc: Created GDB for grid C28
[2025-11-19 10:11:44] [INFO] 3005_MultiProcess_CC_calc: Calculated crown cover for grid E22
[2025-11-19 10:11:49] [INFO] 3005_MultiProcess_CC_calc: Created TOP_HEIGHT raster for grid A23
[2025-11-19 10:11:51] [INFO] 3005_MultiProcess_CC_calc: Created TOP_HEIGHT raster for grid B4
[2025-11-19 10:11:54] [INFO] 3005_MultiProcess_CC_calc: Updated Crown_Closure for grid E22
[2025-11-19 10:11:55] [INFO] 3005_MultiProcess_CC_calc: Calculated crown cover for grid E37
[2025-11-19 10:11:58] [INFO] 3005_MultiProcess_CC_calc: Deleted temp GDB for grid E22
[2025-11-19 10:11:58] [INFO] 3005_MultiProcess_CC_calc: Processing grid E23
[2025-11-19 10:12:00] [INFO] 3005_MultiProcess_CC_calc: Calculated crown cover for grid D2
[2025-11-19 10:12:00] [INFO] 3005_MultiProcess_CC_calc: Created GDB for grid E23
[2025-11-19 10:12:03] [INFO] 3005_MultiProcess_CC_calc: Calculated crown cover for grid B21
[2025-11-19 10:12:05] [INFO] 3005_MultiProcess_CC_calc: Updated Crown_Closure for grid E37
[2025-11-19 10:12:09] [INFO] 3005_MultiProcess_CC_calc: Deleted temp GDB for grid E37
[2025-11-19 10:12:09] [INFO] 3005_MultiProcess_CC_calc: Processing grid E38
[2025-11-19 10:12:10] [INFO] 3005_MultiProcess_CC_calc: Updated Crown_Closure for grid D2
[2025-11-19 10:12:11] [INFO] 3005_MultiProcess_CC_calc: Created GDB for grid E38
[2025-11-19 10:12:14] [INFO] 3005_MultiProcess_CC_calc: Updated Crown_Closure for grid B21
[2025-11-19 10:12:14] [INFO] 3005_MultiProcess_CC_calc: Deleted temp GDB for grid D2
[2025-11-19 10:12:15] [INFO] 3005_MultiProcess_CC_calc: Processing grid D20
[2025-11-19 10:12:15] [INFO] 3005_MultiProcess_CC_calc: Created TOP_HEIGHT raster for grid C28
[2025-11-19 10:12:17] [INFO] 3005_MultiProcess_CC_calc: Created GDB for grid D20
[2025-11-19 10:12:19] [INFO] 3005_MultiProcess_CC_calc: Deleted temp GDB for grid B21
[2025-11-19 10:12:19] [INFO] 3005_MultiProcess_CC_calc: Processing grid B22
[2025-11-19 10:12:21] [INFO] 3005_MultiProcess_CC_calc: Created GDB for grid B22
[2025-11-19 10:12:46] [INFO] 3005_MultiProcess_CC_calc: Created TOP_HEIGHT raster for grid E23
[2025-11-19 10:12:53] [INFO] 3005_MultiProcess_CC_calc: Created TOP_HEIGHT raster for grid E38
[2025-11-19 10:12:54] [INFO] 3005_MultiProcess_CC_calc: Created TOP_HEIGHT raster for grid D20
[2025-11-19 10:13:03] [INFO] 3005_MultiProcess_CC_calc: Created TOP_HEIGHT raster for grid B22
[2025-11-19 10:13:16] [INFO] 3005_MultiProcess_CC_calc: Calculated crown cover for grid D34
[2025-11-19 10:13:25] [INFO] 3005_MultiProcess_CC_calc: Updated Crown_Closure for grid D34
[2025-11-19 10:13:28] [INFO] 3005_MultiProcess_CC_calc: Deleted temp GDB for grid D34
[2025-11-19 10:13:28] [INFO] 3005_MultiProcess_CC_calc: Processing grid D35
[2025-11-19 10:13:30] [INFO] 3005_MultiProcess_CC_calc: Created GDB for grid D35
[2025-11-19 10:14:00] [INFO] 3005_MultiProcess_CC_calc: Calculated crown cover for grid A23
[2025-11-19 10:14:02] [INFO] 3005_MultiProcess_CC_calc: Created TOP_HEIGHT raster for grid D35
[2025-11-19 10:14:06] [INFO] 3005_MultiProcess_CC_calc: Updated Crown_Closure for grid A23
[2025-11-19 10:14:09] [INFO] 3005_MultiProcess_CC_calc: Deleted temp GDB for grid A23
[2025-11-19 10:14:09] [INFO] 3005_MultiProcess_CC_calc: Processing grid A24
[2025-11-19 10:14:10] [INFO] 3005_MultiProcess_CC_calc: Created GDB for grid A24
[2025-11-19 10:14:15] [INFO] 3005_MultiProcess_CC_calc: Calculated crown cover for grid B4
[2025-11-19 10:14:22] [INFO] 3005_MultiProcess_CC_calc: Updated Crown_Closure for grid B4
[2025-11-19 10:14:25] [INFO] 3005_MultiProcess_CC_calc: Deleted temp GDB for grid B4
[2025-11-19 10:14:25] [INFO] 3005_MultiProcess_CC_calc: Processing grid B5
[2025-11-19 10:14:26] [INFO] 3005_MultiProcess_CC_calc: Created GDB for grid B5
[2025-11-19 10:14:36] [INFO] 3005_MultiProcess_CC_calc: Created TOP_HEIGHT raster for grid A24
[2025-11-19 10:14:51] [INFO] 3005_MultiProcess_CC_calc: Created TOP_HEIGHT raster for grid B5
[2025-11-19 10:15:04] [INFO] 3005_MultiProcess_CC_calc: Calculated crown cover for grid C28
[2025-11-19 10:15:09] [INFO] 3005_MultiProcess_CC_calc: Calculated crown cover for grid D20
[2025-11-19 10:15:14] [INFO] 3005_MultiProcess_CC_calc: Updated Crown_Closure for grid C28
[2025-11-19 10:15:15] [INFO] 3005_MultiProcess_CC_calc: Updated Crown_Closure for grid D20
[2025-11-19 10:15:19] [INFO] 3005_MultiProcess_CC_calc: Deleted temp GDB for grid C28
[2025-11-19 10:15:19] [INFO] 3005_MultiProcess_CC_calc: Processing grid C29
[2025-11-19 10:15:19] [INFO] 3005_MultiProcess_CC_calc: Deleted temp GDB for grid D20
[2025-11-19 10:15:19] [INFO] 3005_MultiProcess_CC_calc: Processing grid D21
[2025-11-19 10:15:20] [INFO] 3005_MultiProcess_CC_calc: Created GDB for grid C29
[2025-11-19 10:15:20] [INFO] 3005_MultiProcess_CC_calc: Created GDB for grid D21
[2025-11-19 10:15:29] [INFO] 3005_MultiProcess_CC_calc: Calculated crown cover for grid E38
[2025-11-19 10:15:36] [INFO] 3005_MultiProcess_CC_calc: Updated Crown_Closure for grid E38
[2025-11-19 10:15:39] [INFO] 3005_MultiProcess_CC_calc: Deleted temp GDB for grid E38
[2025-11-19 10:15:39] [INFO] 3005_MultiProcess_CC_calc: Processing grid E39
[2025-11-19 10:15:41] [INFO] 3005_MultiProcess_CC_calc: Created GDB for grid E39
[2025-11-19 10:15:47] [INFO] 3005_MultiProcess_CC_calc: Calculated crown cover for grid E23
[2025-11-19 10:15:57] [INFO] 3005_MultiProcess_CC_calc: Updated Crown_Closure for grid E23
[2025-11-19 10:15:59] [INFO] 3005_MultiProcess_CC_calc: Calculated crown cover for grid B22
[2025-11-19 10:16:00] [INFO] 3005_MultiProcess_CC_calc: Deleted temp GDB for grid E23
[2025-11-19 10:16:00] [INFO] 3005_MultiProcess_CC_calc: Processing grid E24
[2025-11-19 10:16:02] [INFO] 3005_MultiProcess_CC_calc: Created GDB for grid E24
[2025-11-19 10:16:05] [INFO] 3005_MultiProcess_CC_calc: Created TOP_HEIGHT raster for grid D21
[2025-11-19 10:16:05] [INFO] 3005_MultiProcess_CC_calc: Created TOP_HEIGHT raster for grid C29
[2025-11-19 10:16:06] [INFO] 3005_MultiProcess_CC_calc: Created TOP_HEIGHT raster for grid E39
[2025-11-19 10:16:09] [INFO] 3005_MultiProcess_CC_calc: Updated Crown_Closure for grid B22
[2025-11-19 10:16:14] [INFO] 3005_MultiProcess_CC_calc: Deleted temp GDB for grid B22
[2025-11-19 10:16:14] [INFO] 3005_MultiProcess_CC_calc: Processing grid B23
[2025-11-19 10:16:16] [INFO] 3005_MultiProcess_CC_calc: Created GDB for grid B23
[2025-11-19 10:16:24] [INFO] 3005_MultiProcess_CC_calc: Calculated crown cover for grid D35
[2025-11-19 10:16:35] [INFO] 3005_MultiProcess_CC_calc: Updated Crown_Closure for grid D35
[2025-11-19 10:16:38] [INFO] 3005_MultiProcess_CC_calc: Calculated crown cover for grid A24
[2025-11-19 10:16:40] [INFO] 3005_MultiProcess_CC_calc: Deleted temp GDB for grid D35
[2025-11-19 10:16:41] [INFO] 3005_MultiProcess_CC_calc: Processing grid D36
[2025-11-19 10:16:42] [INFO] 3005_MultiProcess_CC_calc: Created GDB for grid D36
[2025-11-19 10:16:44] [INFO] 3005_MultiProcess_CC_calc: Calculated crown cover for grid B5
[2025-11-19 10:16:45] [INFO] 3005_MultiProcess_CC_calc: Updated Crown_Closure for grid A24
[2025-11-19 10:16:49] [INFO] 3005_MultiProcess_CC_calc: Updated Crown_Closure for grid B5
[2025-11-19 10:16:50] [INFO] 3005_MultiProcess_CC_calc: Deleted temp GDB for grid A24
[2025-11-19 10:16:50] [INFO] 3005_MultiProcess_CC_calc: Processing grid A25
[2025-11-19 10:16:53] [INFO] 3005_MultiProcess_CC_calc: Created TOP_HEIGHT raster for grid E24
[2025-11-19 10:16:53] [INFO] 3005_MultiProcess_CC_calc: Created GDB for grid A25
[2025-11-19 10:16:55] [INFO] 3005_MultiProcess_CC_calc: Deleted temp GDB for grid B5
[2025-11-19 10:16:55] [INFO] 3005_MultiProcess_CC_calc: Processing grid B6
[2025-11-19 10:16:58] [INFO] 3005_MultiProcess_CC_calc: Created GDB for grid B6
[2025-11-19 10:17:12] [INFO] 3005_MultiProcess_CC_calc: Created TOP_HEIGHT raster for grid B23
[2025-11-19 10:17:22] [INFO] 3005_MultiProcess_CC_calc: Calculated crown cover for grid E39
[2025-11-19 10:17:24] [INFO] 3005_MultiProcess_CC_calc: Updated Crown_Closure for grid E39
[2025-11-19 10:17:27] [INFO] 3005_MultiProcess_CC_calc: Created TOP_HEIGHT raster for grid D36
[2025-11-19 10:17:28] [INFO] 3005_MultiProcess_CC_calc: Deleted temp GDB for grid E39
[2025-11-19 10:17:28] [INFO] 3005_MultiProcess_CC_calc: Processing grid E4
[2025-11-19 10:17:30] [INFO] 3005_MultiProcess_CC_calc: Created GDB for grid E4
[2025-11-19 10:17:36] [INFO] 3005_MultiProcess_CC_calc: Created TOP_HEIGHT raster for grid A25
[2025-11-19 10:17:42] [INFO] 3005_MultiProcess_CC_calc: Created TOP_HEIGHT raster for grid B6
[2025-11-19 10:18:11] [INFO] 3005_MultiProcess_CC_calc: Created TOP_HEIGHT raster for grid E4
[2025-11-19 10:18:41] [INFO] 3005_MultiProcess_CC_calc: Calculated crown cover for grid D21
[2025-11-19 10:18:49] [INFO] 3005_MultiProcess_CC_calc: Calculated crown cover for grid C29
[2025-11-19 10:18:50] [INFO] 3005_MultiProcess_CC_calc: Updated Crown_Closure for grid D21
[2025-11-19 10:18:52] [INFO] 3005_MultiProcess_CC_calc: Deleted temp GDB for grid D21
[2025-11-19 10:18:52] [INFO] 3005_MultiProcess_CC_calc: Processing grid D22
[2025-11-19 10:18:53] [INFO] 3005_MultiProcess_CC_calc: Created GDB for grid D22
[2025-11-19 10:18:58] [INFO] 3005_MultiProcess_CC_calc: Updated Crown_Closure for grid C29
[2025-11-19 10:19:01] [INFO] 3005_MultiProcess_CC_calc: Deleted temp GDB for grid C29
[2025-11-19 10:19:01] [INFO] 3005_MultiProcess_CC_calc: Processing grid C3
[2025-11-19 10:19:02] [INFO] 3005_MultiProcess_CC_calc: Created GDB for grid C3
[2025-11-19 10:19:15] [INFO] 3005_MultiProcess_CC_calc: Calculated crown cover for grid D36
[2025-11-19 10:19:18] [INFO] 3005_MultiProcess_CC_calc: Updated Crown_Closure for grid D36
[2025-11-19 10:19:20] [INFO] 3005_MultiProcess_CC_calc: Deleted temp GDB for grid D36
[2025-11-19 10:19:20] [INFO] 3005_MultiProcess_CC_calc: Processing grid D37
[2025-11-19 10:19:21] [INFO] 3005_MultiProcess_CC_calc: Created GDB for grid D37
[2025-11-19 10:19:24] [INFO] 3005_MultiProcess_CC_calc: Created TOP_HEIGHT raster for grid D22
[2025-11-19 10:19:36] [INFO] 3005_MultiProcess_CC_calc: Created TOP_HEIGHT raster for grid C3
[2025-11-19 10:19:41] [INFO] 3005_MultiProcess_CC_calc: Calculated crown cover for grid E24
[2025-11-19 10:19:47] [INFO] 3005_MultiProcess_CC_calc: Created TOP_HEIGHT raster for grid D37
[2025-11-19 10:19:52] [INFO] 3005_MultiProcess_CC_calc: Updated Crown_Closure for grid E24
[2025-11-19 10:19:55] [INFO] 3005_MultiProcess_CC_calc: Deleted temp GDB for grid E24
[2025-11-19 10:19:55] [INFO] 3005_MultiProcess_CC_calc: Processing grid E25
[2025-11-19 10:19:57] [INFO] 3005_MultiProcess_CC_calc: Created GDB for grid E25
[2025-11-19 10:20:10] [INFO] 3005_MultiProcess_CC_calc: Calculated crown cover for grid A25
[2025-11-19 10:20:17] [INFO] 3005_MultiProcess_CC_calc: Calculated crown cover for grid B23
[2025-11-19 10:20:18] [INFO] 3005_MultiProcess_CC_calc: Updated Crown_Closure for grid A25
[2025-11-19 10:20:18] [INFO] 3005_MultiProcess_CC_calc: Calculated crown cover for grid B6
[2025-11-19 10:20:22] [INFO] 3005_MultiProcess_CC_calc: Deleted temp GDB for grid A25
[2025-11-19 10:20:22] [INFO] 3005_MultiProcess_CC_calc: Processing grid A26
[2025-11-19 10:20:23] [INFO] 3005_MultiProcess_CC_calc: Created GDB for grid A26
[2025-11-19 10:20:26] [INFO] 3005_MultiProcess_CC_calc: Updated Crown_Closure for grid B6
[2025-11-19 10:20:28] [INFO] 3005_MultiProcess_CC_calc: Updated Crown_Closure for grid B23
[2025-11-19 10:20:30] [INFO] 3005_MultiProcess_CC_calc: Deleted temp GDB for grid B6
[2025-11-19 10:20:30] [INFO] 3005_MultiProcess_CC_calc: Processing grid B7
[2025-11-19 10:20:32] [INFO] 3005_MultiProcess_CC_calc: Deleted temp GDB for grid B23
[2025-11-19 10:20:32] [INFO] 3005_MultiProcess_CC_calc: Processing grid B24
[2025-11-19 10:20:32] [INFO] 3005_MultiProcess_CC_calc: Created GDB for grid B7
[2025-11-19 10:20:34] [INFO] 3005_MultiProcess_CC_calc: Created GDB for grid B24
[2025-11-19 10:20:41] [INFO] 3005_MultiProcess_CC_calc: Created TOP_HEIGHT raster for grid E25
[2025-11-19 10:20:44] [INFO] 3005_MultiProcess_CC_calc: Calculated crown cover for grid E4
[2025-11-19 10:20:54] [INFO] 3005_MultiProcess_CC_calc: Updated Crown_Closure for grid E4
[2025-11-19 10:20:58] [INFO] 3005_MultiProcess_CC_calc: Deleted temp GDB for grid E4
[2025-11-19 10:20:59] [INFO] 3005_MultiProcess_CC_calc: Processing grid E5
[2025-11-19 10:21:00] [INFO] 3005_MultiProcess_CC_calc: Created GDB for grid E5
[2025-11-19 10:21:01] [INFO] 3005_MultiProcess_CC_calc: Created TOP_HEIGHT raster for grid A26
[2025-11-19 10:21:07] [INFO] 3005_MultiProcess_CC_calc: Calculated crown cover for grid D37
[2025-11-19 10:21:07] [INFO] 3005_MultiProcess_CC_calc: Created TOP_HEIGHT raster for grid B7
[2025-11-19 10:21:09] [INFO] 3005_MultiProcess_CC_calc: Updated Crown_Closure for grid D37
[2025-11-19 10:21:12] [INFO] 3005_MultiProcess_CC_calc: Deleted temp GDB for grid D37
[2025-11-19 10:21:12] [INFO] 3005_MultiProcess_CC_calc: Processing grid D38
[2025-11-19 10:21:13] [INFO] 3005_MultiProcess_CC_calc: Created TOP_HEIGHT raster for grid B24
[2025-11-19 10:21:14] [INFO] 3005_MultiProcess_CC_calc: Created GDB for grid D38
[2025-11-19 10:21:44] [INFO] 3005_MultiProcess_CC_calc: Created TOP_HEIGHT raster for grid E5
[2025-11-19 10:21:45] [INFO] 3005_MultiProcess_CC_calc: Created TOP_HEIGHT raster for grid D38
[2025-11-19 10:22:03] [INFO] 3005_MultiProcess_CC_calc: Calculated crown cover for grid D22
[2025-11-19 10:22:12] [INFO] 3005_MultiProcess_CC_calc: Updated Crown_Closure for grid D22
[2025-11-19 10:22:14] [INFO] 3005_MultiProcess_CC_calc: Calculated crown cover for grid C3
[2025-11-19 10:22:15] [INFO] 3005_MultiProcess_CC_calc: Deleted temp GDB for grid D22
[2025-11-19 10:22:15] [INFO] 3005_MultiProcess_CC_calc: Processing grid D23
[2025-11-19 10:22:16] [INFO] 3005_MultiProcess_CC_calc: Created GDB for grid D23
[2025-11-19 10:22:23] [INFO] 3005_MultiProcess_CC_calc: Updated Crown_Closure for grid C3
[2025-11-19 10:22:26] [INFO] 3005_MultiProcess_CC_calc: Deleted temp GDB for grid C3
[2025-11-19 10:22:26] [INFO] 3005_MultiProcess_CC_calc: Processing grid C30
[2025-11-19 10:22:27] [INFO] 3005_MultiProcess_CC_calc: Created GDB for grid C30
[2025-11-19 10:22:36] [INFO] 3005_MultiProcess_CC_calc: Calculated crown cover for grid D38
[2025-11-19 10:22:37] [INFO] 3005_MultiProcess_CC_calc: Updated Crown_Closure for grid D38
[2025-11-19 10:22:39] [INFO] 3005_MultiProcess_CC_calc: Deleted temp GDB for grid D38
[2025-11-19 10:22:39] [INFO] 3005_MultiProcess_CC_calc: Processing grid D4
[2025-11-19 10:22:40] [INFO] 3005_MultiProcess_CC_calc: Created GDB for grid D4
[2025-11-19 10:22:44] [INFO] 3005_MultiProcess_CC_calc: Created TOP_HEIGHT raster for grid D23
[2025-11-19 10:22:59] [INFO] 3005_MultiProcess_CC_calc: Created TOP_HEIGHT raster for grid C30
[2025-11-19 10:23:14] [INFO] 3005_MultiProcess_CC_calc: Created TOP_HEIGHT raster for grid D4
[2025-11-19 10:23:22] [INFO] 3005_MultiProcess_CC_calc: Calculated crown cover for grid E25
[2025-11-19 10:23:32] [INFO] 3005_MultiProcess_CC_calc: Updated Crown_Closure for grid E25
[2025-11-19 10:23:37] [INFO] 3005_MultiProcess_CC_calc: Deleted temp GDB for grid E25
[2025-11-19 10:23:38] [INFO] 3005_MultiProcess_CC_calc: Processing grid E26
[2025-11-19 10:23:40] [INFO] 3005_MultiProcess_CC_calc: Created GDB for grid E26
[2025-11-19 10:23:40] [INFO] 3005_MultiProcess_CC_calc: Calculated crown cover for grid A26
[2025-11-19 10:23:48] [INFO] 3005_MultiProcess_CC_calc: Updated Crown_Closure for grid A26
[2025-11-19 10:23:53] [INFO] 3005_MultiProcess_CC_calc: Deleted temp GDB for grid A26
[2025-11-19 10:23:53] [INFO] 3005_MultiProcess_CC_calc: Processing grid A27
[2025-11-19 10:23:55] [INFO] 3005_MultiProcess_CC_calc: Created GDB for grid A27
[2025-11-19 10:23:59] [INFO] 3005_MultiProcess_CC_calc: Calculated crown cover for grid B7
[2025-11-19 10:24:06] [INFO] 3005_MultiProcess_CC_calc: Updated Crown_Closure for grid B7
[2025-11-19 10:24:09] [INFO] 3005_MultiProcess_CC_calc: Deleted temp GDB for grid B7
[2025-11-19 10:24:09] [INFO] 3005_MultiProcess_CC_calc: Processing grid B8
[2025-11-19 10:24:10] [INFO] 3005_MultiProcess_CC_calc: Calculated crown cover for grid B24
[2025-11-19 10:24:11] [INFO] 3005_MultiProcess_CC_calc: Created GDB for grid B8
[2025-11-19 10:24:16] [INFO] 3005_MultiProcess_CC_calc: Calculated crown cover for grid E5
[2025-11-19 10:24:20] [INFO] 3005_MultiProcess_CC_calc: Created TOP_HEIGHT raster for grid E26
[2025-11-19 10:24:21] [INFO] 3005_MultiProcess_CC_calc: Updated Crown_Closure for grid B24
[2025-11-19 10:24:23] [INFO] 3005_MultiProcess_CC_calc: Created TOP_HEIGHT raster for grid A27
[2025-11-19 10:24:24] [INFO] 3005_MultiProcess_CC_calc: Deleted temp GDB for grid B24
[2025-11-19 10:24:24] [INFO] 3005_MultiProcess_CC_calc: Processing grid B25
[2025-11-19 10:24:26] [INFO] 3005_MultiProcess_CC_calc: Updated Crown_Closure for grid E5
[2025-11-19 10:24:26] [INFO] 3005_MultiProcess_CC_calc: Created GDB for grid B25
[2025-11-19 10:24:30] [INFO] 3005_MultiProcess_CC_calc: Deleted temp GDB for grid E5
[2025-11-19 10:24:30] [INFO] 3005_MultiProcess_CC_calc: Processing grid E6
[2025-11-19 10:24:32] [INFO] 3005_MultiProcess_CC_calc: Created GDB for grid E6
[2025-11-19 10:24:38] [INFO] 3005_MultiProcess_CC_calc: Created TOP_HEIGHT raster for grid B8
[2025-11-19 10:24:57] [INFO] 3005_MultiProcess_CC_calc: Calculated crown cover for grid D23
[2025-11-19 10:25:07] [INFO] 3005_MultiProcess_CC_calc: Updated Crown_Closure for grid D23
[2025-11-19 10:25:10] [INFO] 3005_MultiProcess_CC_calc: Created TOP_HEIGHT raster for grid B25
[2025-11-19 10:25:13] [INFO] 3005_MultiProcess_CC_calc: Deleted temp GDB for grid D23
[2025-11-19 10:25:13] [INFO] 3005_MultiProcess_CC_calc: Processing grid D24
[2025-11-19 10:25:15] [INFO] 3005_MultiProcess_CC_calc: Created TOP_HEIGHT raster for grid E6
[2025-11-19 10:25:16] [INFO] 3005_MultiProcess_CC_calc: Created GDB for grid D24
[2025-11-19 10:25:32] [INFO] 3005_MultiProcess_CC_calc: Calculated crown cover for grid C30
[2025-11-19 10:25:41] [INFO] 3005_MultiProcess_CC_calc: Updated Crown_Closure for grid C30
[2025-11-19 10:25:41] [INFO] 3005_MultiProcess_CC_calc: Calculated crown cover for grid D4
[2025-11-19 10:25:45] [INFO] 3005_MultiProcess_CC_calc: Deleted temp GDB for grid C30
[2025-11-19 10:25:45] [INFO] 3005_MultiProcess_CC_calc: Processing grid C31
[2025-11-19 10:25:46] [INFO] 3005_MultiProcess_CC_calc: Created GDB for grid C31
[2025-11-19 10:25:51] [INFO] 3005_MultiProcess_CC_calc: Updated Crown_Closure for grid D4
[2025-11-19 10:25:52] [INFO] 3005_MultiProcess_CC_calc: Created TOP_HEIGHT raster for grid D24
[2025-11-19 10:25:54] [INFO] 3005_MultiProcess_CC_calc: Deleted temp GDB for grid D4
[2025-11-19 10:25:54] [INFO] 3005_MultiProcess_CC_calc: Processing grid D5
[2025-11-19 10:25:57] [INFO] 3005_MultiProcess_CC_calc: Created GDB for grid D5
[2025-11-19 10:26:17] [INFO] 3005_MultiProcess_CC_calc: Calculated crown cover for grid B8
[2025-11-19 10:26:21] [INFO] 3005_MultiProcess_CC_calc: Updated Crown_Closure for grid B8
[2025-11-19 10:26:23] [INFO] 3005_MultiProcess_CC_calc: Created TOP_HEIGHT raster for grid C31
[2025-11-19 10:26:25] [INFO] 3005_MultiProcess_CC_calc: Deleted temp GDB for grid B8
[2025-11-19 10:26:25] [INFO] 3005_MultiProcess_CC_calc: Processing grid C1
[2025-11-19 10:26:26] [INFO] 3005_MultiProcess_CC_calc: Created GDB for grid C1
[2025-11-19 10:26:34] [INFO] 3005_MultiProcess_CC_calc: Created TOP_HEIGHT raster for grid D5
[2025-11-19 10:26:40] [INFO] 3005_MultiProcess_CC_calc: Calculated crown cover for grid A27
[2025-11-19 10:26:48] [INFO] 3005_MultiProcess_CC_calc: Updated Crown_Closure for grid A27
[2025-11-19 10:26:51] [INFO] 3005_MultiProcess_CC_calc: Deleted temp GDB for grid A27
[2025-11-19 10:26:51] [INFO] 3005_MultiProcess_CC_calc: Processing grid A28
[2025-11-19 10:26:53] [INFO] 3005_MultiProcess_CC_calc: Created GDB for grid A28
[2025-11-19 10:26:57] [INFO] 3005_MultiProcess_CC_calc: Created TOP_HEIGHT raster for grid C1
[2025-11-19 10:27:19] [INFO] 3005_MultiProcess_CC_calc: Calculated crown cover for grid E26
[2025-11-19 10:27:28] [INFO] 3005_MultiProcess_CC_calc: Created TOP_HEIGHT raster for grid A28
[2025-11-19 10:27:29] [INFO] 3005_MultiProcess_CC_calc: Updated Crown_Closure for grid E26
[2025-11-19 10:27:32] [INFO] 3005_MultiProcess_CC_calc: Deleted temp GDB for grid E26
[2025-11-19 10:27:32] [INFO] 3005_MultiProcess_CC_calc: Processing grid E27
[2025-11-19 10:27:33] [INFO] 3005_MultiProcess_CC_calc: Created GDB for grid E27
[2025-11-19 10:27:41] [INFO] 3005_MultiProcess_CC_calc: Calculated crown cover for grid B25
[2025-11-19 10:27:50] [INFO] 3005_MultiProcess_CC_calc: Calculated crown cover for grid E6
[2025-11-19 10:27:51] [INFO] 3005_MultiProcess_CC_calc: Updated Crown_Closure for grid B25
[2025-11-19 10:27:54] [INFO] 3005_MultiProcess_CC_calc: Deleted temp GDB for grid B25
[2025-11-19 10:27:54] [INFO] 3005_MultiProcess_CC_calc: Processing grid B26
[2025-11-19 10:27:55] [INFO] 3005_MultiProcess_CC_calc: Created GDB for grid B26
[2025-11-19 10:27:59] [INFO] 3005_MultiProcess_CC_calc: Updated Crown_Closure for grid E6
[2025-11-19 10:28:02] [INFO] 3005_MultiProcess_CC_calc: Deleted temp GDB for grid E6
[2025-11-19 10:28:02] [INFO] 3005_MultiProcess_CC_calc: Processing grid E7
[2025-11-19 10:28:03] [INFO] 3005_MultiProcess_CC_calc: Created GDB for grid E7
[2025-11-19 10:28:09] [INFO] 3005_MultiProcess_CC_calc: Created TOP_HEIGHT raster for grid E27
[2025-11-19 10:28:11] [INFO] 3005_MultiProcess_CC_calc: Calculated crown cover for grid D24
[2025-11-19 10:28:21] [INFO] 3005_MultiProcess_CC_calc: Updated Crown_Closure for grid D24
[2025-11-19 10:28:24] [INFO] 3005_MultiProcess_CC_calc: Deleted temp GDB for grid D24
[2025-11-19 10:28:25] [INFO] 3005_MultiProcess_CC_calc: Processing grid D25
[2025-11-19 10:28:26] [INFO] 3005_MultiProcess_CC_calc: Created GDB for grid D25
[2025-11-19 10:28:33] [INFO] 3005_MultiProcess_CC_calc: Created TOP_HEIGHT raster for grid B26
[2025-11-19 10:28:34] [INFO] 3005_MultiProcess_CC_calc: Calculated crown cover for grid C1
[2025-11-19 10:28:39] [INFO] 3005_MultiProcess_CC_calc: Updated Crown_Closure for grid C1
[2025-11-19 10:28:43] [INFO] 3005_MultiProcess_CC_calc: Deleted temp GDB for grid C1
[2025-11-19 10:28:43] [INFO] 3005_MultiProcess_CC_calc: Processing grid C2
[2025-11-19 10:28:44] [INFO] 3005_MultiProcess_CC_calc: Created TOP_HEIGHT raster for grid E7
[2025-11-19 10:28:45] [INFO] 3005_MultiProcess_CC_calc: Created GDB for grid C2
[2025-11-19 10:29:01] [INFO] 3005_MultiProcess_CC_calc: Calculated crown cover for grid C31
[2025-11-19 10:29:12] [INFO] 3005_MultiProcess_CC_calc: Updated Crown_Closure for grid C31
[2025-11-19 10:29:13] [INFO] 3005_MultiProcess_CC_calc: Created TOP_HEIGHT raster for grid D25
[2025-11-19 10:29:14] [INFO] 3005_MultiProcess_CC_calc: Calculated crown cover for grid D5
[2025-11-19 10:29:16] [INFO] 3005_MultiProcess_CC_calc: Deleted temp GDB for grid C31
[2025-11-19 10:29:16] [INFO] 3005_MultiProcess_CC_calc: Processing grid C32
[2025-11-19 10:29:18] [INFO] 3005_MultiProcess_CC_calc: Created GDB for grid C32
[2025-11-19 10:29:23] [INFO] 3005_MultiProcess_CC_calc: Updated Crown_Closure for grid D5
[2025-11-19 10:29:28] [INFO] 3005_MultiProcess_CC_calc: Deleted temp GDB for grid D5
[2025-11-19 10:29:28] [INFO] 3005_MultiProcess_CC_calc: Processing grid D6
[2025-11-19 10:29:30] [INFO] 3005_MultiProcess_CC_calc: Created GDB for grid D6
[2025-11-19 10:29:30] [INFO] 3005_MultiProcess_CC_calc: Created TOP_HEIGHT raster for grid C2
[2025-11-19 10:29:37] [INFO] 3005_MultiProcess_CC_calc: Calculated crown cover for grid A28
[2025-11-19 10:29:46] [INFO] 3005_MultiProcess_CC_calc: Updated Crown_Closure for grid A28
[2025-11-19 10:29:49] [INFO] 3005_MultiProcess_CC_calc: Deleted temp GDB for grid A28
[2025-11-19 10:29:49] [INFO] 3005_MultiProcess_CC_calc: Processing grid A29
[2025-11-19 10:29:51] [INFO] 3005_MultiProcess_CC_calc: Created GDB for grid A29
[2025-11-19 10:29:58] [INFO] 3005_MultiProcess_CC_calc: Created TOP_HEIGHT raster for grid C32
[2025-11-19 10:30:14] [INFO] 3005_MultiProcess_CC_calc: Created TOP_HEIGHT raster for grid D6
[2025-11-19 10:30:26] [INFO] 3005_MultiProcess_CC_calc: Calculated crown cover for grid E27
[2025-11-19 10:30:28] [INFO] 3005_MultiProcess_CC_calc: Created TOP_HEIGHT raster for grid A29
[2025-11-19 10:30:35] [INFO] 3005_MultiProcess_CC_calc: Updated Crown_Closure for grid E27
[2025-11-19 10:30:38] [INFO] 3005_MultiProcess_CC_calc: Deleted temp GDB for grid E27
[2025-11-19 10:30:38] [INFO] 3005_MultiProcess_CC_calc: Processing grid E28
[2025-11-19 10:30:39] [INFO] 3005_MultiProcess_CC_calc: Created GDB for grid E28
[2025-11-19 10:31:10] [INFO] 3005_MultiProcess_CC_calc: Created TOP_HEIGHT raster for grid E28
[2025-11-19 10:31:20] [INFO] 3005_MultiProcess_CC_calc: Calculated crown cover for grid B26
[2025-11-19 10:31:29] [INFO] 3005_MultiProcess_CC_calc: Updated Crown_Closure for grid B26
[2025-11-19 10:31:32] [INFO] 3005_MultiProcess_CC_calc: Deleted temp GDB for grid B26
[2025-11-19 10:31:32] [INFO] 3005_MultiProcess_CC_calc: Processing grid B27
[2025-11-19 10:31:32] [INFO] 3005_MultiProcess_CC_calc: Created GDB for grid B27
[2025-11-19 10:31:34] [INFO] 3005_MultiProcess_CC_calc: Calculated crown cover for grid E7
[2025-11-19 10:31:43] [INFO] 3005_MultiProcess_CC_calc: Updated Crown_Closure for grid E7
[2025-11-19 10:31:45] [INFO] 3005_MultiProcess_CC_calc: Deleted temp GDB for grid E7
[2025-11-19 10:31:45] [INFO] 3005_MultiProcess_CC_calc: Processing grid E8
[2025-11-19 10:31:46] [INFO] 3005_MultiProcess_CC_calc: Created GDB for grid E8
[2025-11-19 10:31:59] [INFO] 3005_MultiProcess_CC_calc: Created TOP_HEIGHT raster for grid B27
[2025-11-19 10:32:03] [INFO] 3005_MultiProcess_CC_calc: Calculated crown cover for grid D25
[2025-11-19 10:32:12] [INFO] 3005_MultiProcess_CC_calc: Updated Crown_Closure for grid D25
[2025-11-19 10:32:13] [INFO] 3005_MultiProcess_CC_calc: Created TOP_HEIGHT raster for grid E8
[2025-11-19 10:32:16] [INFO] 3005_MultiProcess_CC_calc: Deleted temp GDB for grid D25
[2025-11-19 10:32:16] [INFO] 3005_MultiProcess_CC_calc: Processing grid D26
[2025-11-19 10:32:18] [INFO] 3005_MultiProcess_CC_calc: Created GDB for grid D26
[2025-11-19 10:32:43] [INFO] 3005_MultiProcess_CC_calc: Calculated crown cover for grid C2
[2025-11-19 10:32:50] [INFO] 3005_MultiProcess_CC_calc: Calculated crown cover for grid C32
[2025-11-19 10:32:54] [INFO] 3005_MultiProcess_CC_calc: Updated Crown_Closure for grid C2
[2025-11-19 10:32:58] [INFO] 3005_MultiProcess_CC_calc: Deleted temp GDB for grid C2
[2025-11-19 10:32:58] [INFO] 3005_MultiProcess_CC_calc: Processing grid C20
[2025-11-19 10:32:59] [INFO] 3005_MultiProcess_CC_calc: Updated Crown_Closure for grid C32
[2025-11-19 10:32:59] [INFO] 3005_MultiProcess_CC_calc: Created TOP_HEIGHT raster for grid D26
[2025-11-19 10:33:00] [INFO] 3005_MultiProcess_CC_calc: Created GDB for grid C20
[2025-11-19 10:33:03] [INFO] 3005_MultiProcess_CC_calc: Calculated crown cover for grid A29
[2025-11-19 10:33:04] [INFO] 3005_MultiProcess_CC_calc: Deleted temp GDB for grid C32
[2025-11-19 10:33:04] [INFO] 3005_MultiProcess_CC_calc: Processing grid C33
[2025-11-19 10:33:06] [INFO] 3005_MultiProcess_CC_calc: Created GDB for grid C33
[2025-11-19 10:33:11] [INFO] 3005_MultiProcess_CC_calc: Calculated crown cover for grid D6
[2025-11-19 10:33:11] [INFO] 3005_MultiProcess_CC_calc: Updated Crown_Closure for grid A29
[2025-11-19 10:33:14] [INFO] 3005_MultiProcess_CC_calc: Deleted temp GDB for grid A29
[2025-11-19 10:33:14] [INFO] 3005_MultiProcess_CC_calc: Processing grid A30
[2025-11-19 10:33:16] [INFO] 3005_MultiProcess_CC_calc: Created GDB for grid A30
[2025-11-19 10:33:21] [INFO] 3005_MultiProcess_CC_calc: Updated Crown_Closure for grid D6
[2025-11-19 10:33:25] [INFO] 3005_MultiProcess_CC_calc: Deleted temp GDB for grid D6
[2025-11-19 10:33:25] [INFO] 3005_MultiProcess_CC_calc: Processing grid D7
[2025-11-19 10:33:27] [INFO] 3005_MultiProcess_CC_calc: Created GDB for grid D7
[2025-11-19 10:33:30] [INFO] 3005_MultiProcess_CC_calc: Calculated crown cover for grid E28
[2025-11-19 10:33:35] [INFO] 3005_MultiProcess_CC_calc: Created TOP_HEIGHT raster for grid C20
[2025-11-19 10:33:40] [INFO] 3005_MultiProcess_CC_calc: Updated Crown_Closure for grid E28
[2025-11-19 10:33:41] [INFO] 3005_MultiProcess_CC_calc: Created TOP_HEIGHT raster for grid C33
[2025-11-19 10:33:45] [INFO] 3005_MultiProcess_CC_calc: Deleted temp GDB for grid E28
[2025-11-19 10:33:45] [INFO] 3005_MultiProcess_CC_calc: Processing grid E29
[2025-11-19 10:33:48] [INFO] 3005_MultiProcess_CC_calc: Created GDB for grid E29
[2025-11-19 10:33:55] [INFO] 3005_MultiProcess_CC_calc: Created TOP_HEIGHT raster for grid A30
[2025-11-19 10:34:10] [INFO] 3005_MultiProcess_CC_calc: Created TOP_HEIGHT raster for grid D7
[2025-11-19 10:34:10] [INFO] 3005_MultiProcess_CC_calc: Calculated crown cover for grid B27
[2025-11-19 10:34:20] [INFO] 3005_MultiProcess_CC_calc: Updated Crown_Closure for grid B27
[2025-11-19 10:34:24] [INFO] 3005_MultiProcess_CC_calc: Deleted temp GDB for grid B27
[2025-11-19 10:34:24] [INFO] 3005_MultiProcess_CC_calc: Processing grid B28
[2025-11-19 10:34:26] [INFO] 3005_MultiProcess_CC_calc: Created GDB for grid B28
[2025-11-19 10:34:32] [INFO] 3005_MultiProcess_CC_calc: Created TOP_HEIGHT raster for grid E29
[2025-11-19 10:34:38] [INFO] 3005_MultiProcess_CC_calc: Calculated crown cover for grid E8
[2025-11-19 10:34:48] [INFO] 3005_MultiProcess_CC_calc: Updated Crown_Closure for grid E8
[2025-11-19 10:34:52] [INFO] 3005_MultiProcess_CC_calc: Deleted temp GDB for grid E8
[2025-11-19 10:34:52] [INFO] 3005_MultiProcess_CC_calc: Processing grid E9
[2025-11-19 10:34:54] [INFO] 3005_MultiProcess_CC_calc: Created GDB for grid E9
[2025-11-19 10:35:05] [INFO] 3005_MultiProcess_CC_calc: Created TOP_HEIGHT raster for grid B28
[2025-11-19 10:35:18] [INFO] 3005_MultiProcess_CC_calc: Created TOP_HEIGHT raster for grid E9
[2025-11-19 10:35:20] [INFO] 3005_MultiProcess_CC_calc: Calculated crown cover for grid D26
[2025-11-19 10:35:30] [INFO] 3005_MultiProcess_CC_calc: Updated Crown_Closure for grid D26
[2025-11-19 10:35:30] [INFO] 3005_MultiProcess_CC_calc: Calculated crown cover for grid C20
[2025-11-19 10:35:32] [INFO] 3005_MultiProcess_CC_calc: Deleted temp GDB for grid D26
[2025-11-19 10:35:32] [INFO] 3005_MultiProcess_CC_calc: Processing grid D27
[2025-11-19 10:35:33] [INFO] 3005_MultiProcess_CC_calc: Created GDB for grid D27
[2025-11-19 10:35:35] [INFO] 3005_MultiProcess_CC_calc: Updated Crown_Closure for grid C20
[2025-11-19 10:35:39] [INFO] 3005_MultiProcess_CC_calc: Deleted temp GDB for grid C20
[2025-11-19 10:35:39] [INFO] 3005_MultiProcess_CC_calc: Processing grid C21
[2025-11-19 10:35:40] [INFO] 3005_MultiProcess_CC_calc: Created GDB for grid C21
[2025-11-19 10:36:02] [INFO] 3005_MultiProcess_CC_calc: Created TOP_HEIGHT raster for grid D27
[2025-11-19 10:36:14] [INFO] 3005_MultiProcess_CC_calc: Created TOP_HEIGHT raster for grid C21
[2025-11-19 10:36:27] [INFO] 3005_MultiProcess_CC_calc: Calculated crown cover for grid A30
[2025-11-19 10:36:30] [INFO] 3005_MultiProcess_CC_calc: Calculated crown cover for grid E9
[2025-11-19 10:36:33] [INFO] 3005_MultiProcess_CC_calc: Updated Crown_Closure for grid E9
[2025-11-19 10:36:34] [INFO] 3005_MultiProcess_CC_calc: Calculated crown cover for grid C33
[2025-11-19 10:36:36] [INFO] 3005_MultiProcess_CC_calc: Deleted temp GDB for grid E9
[2025-11-19 10:36:36] [INFO] 3005_MultiProcess_CC_calc: Processing grid F1
[2025-11-19 10:36:36] [INFO] 3005_MultiProcess_CC_calc: Updated Crown_Closure for grid A30
[2025-11-19 10:36:38] [INFO] 3005_MultiProcess_CC_calc: Created GDB for grid F1
[2025-11-19 10:36:40] [INFO] 3005_MultiProcess_CC_calc: Deleted temp GDB for grid A30
[2025-11-19 10:36:40] [INFO] 3005_MultiProcess_CC_calc: Processing grid A31
[2025-11-19 10:36:42] [INFO] 3005_MultiProcess_CC_calc: Created GDB for grid A31
[2025-11-19 10:36:42] [INFO] 3005_MultiProcess_CC_calc: Updated Crown_Closure for grid C33
[2025-11-19 10:36:47] [INFO] 3005_MultiProcess_CC_calc: Deleted temp GDB for grid C33
[2025-11-19 10:36:47] [INFO] 3005_MultiProcess_CC_calc: Processing grid C34
[2025-11-19 10:36:49] [INFO] 3005_MultiProcess_CC_calc: Created GDB for grid C34
[2025-11-19 10:36:57] [INFO] 3005_MultiProcess_CC_calc: Calculated crown cover for grid D7
[2025-11-19 10:37:07] [INFO] 3005_MultiProcess_CC_calc: Updated Crown_Closure for grid D7
[2025-11-19 10:37:10] [INFO] 3005_MultiProcess_CC_calc: Deleted temp GDB for grid D7
[2025-11-19 10:37:10] [INFO] 3005_MultiProcess_CC_calc: Processing grid D8
[2025-11-19 10:37:12] [INFO] 3005_MultiProcess_CC_calc: Created GDB for grid D8
[2025-11-19 10:37:13] [INFO] 3005_MultiProcess_CC_calc: Created TOP_HEIGHT raster for grid F1
[2025-11-19 10:37:24] [INFO] 3005_MultiProcess_CC_calc: Created TOP_HEIGHT raster for grid A31
[2025-11-19 10:37:24] [INFO] 3005_MultiProcess_CC_calc: Calculated crown cover for grid E29
[2025-11-19 10:37:29] [INFO] 3005_MultiProcess_CC_calc: Calculated crown cover for grid B28
[2025-11-19 10:37:33] [INFO] 3005_MultiProcess_CC_calc: Created TOP_HEIGHT raster for grid C34
[2025-11-19 10:37:34] [INFO] 3005_MultiProcess_CC_calc: Updated Crown_Closure for grid E29
[2025-11-19 10:37:39] [INFO] 3005_MultiProcess_CC_calc: Deleted temp GDB for grid E29
[2025-11-19 10:37:39] [INFO] 3005_MultiProcess_CC_calc: Processing grid E3
[2025-11-19 10:37:39] [INFO] 3005_MultiProcess_CC_calc: Updated Crown_Closure for grid B28
[2025-11-19 10:37:41] [INFO] 3005_MultiProcess_CC_calc: Created GDB for grid E3
[2025-11-19 10:37:43] [INFO] 3005_MultiProcess_CC_calc: Deleted temp GDB for grid B28
[2025-11-19 10:37:43] [INFO] 3005_MultiProcess_CC_calc: Processing grid B29
[2025-11-19 10:37:46] [INFO] 3005_MultiProcess_CC_calc: Created GDB for grid B29
[2025-11-19 10:37:51] [INFO] 3005_MultiProcess_CC_calc: Created TOP_HEIGHT raster for grid D8
[2025-11-19 10:38:26] [INFO] 3005_MultiProcess_CC_calc: Created TOP_HEIGHT raster for grid E3
[2025-11-19 10:38:27] [INFO] 3005_MultiProcess_CC_calc: Calculated crown cover for grid D27
[2025-11-19 10:38:30] [INFO] 3005_MultiProcess_CC_calc: Created TOP_HEIGHT raster for grid B29
[2025-11-19 10:38:37] [INFO] 3005_MultiProcess_CC_calc: Updated Crown_Closure for grid D27
[2025-11-19 10:38:41] [INFO] 3005_MultiProcess_CC_calc: Deleted temp GDB for grid D27
[2025-11-19 10:38:41] [INFO] 3005_MultiProcess_CC_calc: Processing grid D28
[2025-11-19 10:38:43] [INFO] 3005_MultiProcess_CC_calc: Created GDB for grid D28
[2025-11-19 10:38:43] [INFO] 3005_MultiProcess_CC_calc: Calculated crown cover for grid C21
[2025-11-19 10:38:53] [INFO] 3005_MultiProcess_CC_calc: Updated Crown_Closure for grid C21
[2025-11-19 10:38:56] [INFO] 3005_MultiProcess_CC_calc: Deleted temp GDB for grid C21
[2025-11-19 10:38:56] [INFO] 3005_MultiProcess_CC_calc: Processing grid C22
[2025-11-19 10:38:58] [INFO] 3005_MultiProcess_CC_calc: Created GDB for grid C22
[2025-11-19 10:39:10] [INFO] 3005_MultiProcess_CC_calc: Calculated crown cover for grid F1
[2025-11-19 10:39:16] [INFO] 3005_MultiProcess_CC_calc: Updated Crown_Closure for grid F1
[2025-11-19 10:39:18] [INFO] 3005_MultiProcess_CC_calc: Deleted temp GDB for grid F1
[2025-11-19 10:39:18] [INFO] 3005_MultiProcess_CC_calc: Processing grid F2
[2025-11-19 10:39:18] [INFO] 3005_MultiProcess_CC_calc: Created TOP_HEIGHT raster for grid D28
[2025-11-19 10:39:19] [INFO] 3005_MultiProcess_CC_calc: Created GDB for grid F2
[2025-11-19 10:39:29] [INFO] 3005_MultiProcess_CC_calc: Created TOP_HEIGHT raster for grid C22
[2025-11-19 10:39:47] [INFO] 3005_MultiProcess_CC_calc: Created TOP_HEIGHT raster for grid F2
[2025-11-19 10:40:15] [INFO] 3005_MultiProcess_CC_calc: Calculated crown cover for grid C34
[2025-11-19 10:40:25] [INFO] 3005_MultiProcess_CC_calc: Calculated crown cover for grid A31
[2025-11-19 10:40:25] [INFO] 3005_MultiProcess_CC_calc: Updated Crown_Closure for grid C34
[2025-11-19 10:40:28] [INFO] 3005_MultiProcess_CC_calc: Deleted temp GDB for grid C34
[2025-11-19 10:40:28] [INFO] 3005_MultiProcess_CC_calc: Processing grid C35
[2025-11-19 10:40:29] [INFO] 3005_MultiProcess_CC_calc: Created GDB for grid C35
[2025-11-19 10:40:33] [INFO] 3005_MultiProcess_CC_calc: Calculated crown cover for grid D8
[2025-11-19 10:40:33] [INFO] 3005_MultiProcess_CC_calc: Updated Crown_Closure for grid A31
[2025-11-19 10:40:35] [INFO] 3005_MultiProcess_CC_calc: Deleted temp GDB for grid A31
[2025-11-19 10:40:35] [INFO] 3005_MultiProcess_CC_calc: Processing grid A32
[2025-11-19 10:40:37] [INFO] 3005_MultiProcess_CC_calc: Created GDB for grid A32
[2025-11-19 10:40:40] [INFO] 3005_MultiProcess_CC_calc: Updated Crown_Closure for grid D8
[2025-11-19 10:40:44] [INFO] 3005_MultiProcess_CC_calc: Deleted temp GDB for grid D8
[2025-11-19 10:40:44] [INFO] 3005_MultiProcess_CC_calc: Processing grid D9
[2025-11-19 10:40:46] [INFO] 3005_MultiProcess_CC_calc: Created GDB for grid D9
[2025-11-19 10:41:01] [INFO] 3005_MultiProcess_CC_calc: Created TOP_HEIGHT raster for grid C35
[2025-11-19 10:41:03] [INFO] 3005_MultiProcess_CC_calc: Created TOP_HEIGHT raster for grid D9
[2025-11-19 10:41:10] [INFO] 3005_MultiProcess_CC_calc: Created TOP_HEIGHT raster for grid A32
[2025-11-19 10:41:11] [INFO] 3005_MultiProcess_CC_calc: Calculated crown cover for grid B29
[2025-11-19 10:41:19] [INFO] 3005_MultiProcess_CC_calc: Calculated crown cover for grid E3
[2025-11-19 10:41:21] [INFO] 3005_MultiProcess_CC_calc: Updated Crown_Closure for grid B29
[2025-11-19 10:41:25] [INFO] 3005_MultiProcess_CC_calc: Deleted temp GDB for grid B29
[2025-11-19 10:41:25] [INFO] 3005_MultiProcess_CC_calc: Processing grid B3
[2025-11-19 10:41:27] [INFO] 3005_MultiProcess_CC_calc: Created GDB for grid B3
[2025-11-19 10:41:29] [INFO] 3005_MultiProcess_CC_calc: Updated Crown_Closure for grid E3
[2025-11-19 10:41:35] [INFO] 3005_MultiProcess_CC_calc: Deleted temp GDB for grid E3
[2025-11-19 10:41:35] [INFO] 3005_MultiProcess_CC_calc: Processing grid E30
[2025-11-19 10:41:38] [INFO] 3005_MultiProcess_CC_calc: Created GDB for grid E30
[2025-11-19 10:41:56] [INFO] 3005_MultiProcess_CC_calc: Calculated crown cover for grid D28
[2025-11-19 10:42:03] [INFO] 3005_MultiProcess_CC_calc: Calculated crown cover for grid D9
[2025-11-19 10:42:04] [INFO] 3005_MultiProcess_CC_calc: Updated Crown_Closure for grid D9
[2025-11-19 10:42:07] [INFO] 3005_MultiProcess_CC_calc: Updated Crown_Closure for grid D28
[2025-11-19 10:42:07] [INFO] 3005_MultiProcess_CC_calc: Deleted temp GDB for grid D9
[2025-11-19 10:42:07] [INFO] 3005_MultiProcess_CC_calc: Processing grid E1
[2025-11-19 10:42:08] [INFO] 3005_MultiProcess_CC_calc: Calculated crown cover for grid F2
[2025-11-19 10:42:09] [INFO] 3005_MultiProcess_CC_calc: Calculated crown cover for grid C22
[2025-11-19 10:42:10] [INFO] 3005_MultiProcess_CC_calc: Created GDB for grid E1
[2025-11-19 10:42:10] [INFO] 3005_MultiProcess_CC_calc: Created TOP_HEIGHT raster for grid B3
[2025-11-19 10:42:11] [INFO] 3005_MultiProcess_CC_calc: Deleted temp GDB for grid D28
[2025-11-19 10:42:11] [INFO] 3005_MultiProcess_CC_calc: Processing grid D29
[2025-11-19 10:42:12] [INFO] 3005_MultiProcess_CC_calc: Created GDB for grid D29
[2025-11-19 10:42:15] [INFO] 3005_MultiProcess_CC_calc: Updated Crown_Closure for grid F2
[2025-11-19 10:42:18] [INFO] 3005_MultiProcess_CC_calc: Deleted temp GDB for grid F2
[2025-11-19 10:42:19] [INFO] 3005_MultiProcess_CC_calc: Processing grid F20
[2025-11-19 10:42:19] [INFO] 3005_MultiProcess_CC_calc: Updated Crown_Closure for grid C22
[2025-11-19 10:42:20] [INFO] 3005_MultiProcess_CC_calc: Created GDB for grid F20
[2025-11-19 10:42:22] [INFO] 3005_MultiProcess_CC_calc: Created TOP_HEIGHT raster for grid E30
[2025-11-19 10:42:23] [INFO] 3005_MultiProcess_CC_calc: Deleted temp GDB for grid C22
[2025-11-19 10:42:23] [INFO] 3005_MultiProcess_CC_calc: Processing grid C23
[2025-11-19 10:42:25] [INFO] 3005_MultiProcess_CC_calc: Created GDB for grid C23
[2025-11-19 10:42:46] [INFO] 3005_MultiProcess_CC_calc: Created TOP_HEIGHT raster for grid E1
[2025-11-19 10:42:53] [INFO] 3005_MultiProcess_CC_calc: Created TOP_HEIGHT raster for grid F20
[2025-11-19 10:42:53] [INFO] 3005_MultiProcess_CC_calc: Created TOP_HEIGHT raster for grid D29
[2025-11-19 10:43:08] [INFO] 3005_MultiProcess_CC_calc: Created TOP_HEIGHT raster for grid C23
[2025-11-19 10:43:28] [INFO] 3005_MultiProcess_CC_calc: Calculated crown cover for grid C35
[2025-11-19 10:43:37] [INFO] 3005_MultiProcess_CC_calc: Updated Crown_Closure for grid C35
[2025-11-19 10:43:41] [INFO] 3005_MultiProcess_CC_calc: Deleted temp GDB for grid C35
[2025-11-19 10:43:41] [INFO] 3005_MultiProcess_CC_calc: Processing grid C36
[2025-11-19 10:43:43] [INFO] 3005_MultiProcess_CC_calc: Created GDB for grid C36
[2025-11-19 10:43:43] [INFO] 3005_MultiProcess_CC_calc: Calculated crown cover for grid A32
[2025-11-19 10:43:52] [INFO] 3005_MultiProcess_CC_calc: Updated Crown_Closure for grid A32
[2025-11-19 10:43:55] [INFO] 3005_MultiProcess_CC_calc: Deleted temp GDB for grid A32
[2025-11-19 10:43:55] [INFO] 3005_MultiProcess_CC_calc: Processing grid A33
[2025-11-19 10:43:56] [INFO] 3005_MultiProcess_CC_calc: Created GDB for grid A33
[2025-11-19 10:44:02] [INFO] 3005_MultiProcess_CC_calc: Created TOP_HEIGHT raster for grid C36
[2025-11-19 10:44:06] [INFO] 3005_MultiProcess_CC_calc: Calculated crown cover for grid B3
[2025-11-19 10:44:13] [INFO] 3005_MultiProcess_CC_calc: Updated Crown_Closure for grid B3
[2025-11-19 10:44:13] [INFO] 3005_MultiProcess_CC_calc: Created TOP_HEIGHT raster for grid A33
[2025-11-19 10:44:15] [INFO] 3005_MultiProcess_CC_calc: Deleted temp GDB for grid B3
[2025-11-19 10:44:15] [INFO] 3005_MultiProcess_CC_calc: Processing grid B30
[2025-11-19 10:44:16] [INFO] 3005_MultiProcess_CC_calc: Created GDB for grid B30
[2025-11-19 10:44:46] [INFO] 3005_MultiProcess_CC_calc: Created TOP_HEIGHT raster for grid B30
[2025-11-19 10:44:46] [INFO] 3005_MultiProcess_CC_calc: Calculated crown cover for grid F20
[2025-11-19 10:44:51] [INFO] 3005_MultiProcess_CC_calc: Updated Crown_Closure for grid F20
[2025-11-19 10:44:52] [INFO] 3005_MultiProcess_CC_calc: Deleted temp GDB for grid F20
[2025-11-19 10:44:52] [INFO] 3005_MultiProcess_CC_calc: Processing grid F21
[2025-11-19 10:44:54] [INFO] 3005_MultiProcess_CC_calc: Created GDB for grid F21
[2025-11-19 10:45:11] [INFO] 3005_MultiProcess_CC_calc: Calculated crown cover for grid C36
[2025-11-19 10:45:14] [INFO] 3005_MultiProcess_CC_calc: Updated Crown_Closure for grid C36
[2025-11-19 10:45:18] [INFO] 3005_MultiProcess_CC_calc: Deleted temp GDB for grid C36
[2025-11-19 10:45:19] [INFO] 3005_MultiProcess_CC_calc: Processing grid C4
[2025-11-19 10:45:21] [INFO] 3005_MultiProcess_CC_calc: Created GDB for grid C4
[2025-11-19 10:45:27] [INFO] 3005_MultiProcess_CC_calc: Calculated crown cover for grid E30
[2025-11-19 10:45:29] [INFO] 3005_MultiProcess_CC_calc: Calculated crown cover for grid A33
[2025-11-19 10:45:31] [INFO] 3005_MultiProcess_CC_calc: Updated Crown_Closure for grid A33
[2025-11-19 10:45:37] [INFO] 3005_MultiProcess_CC_calc: Created TOP_HEIGHT raster for grid F21
[2025-11-19 10:45:37] [INFO] 3005_MultiProcess_CC_calc: Deleted temp GDB for grid A33
[2025-11-19 10:45:37] [INFO] 3005_MultiProcess_CC_calc: Processing grid A36
[2025-11-19 10:45:37] [INFO] 3005_MultiProcess_CC_calc: Updated Crown_Closure for grid E30
[2025-11-19 10:45:40] [INFO] 3005_MultiProcess_CC_calc: Created GDB for grid A36
[2025-11-19 10:45:42] [INFO] 3005_MultiProcess_CC_calc: Deleted temp GDB for grid E30
[2025-11-19 10:45:42] [INFO] 3005_MultiProcess_CC_calc: Processing grid E31
[2025-11-19 10:45:45] [INFO] 3005_MultiProcess_CC_calc: Created GDB for grid E31
[2025-11-19 10:45:48] [INFO] 3005_MultiProcess_CC_calc: Calculated crown cover for grid D29
[2025-11-19 10:45:59] [INFO] 3005_MultiProcess_CC_calc: Updated Crown_Closure for grid D29
[2025-11-19 10:46:02] [INFO] 3005_MultiProcess_CC_calc: Calculated crown cover for grid E1
[2025-11-19 10:46:04] [INFO] 3005_MultiProcess_CC_calc: Created TOP_HEIGHT raster for grid C4
[2025-11-19 10:46:04] [INFO] 3005_MultiProcess_CC_calc: Deleted temp GDB for grid D29
[2025-11-19 10:46:04] [INFO] 3005_MultiProcess_CC_calc: Processing grid D3
[2025-11-19 10:46:06] [INFO] 3005_MultiProcess_CC_calc: Created GDB for grid D3
[2025-11-19 10:46:08] [INFO] 3005_MultiProcess_CC_calc: Created TOP_HEIGHT raster for grid A36
[2025-11-19 10:46:10] [INFO] 3005_MultiProcess_CC_calc: Calculated crown cover for grid C23
[2025-11-19 10:46:11] [INFO] 3005_MultiProcess_CC_calc: Updated Crown_Closure for grid E1
[2025-11-19 10:46:15] [INFO] 3005_MultiProcess_CC_calc: Deleted temp GDB for grid E1
[2025-11-19 10:46:15] [INFO] 3005_MultiProcess_CC_calc: Processing grid E2
[2025-11-19 10:46:17] [INFO] 3005_MultiProcess_CC_calc: Created GDB for grid E2
[2025-11-19 10:46:20] [INFO] 3005_MultiProcess_CC_calc: Updated Crown_Closure for grid C23
[2025-11-19 10:46:25] [INFO] 3005_MultiProcess_CC_calc: Deleted temp GDB for grid C23
[2025-11-19 10:46:25] [INFO] 3005_MultiProcess_CC_calc: Processing grid C24
[2025-11-19 10:46:28] [INFO] 3005_MultiProcess_CC_calc: Created GDB for grid C24
[2025-11-19 10:46:29] [INFO] 3005_MultiProcess_CC_calc: Created TOP_HEIGHT raster for grid E31
[2025-11-19 10:46:48] [INFO] 3005_MultiProcess_CC_calc: Created TOP_HEIGHT raster for grid D3
[2025-11-19 10:46:57] [INFO] 3005_MultiProcess_CC_calc: Calculated crown cover for grid B30
[2025-11-19 10:47:02] [INFO] 3005_MultiProcess_CC_calc: Created TOP_HEIGHT raster for grid E2
[2025-11-19 10:47:06] [INFO] 3005_MultiProcess_CC_calc: Updated Crown_Closure for grid B30
[2025-11-19 10:47:09] [INFO] 3005_MultiProcess_CC_calc: Created TOP_HEIGHT raster for grid C24
[2025-11-19 10:47:10] [INFO] 3005_MultiProcess_CC_calc: Calculated crown cover for grid A36
[2025-11-19 10:47:10] [INFO] 3005_MultiProcess_CC_calc: Deleted temp GDB for grid B30
[2025-11-19 10:47:10] [INFO] 3005_MultiProcess_CC_calc: Processing grid B31
[2025-11-19 10:47:12] [INFO] 3005_MultiProcess_CC_calc: Updated Crown_Closure for grid A36
[2025-11-19 10:47:12] [INFO] 3005_MultiProcess_CC_calc: Created GDB for grid B31
[2025-11-19 10:47:15] [INFO] 3005_MultiProcess_CC_calc: Deleted temp GDB for grid A36
[2025-11-19 10:47:15] [INFO] 3005_MultiProcess_CC_calc: Processing grid B1
[2025-11-19 10:47:17] [INFO] 3005_MultiProcess_CC_calc: Created GDB for grid B1
