[2025-11-20 12:17:06] [INFO] 3006_final_edits_add_FMU: Created geodatabase: S:\1845\6\03_MappingAnalysisData\02_Data\06_Hexagon_Production\working.gdb
[2025-11-20 12:17:10] [INFO] 3006_final_edits_add_FMU: Finished dissolve, starting intersect
[2025-11-20 13:03:29] [INFO] 3006_final_edits_add_FMU: Finished intersect with NSR
[2025-11-20 13:07:17] [INFO] 3006_final_edits_add_FMU: wrote HEX_FMU.csv
[2025-11-20 16:22:21] [INFO] 3006_final_edits_add_FMU: it takes 0.0 minutes to finish the script
[2025-11-20 16:22:25] [INFO] 3006_final_edits_add_FMU: it takes 0.0 minutes to finish the script
[2025-11-20 16:22:27] [INFO] 3006_final_edits_add_FMU: it takes 0.0 minutes to finish the script
[2025-11-20 16:22:33] [INFO] 3006_final_edits_add_FMU: it takes 0.0 minutes to finish the script
[2025-11-20 16:22:35] [INFO] 3006_final_edits_add_FMU: it takes 0.0 minutes to finish the script
[2025-11-20 16:22:40] [INFO] 3006_final_edits_add_FMU: it takes 0.0 minutes to finish the script
[2025-11-20 16:22:44] [INFO] 3006_final_edits_add_FMU: it takes 0.0 minutes to finish the script
[2025-11-20 16:22:46] [INFO] 3006_final_edits_add_FMU: Processing grid: A20
[2025-11-20 16:22:46] [INFO] 3006_final_edits_add_FMU: it takes 0.0 minutes to finish the script
[2025-11-20 16:23:14] [INFO] 3006_final_edits_add_FMU: Processing grid: B2
[2025-11-20 16:23:16] [INFO] 3006_final_edits_add_FMU: Finished grid: B2
[2025-11-20 16:23:16] [INFO] 3006_final_edits_add_FMU: Processing grid: B20
[2025-11-20 16:23:22] [INFO] 3006_final_edits_add_FMU: Finished grid: B20
[2025-11-20 16:23:22] [INFO] 3006_final_edits_add_FMU: Processing grid: B21
[2025-11-20 16:23:25] [INFO] 3006_final_edits_add_FMU: Finished grid: A20
[2025-11-20 16:23:25] [INFO] 3006_final_edits_add_FMU: Processing grid: A21
[2025-11-20 16:23:30] [INFO] 3006_final_edits_add_FMU: Finished grid: B21
[2025-11-20 16:23:30] [INFO] 3006_final_edits_add_FMU: Processing grid: B22
[2025-11-20 16:23:38] [INFO] 3006_final_edits_add_FMU: Processing grid: B34
[2025-11-20 16:23:39] [INFO] 3006_final_edits_add_FMU: Finished grid: B22
[2025-11-20 16:23:39] [INFO] 3006_final_edits_add_FMU: Processing grid: B23
[2025-11-20 16:23:48] [INFO] 3006_final_edits_add_FMU: Finished grid: B23
[2025-11-20 16:23:48] [INFO] 3006_final_edits_add_FMU: Processing grid: B24
[2025-11-20 16:23:57] [INFO] 3006_final_edits_add_FMU: Finished grid: B24
[2025-11-20 16:23:57] [INFO] 3006_final_edits_add_FMU: Processing grid: B25
[2025-11-20 16:24:05] [INFO] 3006_final_edits_add_FMU: Processing grid: C26
[2025-11-20 16:24:08] [INFO] 3006_final_edits_add_FMU: Finished grid: B25
[2025-11-20 16:24:08] [INFO] 3006_final_edits_add_FMU: Processing grid: B26
[2025-11-20 16:24:18] [INFO] 3006_final_edits_add_FMU: Finished grid: B26
[2025-11-20 16:24:18] [INFO] 3006_final_edits_add_FMU: Processing grid: B27
[2025-11-20 16:24:27] [INFO] 3006_final_edits_add_FMU: Finished grid: B27
[2025-11-20 16:24:27] [INFO] 3006_final_edits_add_FMU: Processing grid: B28
[2025-11-20 16:24:37] [INFO] 3006_final_edits_add_FMU: Finished grid: B28
[2025-11-20 16:24:37] [INFO] 3006_final_edits_add_FMU: Processing grid: B29
[2025-11-20 16:24:39] [INFO] 3006_final_edits_add_FMU: Finished grid: A21
[2025-11-20 16:24:39] [INFO] 3006_final_edits_add_FMU: Processing grid: A22
[2025-11-20 16:24:40] [INFO] 3006_final_edits_add_FMU: Processing grid: C8
[2025-11-20 16:24:46] [INFO] 3006_final_edits_add_FMU: Finished grid: B29
[2025-11-20 16:24:46] [INFO] 3006_final_edits_add_FMU: Processing grid: B3
[2025-11-20 16:24:52] [INFO] 3006_final_edits_add_FMU: Finished grid: B3
[2025-11-20 16:24:52] [INFO] 3006_final_edits_add_FMU: Processing grid: B30
[2025-11-20 16:25:02] [INFO] 3006_final_edits_add_FMU: Finished grid: B30
[2025-11-20 16:25:02] [INFO] 3006_final_edits_add_FMU: Processing grid: B31
[2025-11-20 16:25:08] [INFO] 3006_final_edits_add_FMU: Processing grid: D32
[2025-11-20 16:25:12] [INFO] 3006_final_edits_add_FMU: Finished grid: B31
[2025-11-20 16:25:12] [INFO] 3006_final_edits_add_FMU: Processing grid: B32
[2025-11-20 16:25:21] [INFO] 3006_final_edits_add_FMU: Finished grid: B32
[2025-11-20 16:25:21] [INFO] 3006_final_edits_add_FMU: Processing grid: B33
[2025-11-20 16:25:27] [INFO] 3006_final_edits_add_FMU: Finished grid: B34
[2025-11-20 16:25:27] [INFO] 3006_final_edits_add_FMU: Processing grid: B35
[2025-11-20 16:25:28] [INFO] 3006_final_edits_add_FMU: Finished grid: B33
[2025-11-20 16:25:42] [INFO] 3006_final_edits_add_FMU: Processing grid: E21
[2025-11-20 16:25:59] [INFO] 3006_final_edits_add_FMU: Finished grid: C8
[2025-11-20 16:25:59] [INFO] 3006_final_edits_add_FMU: Processing grid: D1
[2025-11-20 16:26:04] [INFO] 3006_final_edits_add_FMU: Processing grid: E36
[2025-11-20 16:26:11] [INFO] 3006_final_edits_add_FMU: Finished grid: A22
[2025-11-20 16:26:11] [INFO] 3006_final_edits_add_FMU: Processing grid: A23
[2025-11-20 16:26:18] [INFO] 3006_final_edits_add_FMU: Finished grid: E36
[2025-11-20 16:26:18] [INFO] 3006_final_edits_add_FMU: Processing grid: E37
[2025-11-20 16:26:29] [INFO] 3006_final_edits_add_FMU: Processing grid: F24
[2025-11-20 16:26:33] [INFO] 3006_final_edits_add_FMU: Finished grid: E37
[2025-11-20 16:26:33] [INFO] 3006_final_edits_add_FMU: Processing grid: E38
[2025-11-20 16:26:44] [INFO] 3006_final_edits_add_FMU: Finished grid: E38
[2025-11-20 16:26:44] [INFO] 3006_final_edits_add_FMU: Processing grid: E39
[2025-11-20 16:26:44] [INFO] 3006_final_edits_add_FMU: Finished grid: E39
[2025-11-20 16:26:44] [INFO] 3006_final_edits_add_FMU: Processing grid: E4
[2025-11-20 16:26:58] [INFO] 3006_final_edits_add_FMU: Finished grid: E4
[2025-11-20 16:26:58] [INFO] 3006_final_edits_add_FMU: Processing grid: E5
[2025-11-20 16:27:01] [INFO] 3006_final_edits_add_FMU: Finished grid: C26
[2025-11-20 16:27:01] [INFO] 3006_final_edits_add_FMU: Processing grid: C27
[2025-11-20 16:27:12] [INFO] 3006_final_edits_add_FMU: Finished grid: E5
[2025-11-20 16:27:12] [INFO] 3006_final_edits_add_FMU: Processing grid: E6
[2025-11-20 16:27:21] [INFO] 3006_final_edits_add_FMU: Finished grid: D32
[2025-11-20 16:27:21] [INFO] 3006_final_edits_add_FMU: Processing grid: D33
[2025-11-20 16:27:21] [INFO] 3006_final_edits_add_FMU: Finished grid: B35
[2025-11-20 16:27:21] [INFO] 3006_final_edits_add_FMU: Processing grid: B36
[2025-11-20 16:27:27] [INFO] 3006_final_edits_add_FMU: Finished grid: E6
[2025-11-20 16:27:27] [INFO] 3006_final_edits_add_FMU: Processing grid: E7
[2025-11-20 16:27:34] [INFO] 3006_final_edits_add_FMU: Finished grid: D1
[2025-11-20 16:27:34] [INFO] 3006_final_edits_add_FMU: Processing grid: D2
[2025-11-20 16:27:42] [INFO] 3006_final_edits_add_FMU: Finished grid: E7
[2025-11-20 16:27:42] [INFO] 3006_final_edits_add_FMU: Processing grid: E8
[2025-11-20 16:27:56] [INFO] 3006_final_edits_add_FMU: Finished grid: E8
[2025-11-20 16:27:56] [INFO] 3006_final_edits_add_FMU: Processing grid: E9
[2025-11-20 16:27:59] [INFO] 3006_final_edits_add_FMU: Finished grid: A23
[2025-11-20 16:27:59] [INFO] 3006_final_edits_add_FMU: Processing grid: A24
[2025-11-20 16:27:59] [INFO] 3006_final_edits_add_FMU: Finished grid: E9
[2025-11-20 16:27:59] [INFO] 3006_final_edits_add_FMU: Processing grid: F1
[2025-11-20 16:28:07] [INFO] 3006_final_edits_add_FMU: Finished grid: F1
[2025-11-20 16:28:07] [INFO] 3006_final_edits_add_FMU: Processing grid: F2
[2025-11-20 16:28:17] [INFO] 3006_final_edits_add_FMU: Finished grid: F2
[2025-11-20 16:28:17] [INFO] 3006_final_edits_add_FMU: Processing grid: F20
[2025-11-20 16:28:24] [INFO] 3006_final_edits_add_FMU: Finished grid: F20
[2025-11-20 16:28:24] [INFO] 3006_final_edits_add_FMU: Processing grid: F21
[2025-11-20 16:28:25] [INFO] 3006_final_edits_add_FMU: Finished grid: B36
[2025-11-20 16:28:25] [INFO] 3006_final_edits_add_FMU: Processing grid: B4
[2025-11-20 16:28:39] [INFO] 3006_final_edits_add_FMU: Finished grid: F21
[2025-11-20 16:28:39] [INFO] 3006_final_edits_add_FMU: Processing grid: F22
[2025-11-20 16:28:43] [INFO] 3006_final_edits_add_FMU: Finished grid: E21
[2025-11-20 16:28:43] [INFO] 3006_final_edits_add_FMU: Processing grid: E22
[2025-11-20 16:28:54] [INFO] 3006_final_edits_add_FMU: Finished grid: F22
[2025-11-20 16:28:54] [INFO] 3006_final_edits_add_FMU: Processing grid: F23
[2025-11-20 16:29:08] [INFO] 3006_final_edits_add_FMU: Finished grid: F23
[2025-11-20 16:29:27] [INFO] 3006_final_edits_add_FMU: Finished grid: F24
[2025-11-20 16:29:27] [INFO] 3006_final_edits_add_FMU: Processing grid: F25
[2025-11-20 16:29:36] [INFO] 3006_final_edits_add_FMU: Processing grid: F39
[2025-11-20 16:29:53] [INFO] 3006_final_edits_add_FMU: Finished grid: F39
[2025-11-20 16:29:53] [INFO] 3006_final_edits_add_FMU: Processing grid: F4
[2025-11-20 16:29:54] [INFO] 3006_final_edits_add_FMU: Finished grid: A24
[2025-11-20 16:29:54] [INFO] 3006_final_edits_add_FMU: Processing grid: A25
[2025-11-20 16:29:55] [INFO] 3006_final_edits_add_FMU: Finished grid: C27
[2025-11-20 16:29:55] [INFO] 3006_final_edits_add_FMU: Processing grid: C28
[2025-11-20 16:30:22] [INFO] 3006_final_edits_add_FMU: Finished grid: D33
[2025-11-20 16:30:22] [INFO] 3006_final_edits_add_FMU: Processing grid: D34
[2025-11-20 16:30:37] [INFO] 3006_final_edits_add_FMU: Finished grid: D2
[2025-11-20 16:30:37] [INFO] 3006_final_edits_add_FMU: Processing grid: D20
[2025-11-20 16:30:47] [INFO] 3006_final_edits_add_FMU: Finished grid: B4
[2025-11-20 16:30:47] [INFO] 3006_final_edits_add_FMU: Processing grid: B5
[2025-11-20 16:31:42] [INFO] 3006_final_edits_add_FMU: Finished grid: E22
[2025-11-20 16:31:42] [INFO] 3006_final_edits_add_FMU: Processing grid: E23
[2025-11-20 16:31:56] [INFO] 3006_final_edits_add_FMU: Finished grid: B5
[2025-11-20 16:31:56] [INFO] 3006_final_edits_add_FMU: Processing grid: B6
[2025-11-20 16:31:56] [INFO] 3006_final_edits_add_FMU: Finished grid: A25
[2025-11-20 16:31:56] [INFO] 3006_final_edits_add_FMU: Processing grid: A26
[2025-11-20 16:32:13] [INFO] 3006_final_edits_add_FMU: Finished grid: D20
[2025-11-20 16:32:13] [INFO] 3006_final_edits_add_FMU: Processing grid: D21
[2025-11-20 16:32:18] [INFO] 3006_final_edits_add_FMU: Finished grid: F4
[2025-11-20 16:32:18] [INFO] 3006_final_edits_add_FMU: Processing grid: F5
[2025-11-20 16:32:28] [INFO] 3006_final_edits_add_FMU: Finished grid: F25
[2025-11-20 16:32:28] [INFO] 3006_final_edits_add_FMU: Processing grid: F26
[2025-11-20 16:32:56] [INFO] 3006_final_edits_add_FMU: Finished grid: C28
[2025-11-20 16:32:56] [INFO] 3006_final_edits_add_FMU: Processing grid: C29
[2025-11-20 16:33:25] [INFO] 3006_final_edits_add_FMU: Finished grid: D34
[2025-11-20 16:33:25] [INFO] 3006_final_edits_add_FMU: Processing grid: D35
[2025-11-20 16:33:50] [INFO] 3006_final_edits_add_FMU: Finished grid: B6
[2025-11-20 16:33:50] [INFO] 3006_final_edits_add_FMU: Processing grid: B7
[2025-11-20 16:34:12] [INFO] 3006_final_edits_add_FMU: Finished grid: A26
[2025-11-20 16:34:12] [INFO] 3006_final_edits_add_FMU: Processing grid: A27
[2025-11-20 16:34:42] [INFO] 3006_final_edits_add_FMU: Finished grid: E23
[2025-11-20 16:34:42] [INFO] 3006_final_edits_add_FMU: Processing grid: E24
[2025-11-20 16:35:14] [INFO] 3006_final_edits_add_FMU: Finished grid: D21
[2025-11-20 16:35:14] [INFO] 3006_final_edits_add_FMU: Processing grid: D22
[2025-11-20 16:35:17] [INFO] 3006_final_edits_add_FMU: Finished grid: F5
[2025-11-20 16:35:17] [INFO] 3006_final_edits_add_FMU: Processing grid: F6
[2025-11-20 16:35:37] [INFO] 3006_final_edits_add_FMU: Finished grid: F26
[2025-11-20 16:35:37] [INFO] 3006_final_edits_add_FMU: Processing grid: F27
[2025-11-20 16:35:54] [INFO] 3006_final_edits_add_FMU: Finished grid: B7
[2025-11-20 16:35:54] [INFO] 3006_final_edits_add_FMU: Processing grid: B8
[2025-11-20 16:35:58] [INFO] 3006_final_edits_add_FMU: Finished grid: C29
[2025-11-20 16:35:58] [INFO] 3006_final_edits_add_FMU: Processing grid: C3
[2025-11-20 16:36:22] [INFO] 3006_final_edits_add_FMU: Finished grid: A27
[2025-11-20 16:36:22] [INFO] 3006_final_edits_add_FMU: Processing grid: A28
[2025-11-20 16:36:28] [INFO] 3006_final_edits_add_FMU: Finished grid: D35
[2025-11-20 16:36:28] [INFO] 3006_final_edits_add_FMU: Processing grid: D36
[2025-11-20 16:37:00] [INFO] 3006_final_edits_add_FMU: Finished grid: B8
[2025-11-20 16:37:00] [INFO] 3006_final_edits_add_FMU: Processing grid: C1
[2025-11-20 16:37:11] [INFO] 3006_final_edits_add_FMU: Finished grid: D36
[2025-11-20 16:37:11] [INFO] 3006_final_edits_add_FMU: Processing grid: D37
[2025-11-20 16:37:30] [INFO] 3006_final_edits_add_FMU: Finished grid: D37
[2025-11-20 16:37:30] [INFO] 3006_final_edits_add_FMU: Processing grid: D38
[2025-11-20 16:37:34] [INFO] 3006_final_edits_add_FMU: Finished grid: D38
[2025-11-20 16:37:34] [INFO] 3006_final_edits_add_FMU: Processing grid: D4
[2025-11-20 16:37:44] [INFO] 3006_final_edits_add_FMU: Finished grid: E24
[2025-11-20 16:37:44] [INFO] 3006_final_edits_add_FMU: Processing grid: E25
[2025-11-20 16:38:05] [INFO] 3006_final_edits_add_FMU: Finished grid: C1
[2025-11-20 16:38:05] [INFO] 3006_final_edits_add_FMU: Processing grid: C2
[2025-11-20 16:38:17] [INFO] 3006_final_edits_add_FMU: Finished grid: D22
[2025-11-20 16:38:17] [INFO] 3006_final_edits_add_FMU: Processing grid: D23
[2025-11-20 16:38:18] [INFO] 3006_final_edits_add_FMU: Finished grid: F6
[2025-11-20 16:38:18] [INFO] 3006_final_edits_add_FMU: Processing grid: F7
[2025-11-20 16:38:30] [INFO] 3006_final_edits_add_FMU: Finished grid: F27
[2025-11-20 16:38:30] [INFO] 3006_final_edits_add_FMU: Processing grid: F28
[2025-11-20 16:38:48] [INFO] 3006_final_edits_add_FMU: Finished grid: A28
[2025-11-20 16:38:48] [INFO] 3006_final_edits_add_FMU: Processing grid: A29
[2025-11-20 16:39:00] [INFO] 3006_final_edits_add_FMU: Finished grid: C3
[2025-11-20 16:39:00] [INFO] 3006_final_edits_add_FMU: Processing grid: C30
[2025-11-20 16:40:29] [INFO] 3006_final_edits_add_FMU: Finished grid: D4
[2025-11-20 16:40:29] [INFO] 3006_final_edits_add_FMU: Processing grid: D5
[2025-11-20 16:40:44] [INFO] 3006_final_edits_add_FMU: Finished grid: E25
[2025-11-20 16:40:44] [INFO] 3006_final_edits_add_FMU: Processing grid: E26
[2025-11-20 16:40:58] [INFO] 3006_final_edits_add_FMU: Finished grid: C2
[2025-11-20 16:40:58] [INFO] 3006_final_edits_add_FMU: Processing grid: C20
[2025-11-20 16:41:16] [INFO] 3006_final_edits_add_FMU: Finished grid: D23
[2025-11-20 16:41:16] [INFO] 3006_final_edits_add_FMU: Processing grid: D24
[2025-11-20 16:41:18] [INFO] 3006_final_edits_add_FMU: Finished grid: F7
[2025-11-20 16:41:18] [INFO] 3006_final_edits_add_FMU: Processing grid: F8
[2025-11-20 16:41:21] [INFO] 3006_final_edits_add_FMU: Finished grid: A29
[2025-11-20 16:41:21] [INFO] 3006_final_edits_add_FMU: Processing grid: A30
[2025-11-20 16:41:25] [INFO] 3006_final_edits_add_FMU: Finished grid: F28
[2025-11-20 16:41:25] [INFO] 3006_final_edits_add_FMU: Processing grid: F29
[2025-11-20 16:42:00] [INFO] 3006_final_edits_add_FMU: Finished grid: C30
[2025-11-20 16:42:00] [INFO] 3006_final_edits_add_FMU: Processing grid: C31
[2025-11-20 16:42:40] [INFO] 3006_final_edits_add_FMU: Finished grid: C20
[2025-11-20 16:42:40] [INFO] 3006_final_edits_add_FMU: Processing grid: C21
[2025-11-20 16:43:21] [INFO] 3006_final_edits_add_FMU: Finished grid: D5
[2025-11-20 16:43:21] [INFO] 3006_final_edits_add_FMU: Processing grid: D6
[2025-11-20 16:43:52] [INFO] 3006_final_edits_add_FMU: Finished grid: E26
[2025-11-20 16:43:52] [INFO] 3006_final_edits_add_FMU: Processing grid: E27
[2025-11-20 16:44:00] [INFO] 3006_final_edits_add_FMU: Finished grid: A30
[2025-11-20 16:44:00] [INFO] 3006_final_edits_add_FMU: Processing grid: A31
[2025-11-20 16:44:13] [INFO] 3006_final_edits_add_FMU: Finished grid: F29
[2025-11-20 16:44:13] [INFO] 3006_final_edits_add_FMU: Processing grid: F3
[2025-11-20 16:44:16] [INFO] 3006_final_edits_add_FMU: Finished grid: D24
[2025-11-20 16:44:16] [INFO] 3006_final_edits_add_FMU: Processing grid: D25
[2025-11-20 16:44:18] [INFO] 3006_final_edits_add_FMU: Finished grid: F8
[2025-11-20 16:44:18] [INFO] 3006_final_edits_add_FMU: Processing grid: F9
[2025-11-20 16:45:02] [INFO] 3006_final_edits_add_FMU: Finished grid: C31
[2025-11-20 16:45:02] [INFO] 3006_final_edits_add_FMU: Processing grid: C32
[2025-11-20 16:45:03] [INFO] 3006_final_edits_add_FMU: Finished grid: F9
[2025-11-20 16:45:03] [INFO] 3006_final_edits_add_FMU: Processing grid: G1
[2025-11-20 16:45:40] [INFO] 3006_final_edits_add_FMU: Finished grid: C21
[2025-11-20 16:45:40] [INFO] 3006_final_edits_add_FMU: Processing grid: C22
[2025-11-20 16:45:58] [INFO] 3006_final_edits_add_FMU: Finished grid: G1
[2025-11-20 16:45:58] [INFO] 3006_final_edits_add_FMU: Processing grid: G2
[2025-11-20 16:46:11] [INFO] 3006_final_edits_add_FMU: Finished grid: D6
[2025-11-20 16:46:11] [INFO] 3006_final_edits_add_FMU: Processing grid: D7
[2025-11-20 16:46:12] [INFO] 3006_final_edits_add_FMU: Finished grid: G2
[2025-11-20 16:46:12] [INFO] 3006_final_edits_add_FMU: Processing grid: G20
[2025-11-20 16:46:43] [INFO] 3006_final_edits_add_FMU: Finished grid: E27
[2025-11-20 16:46:43] [INFO] 3006_final_edits_add_FMU: Processing grid: E28
[2025-11-20 16:46:47] [INFO] 3006_final_edits_add_FMU: Finished grid: A31
[2025-11-20 16:46:47] [INFO] 3006_final_edits_add_FMU: Processing grid: A32
[2025-11-20 16:46:56] [INFO] 3006_final_edits_add_FMU: Finished grid: F3
[2025-11-20 16:46:56] [INFO] 3006_final_edits_add_FMU: Processing grid: F30
[2025-11-20 16:47:13] [INFO] 3006_final_edits_add_FMU: Finished grid: D25
[2025-11-20 16:47:13] [INFO] 3006_final_edits_add_FMU: Processing grid: D26
[2025-11-20 16:47:26] [INFO] 3006_final_edits_add_FMU: Finished grid: G20
[2025-11-20 16:47:26] [INFO] 3006_final_edits_add_FMU: Processing grid: G21
[2025-11-20 16:47:26] [INFO] 3006_final_edits_add_FMU: Finished grid: C32
[2025-11-20 16:47:26] [INFO] 3006_final_edits_add_FMU: Processing grid: C33
[2025-11-20 16:48:37] [INFO] 3006_final_edits_add_FMU: Finished grid: C22
[2025-11-20 16:48:37] [INFO] 3006_final_edits_add_FMU: Processing grid: C23
[2025-11-20 16:49:07] [INFO] 3006_final_edits_add_FMU: Finished grid: D7
[2025-11-20 16:49:07] [INFO] 3006_final_edits_add_FMU: Processing grid: D8
[2025-11-20 16:49:29] [INFO] 3006_final_edits_add_FMU: Finished grid: A32
[2025-11-20 16:49:29] [INFO] 3006_final_edits_add_FMU: Processing grid: A33
[2025-11-20 16:49:38] [INFO] 3006_final_edits_add_FMU: Finished grid: E28
[2025-11-20 16:49:38] [INFO] 3006_final_edits_add_FMU: Processing grid: E29
[2025-11-20 16:49:52] [INFO] 3006_final_edits_add_FMU: Finished grid: F30
[2025-11-20 16:49:52] [INFO] 3006_final_edits_add_FMU: Processing grid: F31
[2025-11-20 16:49:55] [INFO] 3006_final_edits_add_FMU: Finished grid: A33
[2025-11-20 16:49:55] [INFO] 3006_final_edits_add_FMU: Processing grid: A36
[2025-11-20 16:49:55] [INFO] 3006_final_edits_add_FMU: Finished grid: C33
[2025-11-20 16:49:55] [INFO] 3006_final_edits_add_FMU: Processing grid: C34
[2025-11-20 16:49:56] [INFO] 3006_final_edits_add_FMU: Finished grid: A36
[2025-11-20 16:49:56] [INFO] 3006_final_edits_add_FMU: Processing grid: B1
[2025-11-20 16:49:58] [INFO] 3006_final_edits_add_FMU: Finished grid: B1
[2025-11-20 16:50:19] [INFO] 3006_final_edits_add_FMU: Finished grid: D26
[2025-11-20 16:50:19] [INFO] 3006_final_edits_add_FMU: Processing grid: D27
[2025-11-20 16:50:23] [INFO] 3006_final_edits_add_FMU: Finished grid: G21
[2025-11-20 16:50:23] [INFO] 3006_final_edits_add_FMU: Processing grid: G22
[2025-11-20 16:50:56] [INFO] 3006_final_edits_add_FMU: Processing grid: G27
[2025-11-20 16:51:09] [INFO] 3006_final_edits_add_FMU: Finished grid: G27
[2025-11-20 16:51:09] [INFO] 3006_final_edits_add_FMU: Processing grid: G28
[2025-11-20 16:51:23] [INFO] 3006_final_edits_add_FMU: Finished grid: G28
[2025-11-20 16:51:23] [INFO] 3006_final_edits_add_FMU: Processing grid: G29
[2025-11-20 16:51:25] [INFO] 3006_final_edits_add_FMU: Finished grid: D8
[2025-11-20 16:51:25] [INFO] 3006_final_edits_add_FMU: Processing grid: D9
[2025-11-20 16:51:27] [INFO] 3006_final_edits_add_FMU: Finished grid: D9
[2025-11-20 16:51:27] [INFO] 3006_final_edits_add_FMU: Processing grid: E1
[2025-11-20 16:51:36] [INFO] 3006_final_edits_add_FMU: Finished grid: C23
[2025-11-20 16:51:36] [INFO] 3006_final_edits_add_FMU: Processing grid: C24
[2025-11-20 16:51:37] [INFO] 3006_final_edits_add_FMU: Finished grid: G29
[2025-11-20 16:51:37] [INFO] 3006_final_edits_add_FMU: Processing grid: G3
[2025-11-20 16:51:50] [INFO] 3006_final_edits_add_FMU: Finished grid: G3
[2025-11-20 16:51:50] [INFO] 3006_final_edits_add_FMU: Processing grid: G30
[2025-11-20 16:52:03] [INFO] 3006_final_edits_add_FMU: Finished grid: G30
[2025-11-20 16:52:03] [INFO] 3006_final_edits_add_FMU: Processing grid: G31
[2025-11-20 16:52:16] [INFO] 3006_final_edits_add_FMU: Finished grid: G31
[2025-11-20 16:52:16] [INFO] 3006_final_edits_add_FMU: Processing grid: G32
[2025-11-20 16:52:30] [INFO] 3006_final_edits_add_FMU: Finished grid: G32
[2025-11-20 16:52:30] [INFO] 3006_final_edits_add_FMU: Processing grid: G33
[2025-11-20 16:52:36] [INFO] 3006_final_edits_add_FMU: Finished grid: E29
[2025-11-20 16:52:36] [INFO] 3006_final_edits_add_FMU: Processing grid: E3
[2025-11-20 16:52:44] [INFO] 3006_final_edits_add_FMU: Finished grid: G33
[2025-11-20 16:52:44] [INFO] 3006_final_edits_add_FMU: Processing grid: G34
[2025-11-20 16:52:55] [INFO] 3006_final_edits_add_FMU: Finished grid: F31
[2025-11-20 16:52:55] [INFO] 3006_final_edits_add_FMU: Processing grid: F32
[2025-11-20 16:52:57] [INFO] 3006_final_edits_add_FMU: Finished grid: G34
[2025-11-20 16:52:57] [INFO] 3006_final_edits_add_FMU: Processing grid: G35
[2025-11-20 16:52:58] [INFO] 3006_final_edits_add_FMU: Finished grid: C34
[2025-11-20 16:52:58] [INFO] 3006_final_edits_add_FMU: Processing grid: C35
[2025-11-20 16:53:11] [INFO] 3006_final_edits_add_FMU: Finished grid: G35
[2025-11-20 16:53:11] [INFO] 3006_final_edits_add_FMU: Processing grid: G36
[2025-11-20 16:53:12] [INFO] 3006_final_edits_add_FMU: Finished grid: D27
[2025-11-20 16:53:12] [INFO] 3006_final_edits_add_FMU: Processing grid: D28
[2025-11-20 16:53:24] [INFO] 3006_final_edits_add_FMU: Finished grid: G36
[2025-11-20 16:53:24] [INFO] 3006_final_edits_add_FMU: Processing grid: G37
[2025-11-20 16:53:25] [INFO] 3006_final_edits_add_FMU: Finished grid: G22
[2025-11-20 16:53:25] [INFO] 3006_final_edits_add_FMU: Processing grid: G23
[2025-11-20 16:53:38] [INFO] 3006_final_edits_add_FMU: Finished grid: G37
[2025-11-20 16:53:38] [INFO] 3006_final_edits_add_FMU: Processing grid: G38
[2025-11-20 16:53:48] [INFO] 3006_final_edits_add_FMU: Finished grid: G38
[2025-11-20 16:53:48] [INFO] 3006_final_edits_add_FMU: Processing grid: G4
[2025-11-20 16:54:01] [INFO] 3006_final_edits_add_FMU: Finished grid: G4
[2025-11-20 16:54:01] [INFO] 3006_final_edits_add_FMU: Processing grid: G5
[2025-11-20 16:54:07] [INFO] 3006_final_edits_add_FMU: Finished grid: E1
[2025-11-20 16:54:07] [INFO] 3006_final_edits_add_FMU: Processing grid: E2
[2025-11-20 16:54:14] [INFO] 3006_final_edits_add_FMU: Finished grid: G5
[2025-11-20 16:54:14] [INFO] 3006_final_edits_add_FMU: Processing grid: G6
[2025-11-20 16:54:28] [INFO] 3006_final_edits_add_FMU: Finished grid: G6
[2025-11-20 16:54:38] [INFO] 3006_final_edits_add_FMU: Finished grid: C24
[2025-11-20 16:54:38] [INFO] 3006_final_edits_add_FMU: Processing grid: C25
[2025-11-20 16:55:09] [INFO] 3006_final_edits_add_FMU: Processing grid: G7
[2025-11-20 16:55:37] [INFO] 3006_final_edits_add_FMU: Finished grid: E3
[2025-11-20 16:55:37] [INFO] 3006_final_edits_add_FMU: Processing grid: E30
[2025-11-20 16:55:55] [INFO] 3006_final_edits_add_FMU: Finished grid: F32
[2025-11-20 16:55:55] [INFO] 3006_final_edits_add_FMU: Processing grid: F33
[2025-11-20 16:55:58] [INFO] 3006_final_edits_add_FMU: Finished grid: C35
[2025-11-20 16:55:58] [INFO] 3006_final_edits_add_FMU: Processing grid: C36
[2025-11-20 16:56:11] [INFO] 3006_final_edits_add_FMU: Finished grid: D28
[2025-11-20 16:56:11] [INFO] 3006_final_edits_add_FMU: Processing grid: D29
[2025-11-20 16:56:22] [INFO] 3006_final_edits_add_FMU: Finished grid: C36
[2025-11-20 16:56:22] [INFO] 3006_final_edits_add_FMU: Processing grid: C4
[2025-11-20 16:56:24] [INFO] 3006_final_edits_add_FMU: Finished grid: G23
[2025-11-20 16:56:24] [INFO] 3006_final_edits_add_FMU: Processing grid: G24
[2025-11-20 16:57:05] [INFO] 3006_final_edits_add_FMU: Finished grid: E2
[2025-11-20 16:57:05] [INFO] 3006_final_edits_add_FMU: Processing grid: E20
[2025-11-20 16:57:35] [INFO] 3006_final_edits_add_FMU: Finished grid: C25
[2025-11-20 16:58:00] [INFO] 3006_final_edits_add_FMU: Finished grid: C4
[2025-11-20 16:58:00] [INFO] 3006_final_edits_add_FMU: Processing grid: C5
[2025-11-20 16:58:03] [INFO] 3006_final_edits_add_FMU: Processing grid: H32
[2025-11-20 16:58:03] [INFO] 3006_final_edits_add_FMU: Finished grid: G7
[2025-11-20 16:58:03] [INFO] 3006_final_edits_add_FMU: Processing grid: G8
[2025-11-20 16:58:29] [INFO] 3006_final_edits_add_FMU: Finished grid: E20
[2025-11-20 16:58:31] [INFO] 3006_final_edits_add_FMU: Finished grid: E30
[2025-11-20 16:58:31] [INFO] 3006_final_edits_add_FMU: Processing grid: E31
[2025-11-20 16:58:51] [INFO] 3006_final_edits_add_FMU: Finished grid: F33
[2025-11-20 16:58:51] [INFO] 3006_final_edits_add_FMU: Processing grid: F34
[2025-11-20 16:58:58] [INFO] 3006_final_edits_add_FMU: Processing grid: I23
[2025-11-20 16:59:00] [INFO] 3006_final_edits_add_FMU: Finished grid: C5
[2025-11-20 16:59:00] [INFO] 3006_final_edits_add_FMU: Processing grid: C6
[2025-11-20 16:59:07] [INFO] 3006_final_edits_add_FMU: Finished grid: D29
[2025-11-20 16:59:07] [INFO] 3006_final_edits_add_FMU: Processing grid: D3
[2025-11-20 16:59:20] [INFO] 3006_final_edits_add_FMU: Finished grid: G24
[2025-11-20 16:59:20] [INFO] 3006_final_edits_add_FMU: Processing grid: G25
[2025-11-20 17:00:12] [INFO] 3006_final_edits_add_FMU: Finished grid: G8
[2025-11-20 17:00:12] [INFO] 3006_final_edits_add_FMU: Processing grid: G9
[2025-11-20 17:00:36] [INFO] 3006_final_edits_add_FMU: Finished grid: G9
[2025-11-20 17:00:36] [INFO] 3006_final_edits_add_FMU: Processing grid: H20
[2025-11-20 17:01:01] [INFO] 3006_final_edits_add_FMU: Finished grid: H32
[2025-11-20 17:01:01] [INFO] 3006_final_edits_add_FMU: Processing grid: H33
[2025-11-20 17:01:29] [INFO] 3006_final_edits_add_FMU: Finished grid: E31
[2025-11-20 17:01:29] [INFO] 3006_final_edits_add_FMU: Processing grid: E32
[2025-11-20 17:01:38] [INFO] 3006_final_edits_add_FMU: Finished grid: I23
[2025-11-20 17:01:38] [INFO] 3006_final_edits_add_FMU: Processing grid: I24
[2025-11-20 17:01:43] [INFO] 3006_final_edits_add_FMU: Finished grid: H20
[2025-11-20 17:01:43] [INFO] 3006_final_edits_add_FMU: Processing grid: H21
[2025-11-20 17:01:48] [INFO] 3006_final_edits_add_FMU: Finished grid: F34
[2025-11-20 17:01:48] [INFO] 3006_final_edits_add_FMU: Processing grid: F35
[2025-11-20 17:01:56] [INFO] 3006_final_edits_add_FMU: Finished grid: C6
[2025-11-20 17:01:56] [INFO] 3006_final_edits_add_FMU: Processing grid: C7
[2025-11-20 17:02:03] [INFO] 3006_final_edits_add_FMU: Finished grid: D3
[2025-11-20 17:02:03] [INFO] 3006_final_edits_add_FMU: Processing grid: D30
[2025-11-20 17:02:16] [INFO] 3006_final_edits_add_FMU: Finished grid: G25
[2025-11-20 17:02:16] [INFO] 3006_final_edits_add_FMU: Processing grid: G26
[2025-11-20 17:03:57] [INFO] 3006_final_edits_add_FMU: Finished grid: H33
[2025-11-20 17:03:57] [INFO] 3006_final_edits_add_FMU: Processing grid: H34
[2025-11-20 17:04:26] [INFO] 3006_final_edits_add_FMU: Finished grid: E32
[2025-11-20 17:04:26] [INFO] 3006_final_edits_add_FMU: Processing grid: E33
[2025-11-20 17:04:35] [INFO] 3006_final_edits_add_FMU: Finished grid: I24
[2025-11-20 17:04:35] [INFO] 3006_final_edits_add_FMU: Processing grid: I25
[2025-11-20 17:04:40] [INFO] 3006_final_edits_add_FMU: Finished grid: H21
[2025-11-20 17:04:40] [INFO] 3006_final_edits_add_FMU: Processing grid: H22
[2025-11-20 17:04:45] [INFO] 3006_final_edits_add_FMU: Finished grid: F35
[2025-11-20 17:04:45] [INFO] 3006_final_edits_add_FMU: Processing grid: F36
[2025-11-20 17:04:53] [INFO] 3006_final_edits_add_FMU: Finished grid: C7
[2025-11-20 17:05:00] [INFO] 3006_final_edits_add_FMU: Finished grid: D30
[2025-11-20 17:05:00] [INFO] 3006_final_edits_add_FMU: Processing grid: D31
[2025-11-20 17:05:20] [INFO] 3006_final_edits_add_FMU: Finished grid: G26
[2025-11-20 17:05:21] [INFO] 3006_final_edits_add_FMU: Processing grid: I38
[2025-11-20 17:05:49] [INFO] 3006_final_edits_add_FMU: Processing grid: J29
[2025-11-20 17:06:55] [INFO] 3006_final_edits_add_FMU: Finished grid: H34
[2025-11-20 17:06:55] [INFO] 3006_final_edits_add_FMU: Processing grid: H35
[2025-11-20 17:07:24] [INFO] 3006_final_edits_add_FMU: Finished grid: E33
[2025-11-20 17:07:24] [INFO] 3006_final_edits_add_FMU: Processing grid: E34
[2025-11-20 17:07:32] [INFO] 3006_final_edits_add_FMU: Finished grid: I25
[2025-11-20 17:07:32] [INFO] 3006_final_edits_add_FMU: Processing grid: I26
[2025-11-20 17:07:37] [INFO] 3006_final_edits_add_FMU: Finished grid: H22
[2025-11-20 17:07:37] [INFO] 3006_final_edits_add_FMU: Processing grid: H23
[2025-11-20 17:07:42] [INFO] 3006_final_edits_add_FMU: Finished grid: F36
[2025-11-20 17:07:42] [INFO] 3006_final_edits_add_FMU: Processing grid: F37
[2025-11-20 17:07:57] [INFO] 3006_final_edits_add_FMU: Finished grid: D31
[2025-11-20 17:08:19] [INFO] 3006_final_edits_add_FMU: Finished grid: I38
[2025-11-20 17:08:19] [INFO] 3006_final_edits_add_FMU: Processing grid: I39
[2025-11-20 17:08:25] [INFO] 3006_final_edits_add_FMU: Processing grid: J7
[2025-11-20 17:08:46] [INFO] 3006_final_edits_add_FMU: Finished grid: J29
[2025-11-20 17:08:46] [INFO] 3006_final_edits_add_FMU: Processing grid: J3
[2025-11-20 17:09:02] [INFO] 3006_final_edits_add_FMU: Finished grid: J7
[2025-11-20 17:09:02] [INFO] 3006_final_edits_add_FMU: Processing grid: K20
[2025-11-20 17:09:44] [INFO] 3006_final_edits_add_FMU: Finished grid: K20
[2025-11-20 17:09:44] [INFO] 3006_final_edits_add_FMU: Processing grid: K21
[2025-11-20 17:09:52] [INFO] 3006_final_edits_add_FMU: Finished grid: H35
[2025-11-20 17:09:52] [INFO] 3006_final_edits_add_FMU: Processing grid: H36
[2025-11-20 17:10:21] [INFO] 3006_final_edits_add_FMU: Finished grid: E34
[2025-11-20 17:10:21] [INFO] 3006_final_edits_add_FMU: Processing grid: E35
[2025-11-20 17:10:29] [INFO] 3006_final_edits_add_FMU: Finished grid: J3
[2025-11-20 17:10:29] [INFO] 3006_final_edits_add_FMU: Processing grid: J30
[2025-11-20 17:10:33] [INFO] 3006_final_edits_add_FMU: Finished grid: H23
[2025-11-20 17:10:33] [INFO] 3006_final_edits_add_FMU: Processing grid: H24
[2025-11-20 17:10:37] [INFO] 3006_final_edits_add_FMU: Finished grid: I26
[2025-11-20 17:10:37] [INFO] 3006_final_edits_add_FMU: Processing grid: I27
[2025-11-20 17:10:39] [INFO] 3006_final_edits_add_FMU: Finished grid: F37
[2025-11-20 17:10:39] [INFO] 3006_final_edits_add_FMU: Processing grid: F38
[2025-11-20 17:10:44] [INFO] 3006_final_edits_add_FMU: Finished grid: I39
[2025-11-20 17:10:44] [INFO] 3006_final_edits_add_FMU: Processing grid: I4
[2025-11-20 17:12:33] [INFO] 3006_final_edits_add_FMU: Finished grid: K21
[2025-11-20 17:12:33] [INFO] 3006_final_edits_add_FMU: Processing grid: K22
[2025-11-20 17:12:49] [INFO] 3006_final_edits_add_FMU: Finished grid: H36
[2025-11-20 17:12:49] [INFO] 3006_final_edits_add_FMU: Processing grid: H37
[2025-11-20 17:13:18] [INFO] 3006_final_edits_add_FMU: Finished grid: E35
[2025-11-20 17:13:24] [INFO] 3006_final_edits_add_FMU: Finished grid: F38
[2025-11-20 17:13:25] [INFO] 3006_final_edits_add_FMU: Finished grid: I27
[2025-11-20 17:13:25] [INFO] 3006_final_edits_add_FMU: Processing grid: I28
[2025-11-20 17:13:26] [INFO] 3006_final_edits_add_FMU: Finished grid: J30
[2025-11-20 17:13:26] [INFO] 3006_final_edits_add_FMU: Processing grid: J31
[2025-11-20 17:13:30] [INFO] 3006_final_edits_add_FMU: Finished grid: H24
[2025-11-20 17:13:30] [INFO] 3006_final_edits_add_FMU: Processing grid: H25
[2025-11-20 17:13:39] [INFO] 3006_final_edits_add_FMU: Finished grid: I4
[2025-11-20 17:13:39] [INFO] 3006_final_edits_add_FMU: Processing grid: I40
[2025-11-20 17:13:40] [INFO] 3006_final_edits_add_FMU: Finished grid: I40
[2025-11-20 17:13:40] [INFO] 3006_final_edits_add_FMU: Processing grid: I5
[2025-11-20 17:13:46] [INFO] 3006_final_edits_add_FMU: Processing grid: K34
[2025-11-20 17:14:12] [INFO] 3006_final_edits_add_FMU: Processing grid: L26
[2025-11-20 17:14:27] [INFO] 3006_final_edits_add_FMU: Finished grid: L26
[2025-11-20 17:14:27] [INFO] 3006_final_edits_add_FMU: Processing grid: L27
[2025-11-20 17:14:40] [INFO] 3006_final_edits_add_FMU: Finished grid: L27
[2025-11-20 17:14:40] [INFO] 3006_final_edits_add_FMU: Processing grid: L28
[2025-11-20 17:14:53] [INFO] 3006_final_edits_add_FMU: Finished grid: L28
[2025-11-20 17:14:53] [INFO] 3006_final_edits_add_FMU: Processing grid: L29
[2025-11-20 17:15:08] [INFO] 3006_final_edits_add_FMU: Finished grid: L29
[2025-11-20 17:15:08] [INFO] 3006_final_edits_add_FMU: Processing grid: L3
[2025-11-20 17:15:11] [INFO] 3006_final_edits_add_FMU: Finished grid: L3
[2025-11-20 17:15:11] [INFO] 3006_final_edits_add_FMU: Processing grid: L30
[2025-11-20 17:15:25] [INFO] 3006_final_edits_add_FMU: Finished grid: L30
[2025-11-20 17:15:25] [INFO] 3006_final_edits_add_FMU: Processing grid: L31
[2025-11-20 17:15:29] [INFO] 3006_final_edits_add_FMU: Finished grid: K22
[2025-11-20 17:15:29] [INFO] 3006_final_edits_add_FMU: Processing grid: K23
[2025-11-20 17:15:39] [INFO] 3006_final_edits_add_FMU: Finished grid: L31
[2025-11-20 17:15:39] [INFO] 3006_final_edits_add_FMU: Processing grid: L32
[2025-11-20 17:15:45] [INFO] 3006_final_edits_add_FMU: Finished grid: H37
[2025-11-20 17:15:45] [INFO] 3006_final_edits_add_FMU: Processing grid: H38
[2025-11-20 17:15:53] [INFO] 3006_final_edits_add_FMU: Finished grid: L32
[2025-11-20 17:15:53] [INFO] 3006_final_edits_add_FMU: Processing grid: L33
[2025-11-20 17:16:07] [INFO] 3006_final_edits_add_FMU: Finished grid: L33
[2025-11-20 17:16:07] [INFO] 3006_final_edits_add_FMU: Processing grid: L34
[2025-11-20 17:16:21] [INFO] 3006_final_edits_add_FMU: Finished grid: L34
[2025-11-20 17:16:21] [INFO] 3006_final_edits_add_FMU: Processing grid: L35
[2025-11-20 17:16:23] [INFO] 3006_final_edits_add_FMU: Finished grid: I28
[2025-11-20 17:16:23] [INFO] 3006_final_edits_add_FMU: Processing grid: I29
[2025-11-20 17:16:24] [INFO] 3006_final_edits_add_FMU: Finished grid: J31
[2025-11-20 17:16:24] [INFO] 3006_final_edits_add_FMU: Processing grid: J32
[2025-11-20 17:16:28] [INFO] 3006_final_edits_add_FMU: Finished grid: H25
[2025-11-20 17:16:28] [INFO] 3006_final_edits_add_FMU: Processing grid: H26
[2025-11-20 17:16:34] [INFO] 3006_final_edits_add_FMU: Finished grid: L35
[2025-11-20 17:16:34] [INFO] 3006_final_edits_add_FMU: Processing grid: L36
[2025-11-20 17:16:41] [INFO] 3006_final_edits_add_FMU: Finished grid: I5
[2025-11-20 17:16:41] [INFO] 3006_final_edits_add_FMU: Processing grid: I6
[2025-11-20 17:16:48] [INFO] 3006_final_edits_add_FMU: Finished grid: K34
[2025-11-20 17:16:48] [INFO] 3006_final_edits_add_FMU: Processing grid: K35
[2025-11-20 17:16:49] [INFO] 3006_final_edits_add_FMU: Finished grid: L36
[2025-11-20 17:16:49] [INFO] 3006_final_edits_add_FMU: Processing grid: L37
[2025-11-20 17:17:03] [INFO] 3006_final_edits_add_FMU: Finished grid: L37
[2025-11-20 17:17:03] [INFO] 3006_final_edits_add_FMU: Processing grid: L38
[2025-11-20 17:17:17] [INFO] 3006_final_edits_add_FMU: Finished grid: L38
[2025-11-20 17:17:17] [INFO] 3006_final_edits_add_FMU: Processing grid: L39
[2025-11-20 17:17:24] [INFO] 3006_final_edits_add_FMU: Finished grid: L39
[2025-11-20 17:17:24] [INFO] 3006_final_edits_add_FMU: Processing grid: L4
[2025-11-20 17:17:38] [INFO] 3006_final_edits_add_FMU: Finished grid: L4
[2025-11-20 17:18:05] [INFO] 3006_final_edits_add_FMU: Processing grid: L40
[2025-11-20 17:18:09] [INFO] 3006_final_edits_add_FMU: Finished grid: L40
[2025-11-20 17:18:09] [INFO] 3006_final_edits_add_FMU: Processing grid: L5
[2025-11-20 17:18:30] [INFO] 3006_final_edits_add_FMU: Finished grid: K23
[2025-11-20 17:18:30] [INFO] 3006_final_edits_add_FMU: Processing grid: K24
[2025-11-20 17:18:43] [INFO] 3006_final_edits_add_FMU: Finished grid: H38
[2025-11-20 17:18:43] [INFO] 3006_final_edits_add_FMU: Processing grid: H39
[2025-11-20 17:19:14] [INFO] 3006_final_edits_add_FMU: Finished grid: H39
[2025-11-20 17:19:14] [INFO] 3006_final_edits_add_FMU: Processing grid: H4
[2025-11-20 17:19:23] [INFO] 3006_final_edits_add_FMU: Finished grid: I29
[2025-11-20 17:19:23] [INFO] 3006_final_edits_add_FMU: Processing grid: I3
[2025-11-20 17:19:25] [INFO] 3006_final_edits_add_FMU: Finished grid: J32
[2025-11-20 17:19:25] [INFO] 3006_final_edits_add_FMU: Processing grid: J33
[2025-11-20 17:19:37] [INFO] 3006_final_edits_add_FMU: Finished grid: H26
[2025-11-20 17:19:37] [INFO] 3006_final_edits_add_FMU: Processing grid: H27
[2025-11-20 17:19:39] [INFO] 3006_final_edits_add_FMU: Finished grid: I6
[2025-11-20 17:19:39] [INFO] 3006_final_edits_add_FMU: Processing grid: I7
[2025-11-20 17:19:47] [INFO] 3006_final_edits_add_FMU: Finished grid: K35
[2025-11-20 17:19:47] [INFO] 3006_final_edits_add_FMU: Processing grid: K36
[2025-11-20 17:21:08] [INFO] 3006_final_edits_add_FMU: Finished grid: L5
[2025-11-20 17:21:08] [INFO] 3006_final_edits_add_FMU: Processing grid: L6
[2025-11-20 17:21:26] [INFO] 3006_final_edits_add_FMU: Finished grid: I7
[2025-11-20 17:21:26] [INFO] 3006_final_edits_add_FMU: Processing grid: J20
[2025-11-20 17:21:28] [INFO] 3006_final_edits_add_FMU: Finished grid: K24
[2025-11-20 17:21:28] [INFO] 3006_final_edits_add_FMU: Processing grid: K25
[2025-11-20 17:21:45] [INFO] 3006_final_edits_add_FMU: Finished grid: I3
[2025-11-20 17:21:45] [INFO] 3006_final_edits_add_FMU: Processing grid: I30
[2025-11-20 17:22:13] [INFO] 3006_final_edits_add_FMU: Finished grid: H4
[2025-11-20 17:22:13] [INFO] 3006_final_edits_add_FMU: Processing grid: H5
[2025-11-20 17:22:22] [INFO] 3006_final_edits_add_FMU: Finished grid: J20
[2025-11-20 17:22:22] [INFO] 3006_final_edits_add_FMU: Processing grid: J21
[2025-11-20 17:22:24] [INFO] 3006_final_edits_add_FMU: Finished grid: J33
[2025-11-20 17:22:24] [INFO] 3006_final_edits_add_FMU: Processing grid: J34
[2025-11-20 17:22:26] [INFO] 3006_final_edits_add_FMU: Finished grid: H27
[2025-11-20 17:22:26] [INFO] 3006_final_edits_add_FMU: Processing grid: H28
[2025-11-20 17:22:46] [INFO] 3006_final_edits_add_FMU: Finished grid: K36
[2025-11-20 17:22:46] [INFO] 3006_final_edits_add_FMU: Processing grid: K37
[2025-11-20 17:22:54] [INFO] 3006_final_edits_add_FMU: Finished grid: L6
[2025-11-20 17:22:54] [INFO] 3006_final_edits_add_FMU: Processing grid: L7
[2025-11-20 17:24:27] [INFO] 3006_final_edits_add_FMU: Finished grid: K25
[2025-11-20 17:24:27] [INFO] 3006_final_edits_add_FMU: Processing grid: K26
[2025-11-20 17:24:44] [INFO] 3006_final_edits_add_FMU: Finished grid: I30
[2025-11-20 17:24:44] [INFO] 3006_final_edits_add_FMU: Processing grid: I31
[2025-11-20 17:25:11] [INFO] 3006_final_edits_add_FMU: Finished grid: H5
[2025-11-20 17:25:11] [INFO] 3006_final_edits_add_FMU: Processing grid: H6
[2025-11-20 17:25:14] [INFO] 3006_final_edits_add_FMU: Finished grid: L7
[2025-11-20 17:25:14] [INFO] 3006_final_edits_add_FMU: Processing grid: L8
[2025-11-20 17:25:21] [INFO] 3006_final_edits_add_FMU: Finished grid: J21
[2025-11-20 17:25:21] [INFO] 3006_final_edits_add_FMU: Processing grid: J22
[2025-11-20 17:25:23] [INFO] 3006_final_edits_add_FMU: Finished grid: J34
[2025-11-20 17:25:23] [INFO] 3006_final_edits_add_FMU: Processing grid: J35
[2025-11-20 17:25:25] [INFO] 3006_final_edits_add_FMU: Finished grid: H28
[2025-11-20 17:25:25] [INFO] 3006_final_edits_add_FMU: Processing grid: H29
[2025-11-20 17:25:45] [INFO] 3006_final_edits_add_FMU: Finished grid: K37
[2025-11-20 17:25:45] [INFO] 3006_final_edits_add_FMU: Processing grid: K38
[2025-11-20 17:26:53] [INFO] 3006_final_edits_add_FMU: Finished grid: L8
[2025-11-20 17:26:53] [INFO] 3006_final_edits_add_FMU: Processing grid: M20
[2025-11-20 17:27:31] [INFO] 3006_final_edits_add_FMU: Finished grid: M20
[2025-11-20 17:27:31] [INFO] 3006_final_edits_add_FMU: Processing grid: M21
[2025-11-20 17:27:34] [INFO] 3006_final_edits_add_FMU: Finished grid: K26
[2025-11-20 17:27:34] [INFO] 3006_final_edits_add_FMU: Processing grid: K27
[2025-11-20 17:27:42] [INFO] 3006_final_edits_add_FMU: Finished grid: I31
[2025-11-20 17:27:42] [INFO] 3006_final_edits_add_FMU: Processing grid: I32
[2025-11-20 17:28:04] [INFO] 3006_final_edits_add_FMU: Finished grid: J22
[2025-11-20 17:28:04] [INFO] 3006_final_edits_add_FMU: Processing grid: J23
[2025-11-20 17:28:10] [INFO] 3006_final_edits_add_FMU: Finished grid: H6
[2025-11-20 17:28:10] [INFO] 3006_final_edits_add_FMU: Processing grid: H7
[2025-11-20 17:28:21] [INFO] 3006_final_edits_add_FMU: Finished grid: J35
[2025-11-20 17:28:21] [INFO] 3006_final_edits_add_FMU: Processing grid: J36
[2025-11-20 17:28:23] [INFO] 3006_final_edits_add_FMU: Finished grid: H29
[2025-11-20 17:28:23] [INFO] 3006_final_edits_add_FMU: Processing grid: H3
[2025-11-20 17:28:43] [INFO] 3006_final_edits_add_FMU: Finished grid: K38
[2025-11-20 17:28:43] [INFO] 3006_final_edits_add_FMU: Processing grid: K39
[2025-11-20 17:29:55] [INFO] 3006_final_edits_add_FMU: Finished grid: K39
[2025-11-20 17:29:55] [INFO] 3006_final_edits_add_FMU: Processing grid: K4
[2025-11-20 17:30:23] [INFO] 3006_final_edits_add_FMU: Finished grid: K27
[2025-11-20 17:30:23] [INFO] 3006_final_edits_add_FMU: Processing grid: K28
[2025-11-20 17:30:23] [INFO] 3006_final_edits_add_FMU: Finished grid: J23
[2025-11-20 17:30:23] [INFO] 3006_final_edits_add_FMU: Processing grid: J24
[2025-11-20 17:30:29] [INFO] 3006_final_edits_add_FMU: Finished grid: M21
[2025-11-20 17:30:29] [INFO] 3006_final_edits_add_FMU: Processing grid: M22
[2025-11-20 17:30:40] [INFO] 3006_final_edits_add_FMU: Finished grid: I32
[2025-11-20 17:30:40] [INFO] 3006_final_edits_add_FMU: Processing grid: I33
[2025-11-20 17:30:58] [INFO] 3006_final_edits_add_FMU: Finished grid: H7
[2025-11-20 17:30:58] [INFO] 3006_final_edits_add_FMU: Processing grid: H8
[2025-11-20 17:31:07] [INFO] 3006_final_edits_add_FMU: Finished grid: H8
[2025-11-20 17:31:07] [INFO] 3006_final_edits_add_FMU: Processing grid: I20
[2025-11-20 17:31:14] [INFO] 3006_final_edits_add_FMU: Finished grid: H3
[2025-11-20 17:31:14] [INFO] 3006_final_edits_add_FMU: Processing grid: H30
[2025-11-20 17:31:19] [INFO] 3006_final_edits_add_FMU: Finished grid: J36
[2025-11-20 17:31:19] [INFO] 3006_final_edits_add_FMU: Processing grid: J37
[2025-11-20 17:32:08] [INFO] 3006_final_edits_add_FMU: Finished grid: I20
[2025-11-20 17:32:08] [INFO] 3006_final_edits_add_FMU: Processing grid: I21
[2025-11-20 17:32:52] [INFO] 3006_final_edits_add_FMU: Finished grid: K4
[2025-11-20 17:32:52] [INFO] 3006_final_edits_add_FMU: Processing grid: K5
[2025-11-20 17:33:19] [INFO] 3006_final_edits_add_FMU: Finished grid: K28
[2025-11-20 17:33:19] [INFO] 3006_final_edits_add_FMU: Processing grid: K29
[2025-11-20 17:33:20] [INFO] 3006_final_edits_add_FMU: Finished grid: J24
[2025-11-20 17:33:20] [INFO] 3006_final_edits_add_FMU: Processing grid: J25
[2025-11-20 17:33:26] [INFO] 3006_final_edits_add_FMU: Finished grid: M22
[2025-11-20 17:33:26] [INFO] 3006_final_edits_add_FMU: Processing grid: M23
[2025-11-20 17:33:37] [INFO] 3006_final_edits_add_FMU: Finished grid: I33
[2025-11-20 17:33:37] [INFO] 3006_final_edits_add_FMU: Processing grid: I34
[2025-11-20 17:34:11] [INFO] 3006_final_edits_add_FMU: Finished grid: H30
[2025-11-20 17:34:11] [INFO] 3006_final_edits_add_FMU: Processing grid: H31
[2025-11-20 17:34:16] [INFO] 3006_final_edits_add_FMU: Finished grid: J37
[2025-11-20 17:34:16] [INFO] 3006_final_edits_add_FMU: Processing grid: J38
[2025-11-20 17:35:05] [INFO] 3006_final_edits_add_FMU: Finished grid: I21
[2025-11-20 17:35:05] [INFO] 3006_final_edits_add_FMU: Processing grid: I22
[2025-11-20 17:35:49] [INFO] 3006_final_edits_add_FMU: Finished grid: K5
[2025-11-20 17:35:49] [INFO] 3006_final_edits_add_FMU: Processing grid: K6
[2025-11-20 17:36:16] [INFO] 3006_final_edits_add_FMU: Finished grid: K29
[2025-11-20 17:36:16] [INFO] 3006_final_edits_add_FMU: Processing grid: K3
[2025-11-20 17:36:17] [INFO] 3006_final_edits_add_FMU: Finished grid: J25
[2025-11-20 17:36:17] [INFO] 3006_final_edits_add_FMU: Processing grid: J26
[2025-11-20 17:36:24] [INFO] 3006_final_edits_add_FMU: Finished grid: M23
[2025-11-20 17:36:24] [INFO] 3006_final_edits_add_FMU: Processing grid: M24
[2025-11-20 17:36:36] [INFO] 3006_final_edits_add_FMU: Finished grid: I34
[2025-11-20 17:36:36] [INFO] 3006_final_edits_add_FMU: Processing grid: I35
[2025-11-20 17:37:10] [INFO] 3006_final_edits_add_FMU: Finished grid: H31
[2025-11-20 17:37:14] [INFO] 3006_final_edits_add_FMU: Finished grid: J38
[2025-11-20 17:37:14] [INFO] 3006_final_edits_add_FMU: Processing grid: J39
[2025-11-20 17:37:20] [INFO] 3006_final_edits_add_FMU: Finished grid: K3
[2025-11-20 17:37:20] [INFO] 3006_final_edits_add_FMU: Processing grid: K30
[2025-11-20 17:37:38] [INFO] 3006_final_edits_add_FMU: Processing grid: M30
[2025-11-20 17:37:53] [INFO] 3006_final_edits_add_FMU: Finished grid: I22
[2025-11-20 17:38:21] [INFO] 3006_final_edits_add_FMU: Processing grid: N20
[2025-11-20 17:38:43] [INFO] 3006_final_edits_add_FMU: Finished grid: K6
[2025-11-20 17:38:43] [INFO] 3006_final_edits_add_FMU: Processing grid: K7
[2025-11-20 17:38:54] [INFO] 3006_final_edits_add_FMU: Finished grid: N20
[2025-11-20 17:38:54] [INFO] 3006_final_edits_add_FMU: Processing grid: N21
[2025-11-20 17:39:17] [INFO] 3006_final_edits_add_FMU: Finished grid: M24
[2025-11-20 17:39:17] [INFO] 3006_final_edits_add_FMU: Processing grid: M25
[2025-11-20 17:39:20] [INFO] 3006_final_edits_add_FMU: Finished grid: J26
[2025-11-20 17:39:20] [INFO] 3006_final_edits_add_FMU: Processing grid: J27
[2025-11-20 17:39:29] [INFO] 3006_final_edits_add_FMU: Finished grid: I35
[2025-11-20 17:39:29] [INFO] 3006_final_edits_add_FMU: Processing grid: I36
[2025-11-20 17:39:44] [INFO] 3006_final_edits_add_FMU: Finished grid: J39
[2025-11-20 17:39:44] [INFO] 3006_final_edits_add_FMU: Processing grid: J4
[2025-11-20 17:39:44] [INFO] 3006_final_edits_add_FMU: Finished grid: K7
[2025-11-20 17:39:44] [INFO] 3006_final_edits_add_FMU: Processing grid: L20
[2025-11-20 17:40:14] [INFO] 3006_final_edits_add_FMU: Finished grid: K30
[2025-11-20 17:40:14] [INFO] 3006_final_edits_add_FMU: Processing grid: K31
[2025-11-20 17:40:29] [INFO] 3006_final_edits_add_FMU: Finished grid: L20
[2025-11-20 17:40:29] [INFO] 3006_final_edits_add_FMU: Processing grid: L21
[2025-11-20 17:40:34] [INFO] 3006_final_edits_add_FMU: Finished grid: M30
[2025-11-20 17:40:34] [INFO] 3006_final_edits_add_FMU: Processing grid: M31
[2025-11-20 17:41:52] [INFO] 3006_final_edits_add_FMU: Finished grid: N21
[2025-11-20 17:41:52] [INFO] 3006_final_edits_add_FMU: Processing grid: N22
[2025-11-20 17:42:09] [INFO] 3006_final_edits_add_FMU: Finished grid: J27
[2025-11-20 17:42:09] [INFO] 3006_final_edits_add_FMU: Processing grid: J28
[2025-11-20 17:42:15] [INFO] 3006_final_edits_add_FMU: Finished grid: M25
[2025-11-20 17:42:15] [INFO] 3006_final_edits_add_FMU: Processing grid: M26
[2025-11-20 17:42:28] [INFO] 3006_final_edits_add_FMU: Finished grid: I36
[2025-11-20 17:42:28] [INFO] 3006_final_edits_add_FMU: Processing grid: I37
[2025-11-20 17:42:42] [INFO] 3006_final_edits_add_FMU: Finished grid: J4
[2025-11-20 17:42:42] [INFO] 3006_final_edits_add_FMU: Processing grid: J40
[2025-11-20 17:42:43] [INFO] 3006_final_edits_add_FMU: Finished grid: J40
[2025-11-20 17:42:43] [INFO] 3006_final_edits_add_FMU: Processing grid: J5
[2025-11-20 17:43:12] [INFO] 3006_final_edits_add_FMU: Finished grid: K31
[2025-11-20 17:43:12] [INFO] 3006_final_edits_add_FMU: Processing grid: K32
[2025-11-20 17:43:27] [INFO] 3006_final_edits_add_FMU: Finished grid: L21
[2025-11-20 17:43:27] [INFO] 3006_final_edits_add_FMU: Processing grid: L22
[2025-11-20 17:43:32] [INFO] 3006_final_edits_add_FMU: Finished grid: M31
[2025-11-20 17:43:32] [INFO] 3006_final_edits_add_FMU: Processing grid: M32
[2025-11-20 17:44:50] [INFO] 3006_final_edits_add_FMU: Finished grid: N22
[2025-11-20 17:44:50] [INFO] 3006_final_edits_add_FMU: Processing grid: N23
[2025-11-20 17:45:07] [INFO] 3006_final_edits_add_FMU: Finished grid: J28
[2025-11-20 17:45:22] [INFO] 3006_final_edits_add_FMU: Finished grid: M26
[2025-11-20 17:45:22] [INFO] 3006_final_edits_add_FMU: Processing grid: M27
[2025-11-20 17:45:26] [INFO] 3006_final_edits_add_FMU: Finished grid: I37
[2025-11-20 17:45:42] [INFO] 3006_final_edits_add_FMU: Finished grid: J5
[2025-11-20 17:45:42] [INFO] 3006_final_edits_add_FMU: Processing grid: J6
[2025-11-20 17:46:04] [INFO] 3006_final_edits_add_FMU: Processing grid: N36
[2025-11-20 17:46:06] [INFO] 3006_final_edits_add_FMU: Processing grid: O27
[2025-11-20 17:46:09] [INFO] 3006_final_edits_add_FMU: Finished grid: K32
[2025-11-20 17:46:09] [INFO] 3006_final_edits_add_FMU: Processing grid: K33
[2025-11-20 17:46:24] [INFO] 3006_final_edits_add_FMU: Finished grid: L22
[2025-11-20 17:46:24] [INFO] 3006_final_edits_add_FMU: Processing grid: L23
[2025-11-20 17:46:29] [INFO] 3006_final_edits_add_FMU: Finished grid: M32
[2025-11-20 17:46:29] [INFO] 3006_final_edits_add_FMU: Processing grid: M33
[2025-11-20 17:47:47] [INFO] 3006_final_edits_add_FMU: Finished grid: N23
[2025-11-20 17:47:47] [INFO] 3006_final_edits_add_FMU: Processing grid: N24
[2025-11-20 17:48:10] [INFO] 3006_final_edits_add_FMU: Finished grid: M27
[2025-11-20 17:48:10] [INFO] 3006_final_edits_add_FMU: Processing grid: M28
[2025-11-20 17:48:38] [INFO] 3006_final_edits_add_FMU: Finished grid: J6
[2025-11-20 17:48:56] [INFO] 3006_final_edits_add_FMU: Finished grid: O27
[2025-11-20 17:48:56] [INFO] 3006_final_edits_add_FMU: Processing grid: O28
[2025-11-20 17:49:02] [INFO] 3006_final_edits_add_FMU: Finished grid: N36
[2025-11-20 17:49:02] [INFO] 3006_final_edits_add_FMU: Processing grid: N37
[2025-11-20 17:49:06] [INFO] 3006_final_edits_add_FMU: Processing grid: P17
[2025-11-20 17:49:07] [INFO] 3006_final_edits_add_FMU: Finished grid: K33
[2025-11-20 17:49:07] [INFO] 3006_final_edits_add_FMU: Finished grid: P17
[2025-11-20 17:49:07] [INFO] 3006_final_edits_add_FMU: Processing grid: P18
[2025-11-20 17:49:10] [INFO] 3006_final_edits_add_FMU: Finished grid: P18
[2025-11-20 17:49:10] [INFO] 3006_final_edits_add_FMU: Processing grid: P19
[2025-11-20 17:49:13] [INFO] 3006_final_edits_add_FMU: Finished grid: P19
[2025-11-20 17:49:13] [INFO] 3006_final_edits_add_FMU: Processing grid: P20
[2025-11-20 17:49:18] [INFO] 3006_final_edits_add_FMU: Finished grid: P20
[2025-11-20 17:49:18] [INFO] 3006_final_edits_add_FMU: Processing grid: P21
[2025-11-20 17:49:21] [INFO] 3006_final_edits_add_FMU: Finished grid: L23
[2025-11-20 17:49:21] [INFO] 3006_final_edits_add_FMU: Processing grid: L24
[2025-11-20 17:49:26] [INFO] 3006_final_edits_add_FMU: Finished grid: P21
[2025-11-20 17:49:26] [INFO] 3006_final_edits_add_FMU: Processing grid: P22
[2025-11-20 17:49:27] [INFO] 3006_final_edits_add_FMU: Finished grid: M33
[2025-11-20 17:49:27] [INFO] 3006_final_edits_add_FMU: Processing grid: M34
[2025-11-20 17:49:39] [INFO] 3006_final_edits_add_FMU: Finished grid: P22
[2025-11-20 17:49:39] [INFO] 3006_final_edits_add_FMU: Processing grid: P23
[2025-11-20 17:49:41] [INFO] 3006_final_edits_add_FMU: Processing grid: P33
[2025-11-20 17:49:53] [INFO] 3006_final_edits_add_FMU: Finished grid: P23
[2025-11-20 17:49:53] [INFO] 3006_final_edits_add_FMU: Processing grid: P24
[2025-11-20 17:50:07] [INFO] 3006_final_edits_add_FMU: Finished grid: P24
[2025-11-20 17:50:07] [INFO] 3006_final_edits_add_FMU: Processing grid: P25
[2025-11-20 17:50:21] [INFO] 3006_final_edits_add_FMU: Finished grid: P25
[2025-11-20 17:50:21] [INFO] 3006_final_edits_add_FMU: Processing grid: P26
[2025-11-20 17:50:36] [INFO] 3006_final_edits_add_FMU: Finished grid: P26
[2025-11-20 17:50:36] [INFO] 3006_final_edits_add_FMU: Processing grid: P27
[2025-11-20 17:50:47] [INFO] 3006_final_edits_add_FMU: Finished grid: N24
[2025-11-20 17:50:47] [INFO] 3006_final_edits_add_FMU: Processing grid: N25
[2025-11-20 17:50:50] [INFO] 3006_final_edits_add_FMU: Finished grid: P27
[2025-11-20 17:50:50] [INFO] 3006_final_edits_add_FMU: Processing grid: P28
[2025-11-20 17:51:05] [INFO] 3006_final_edits_add_FMU: Finished grid: P28
[2025-11-20 17:51:05] [INFO] 3006_final_edits_add_FMU: Processing grid: P29
[2025-11-20 17:51:11] [INFO] 3006_final_edits_add_FMU: Finished grid: M28
[2025-11-20 17:51:11] [INFO] 3006_final_edits_add_FMU: Processing grid: M29
[2025-11-20 17:51:19] [INFO] 3006_final_edits_add_FMU: Finished grid: P29
[2025-11-20 17:51:19] [INFO] 3006_final_edits_add_FMU: Processing grid: P30
[2025-11-20 17:51:32] [INFO] 3006_final_edits_add_FMU: Finished grid: P30
[2025-11-20 17:51:32] [INFO] 3006_final_edits_add_FMU: Processing grid: P31
[2025-11-20 17:51:47] [INFO] 3006_final_edits_add_FMU: Finished grid: P31
[2025-11-20 17:51:47] [INFO] 3006_final_edits_add_FMU: Processing grid: P32
[2025-11-20 17:51:57] [INFO] 3006_final_edits_add_FMU: Finished grid: O28
[2025-11-20 17:51:57] [INFO] 3006_final_edits_add_FMU: Processing grid: O29
[2025-11-20 17:52:01] [INFO] 3006_final_edits_add_FMU: Finished grid: P32
[2025-11-20 17:52:04] [INFO] 3006_final_edits_add_FMU: Finished grid: N37
[2025-11-20 17:52:04] [INFO] 3006_final_edits_add_FMU: Processing grid: N38
[2025-11-20 17:52:24] [INFO] 3006_final_edits_add_FMU: Finished grid: L24
[2025-11-20 17:52:25] [INFO] 3006_final_edits_add_FMU: Processing grid: L25
[2025-11-20 17:52:30] [INFO] 3006_final_edits_add_FMU: Processing grid: Q24
[2025-11-20 17:52:31] [INFO] 3006_final_edits_add_FMU: Finished grid: M34
[2025-11-20 17:52:31] [INFO] 3006_final_edits_add_FMU: Processing grid: M35
[2025-11-20 17:52:47] [INFO] 3006_final_edits_add_FMU: Finished grid: P33
[2025-11-20 17:52:47] [INFO] 3006_final_edits_add_FMU: Processing grid: P34
[2025-11-20 17:53:51] [INFO] 3006_final_edits_add_FMU: Finished grid: N25
[2025-11-20 17:53:51] [INFO] 3006_final_edits_add_FMU: Processing grid: N26
[2025-11-20 17:54:10] [INFO] 3006_final_edits_add_FMU: Finished grid: M29
[2025-11-20 17:54:10] [INFO] 3006_final_edits_add_FMU: Processing grid: M3
[2025-11-20 17:54:20] [INFO] 3006_final_edits_add_FMU: Finished grid: M3
[2025-11-20 17:54:47] [INFO] 3006_final_edits_add_FMU: Processing grid: Q9
[2025-11-20 17:54:56] [INFO] 3006_final_edits_add_FMU: Finished grid: O29
[2025-11-20 17:54:56] [INFO] 3006_final_edits_add_FMU: Processing grid: O30
[2025-11-20 17:55:03] [INFO] 3006_final_edits_add_FMU: Finished grid: N38
[2025-11-20 17:55:03] [INFO] 3006_final_edits_add_FMU: Processing grid: N39
[2025-11-20 17:55:22] [INFO] 3006_final_edits_add_FMU: Finished grid: L25
[2025-11-20 17:55:27] [INFO] 3006_final_edits_add_FMU: Finished grid: Q24
[2025-11-20 17:55:27] [INFO] 3006_final_edits_add_FMU: Processing grid: Q25
[2025-11-20 17:55:28] [INFO] 3006_final_edits_add_FMU: Finished grid: M35
[2025-11-20 17:55:28] [INFO] 3006_final_edits_add_FMU: Processing grid: M36
[2025-11-20 17:55:41] [INFO] 3006_final_edits_add_FMU: Finished grid: P34
[2025-11-20 17:55:41] [INFO] 3006_final_edits_add_FMU: Processing grid: P35
[2025-11-20 17:55:49] [INFO] 3006_final_edits_add_FMU: Processing grid: R32
[2025-11-20 17:56:22] [INFO] 3006_final_edits_add_FMU: Finished grid: N39
[2025-11-20 17:56:22] [INFO] 3006_final_edits_add_FMU: Processing grid: N4
[2025-11-20 17:56:32] [INFO] 3006_final_edits_add_FMU: Finished grid: Q9
[2025-11-20 17:56:32] [INFO] 3006_final_edits_add_FMU: Processing grid: R17
[2025-11-20 17:56:35] [INFO] 3006_final_edits_add_FMU: Finished grid: R17
[2025-11-20 17:56:35] [INFO] 3006_final_edits_add_FMU: Processing grid: R18
[2025-11-20 17:56:52] [INFO] 3006_final_edits_add_FMU: Finished grid: N4
[2025-11-20 17:56:52] [INFO] 3006_final_edits_add_FMU: Processing grid: N5
[2025-11-20 17:56:54] [INFO] 3006_final_edits_add_FMU: Finished grid: N26
[2025-11-20 17:56:54] [INFO] 3006_final_edits_add_FMU: Processing grid: N27
[2025-11-20 17:57:47] [INFO] 3006_final_edits_add_FMU: Finished grid: N5
[2025-11-20 17:57:47] [INFO] 3006_final_edits_add_FMU: Processing grid: N7
[2025-11-20 17:57:53] [INFO] 3006_final_edits_add_FMU: Finished grid: O30
[2025-11-20 17:57:53] [INFO] 3006_final_edits_add_FMU: Processing grid: O31
[2025-11-20 17:58:24] [INFO] 3006_final_edits_add_FMU: Finished grid: Q25
[2025-11-20 17:58:24] [INFO] 3006_final_edits_add_FMU: Processing grid: Q26
[2025-11-20 17:58:25] [INFO] 3006_final_edits_add_FMU: Finished grid: M36
[2025-11-20 17:58:25] [INFO] 3006_final_edits_add_FMU: Processing grid: M37
[2025-11-20 17:58:30] [INFO] 3006_final_edits_add_FMU: Finished grid: N7
[2025-11-20 17:58:30] [INFO] 3006_final_edits_add_FMU: Processing grid: N8
[2025-11-20 17:58:39] [INFO] 3006_final_edits_add_FMU: Finished grid: P35
[2025-11-20 17:58:39] [INFO] 3006_final_edits_add_FMU: Processing grid: P36
[2025-11-20 17:58:47] [INFO] 3006_final_edits_add_FMU: Finished grid: R32
[2025-11-20 17:58:47] [INFO] 3006_final_edits_add_FMU: Processing grid: R33
[2025-11-20 17:59:15] [INFO] 3006_final_edits_add_FMU: Finished grid: R18
[2025-11-20 17:59:15] [INFO] 3006_final_edits_add_FMU: Processing grid: R19
[2025-11-20 17:59:44] [INFO] 3006_final_edits_add_FMU: Finished grid: N27
[2025-11-20 17:59:44] [INFO] 3006_final_edits_add_FMU: Processing grid: N28
[2025-11-20 18:00:51] [INFO] 3006_final_edits_add_FMU: Finished grid: O31
[2025-11-20 18:00:51] [INFO] 3006_final_edits_add_FMU: Processing grid: O32
[2025-11-20 18:01:23] [INFO] 3006_final_edits_add_FMU: Finished grid: M37
[2025-11-20 18:01:23] [INFO] 3006_final_edits_add_FMU: Processing grid: M38
[2025-11-20 18:01:29] [INFO] 3006_final_edits_add_FMU: Finished grid: N8
[2025-11-20 18:01:29] [INFO] 3006_final_edits_add_FMU: Processing grid: N9
[2025-11-20 18:01:31] [INFO] 3006_final_edits_add_FMU: Finished grid: Q26
[2025-11-20 18:01:31] [INFO] 3006_final_edits_add_FMU: Processing grid: Q27
[2025-11-20 18:01:37] [INFO] 3006_final_edits_add_FMU: Finished grid: P36
[2025-11-20 18:01:37] [INFO] 3006_final_edits_add_FMU: Processing grid: P37
[2025-11-20 18:01:45] [INFO] 3006_final_edits_add_FMU: Finished grid: R33
[2025-11-20 18:01:45] [INFO] 3006_final_edits_add_FMU: Processing grid: R34
[2025-11-20 18:02:14] [INFO] 3006_final_edits_add_FMU: Finished grid: R19
[2025-11-20 18:02:14] [INFO] 3006_final_edits_add_FMU: Processing grid: R20
[2025-11-20 18:02:42] [INFO] 3006_final_edits_add_FMU: Finished grid: N28
[2025-11-20 18:02:42] [INFO] 3006_final_edits_add_FMU: Processing grid: N29
[2025-11-20 18:03:09] [INFO] 3006_final_edits_add_FMU: Finished grid: N9
[2025-11-20 18:03:09] [INFO] 3006_final_edits_add_FMU: Processing grid: O20
[2025-11-20 18:03:30] [INFO] 3006_final_edits_add_FMU: Finished grid: O20
[2025-11-20 18:03:30] [INFO] 3006_final_edits_add_FMU: Processing grid: O21
[2025-11-20 18:03:50] [INFO] 3006_final_edits_add_FMU: Finished grid: O32
[2025-11-20 18:03:50] [INFO] 3006_final_edits_add_FMU: Processing grid: O33
[2025-11-20 18:04:21] [INFO] 3006_final_edits_add_FMU: Finished grid: Q27
[2025-11-20 18:04:21] [INFO] 3006_final_edits_add_FMU: Processing grid: Q28
[2025-11-20 18:04:22] [INFO] 3006_final_edits_add_FMU: Finished grid: M38
[2025-11-20 18:04:22] [INFO] 3006_final_edits_add_FMU: Processing grid: M39
[2025-11-20 18:04:25] [INFO] 3006_final_edits_add_FMU: Finished grid: P37
[2025-11-20 18:04:25] [INFO] 3006_final_edits_add_FMU: Processing grid: P38
[2025-11-20 18:04:37] [INFO] 3006_final_edits_add_FMU: Finished grid: P38
[2025-11-20 18:04:37] [INFO] 3006_final_edits_add_FMU: Processing grid: P7
[2025-11-20 18:04:43] [INFO] 3006_final_edits_add_FMU: Finished grid: R34
[2025-11-20 18:04:43] [INFO] 3006_final_edits_add_FMU: Processing grid: R35
[2025-11-20 18:05:12] [INFO] 3006_final_edits_add_FMU: Finished grid: R20
[2025-11-20 18:05:12] [INFO] 3006_final_edits_add_FMU: Processing grid: R21
[2025-11-20 18:05:20] [INFO] 3006_final_edits_add_FMU: Finished grid: O21
[2025-11-20 18:05:20] [INFO] 3006_final_edits_add_FMU: Processing grid: O22
[2025-11-20 18:05:34] [INFO] 3006_final_edits_add_FMU: Finished grid: P7
[2025-11-20 18:05:34] [INFO] 3006_final_edits_add_FMU: Processing grid: P8
[2025-11-20 18:05:39] [INFO] 3006_final_edits_add_FMU: Finished grid: N29
[2025-11-20 18:05:39] [INFO] 3006_final_edits_add_FMU: Processing grid: N30
[2025-11-20 18:06:00] [INFO] 3006_final_edits_add_FMU: Finished grid: M39
[2025-11-20 18:06:00] [INFO] 3006_final_edits_add_FMU: Processing grid: M4
[2025-11-20 18:06:48] [INFO] 3006_final_edits_add_FMU: Finished grid: O33
[2025-11-20 18:06:48] [INFO] 3006_final_edits_add_FMU: Processing grid: O34
[2025-11-20 18:07:18] [INFO] 3006_final_edits_add_FMU: Finished grid: Q28
[2025-11-20 18:07:18] [INFO] 3006_final_edits_add_FMU: Processing grid: Q29
[2025-11-20 18:07:31] [INFO] 3006_final_edits_add_FMU: Finished grid: R21
[2025-11-20 18:07:31] [INFO] 3006_final_edits_add_FMU: Processing grid: R22
[2025-11-20 18:07:40] [INFO] 3006_final_edits_add_FMU: Finished grid: R35
[2025-11-20 18:07:40] [INFO] 3006_final_edits_add_FMU: Processing grid: R36
[2025-11-20 18:08:10] [INFO] 3006_final_edits_add_FMU: Finished grid: M4
[2025-11-20 18:08:10] [INFO] 3006_final_edits_add_FMU: Processing grid: M5
[2025-11-20 18:08:18] [INFO] 3006_final_edits_add_FMU: Finished grid: O22
[2025-11-20 18:08:18] [INFO] 3006_final_edits_add_FMU: Processing grid: O23
[2025-11-20 18:08:32] [INFO] 3006_final_edits_add_FMU: Finished grid: P8
[2025-11-20 18:08:32] [INFO] 3006_final_edits_add_FMU: Processing grid: P9
[2025-11-20 18:08:37] [INFO] 3006_final_edits_add_FMU: Finished grid: N30
[2025-11-20 18:08:37] [INFO] 3006_final_edits_add_FMU: Processing grid: N31
[2025-11-20 18:08:42] [INFO] 3006_final_edits_add_FMU: Finished grid: R22
[2025-11-20 18:08:42] [INFO] 3006_final_edits_add_FMU: Processing grid: R23
[2025-11-20 18:09:41] [INFO] 3006_final_edits_add_FMU: Finished grid: R36
[2025-11-20 18:09:41] [INFO] 3006_final_edits_add_FMU: Processing grid: R37
[2025-11-20 18:09:44] [INFO] 3006_final_edits_add_FMU: Finished grid: R37
[2025-11-20 18:09:44] [INFO] 3006_final_edits_add_FMU: Processing grid: R7
[2025-11-20 18:09:45] [INFO] 3006_final_edits_add_FMU: Finished grid: O34
[2025-11-20 18:09:45] [INFO] 3006_final_edits_add_FMU: Processing grid: O35
[2025-11-20 18:09:57] [INFO] 3006_final_edits_add_FMU: Finished grid: Q29
[2025-11-20 18:09:57] [INFO] 3006_final_edits_add_FMU: Processing grid: Q30
[2025-11-20 18:10:43] [INFO] 3006_final_edits_add_FMU: Finished grid: P9
[2025-11-20 18:10:43] [INFO] 3006_final_edits_add_FMU: Processing grid: Q17
[2025-11-20 18:10:55] [INFO] 3006_final_edits_add_FMU: Finished grid: Q17
[2025-11-20 18:10:55] [INFO] 3006_final_edits_add_FMU: Processing grid: Q18
[2025-11-20 18:11:01] [INFO] 3006_final_edits_add_FMU: Finished grid: M5
[2025-11-20 18:11:01] [INFO] 3006_final_edits_add_FMU: Processing grid: M6
[2025-11-20 18:11:01] [INFO] 3006_final_edits_add_FMU: Finished grid: R7
[2025-11-20 18:11:01] [INFO] 3006_final_edits_add_FMU: Processing grid: R8
[2025-11-20 18:11:06] [INFO] 3006_final_edits_add_FMU: Finished grid: M6
[2025-11-20 18:11:06] [INFO] 3006_final_edits_add_FMU: Processing grid: M7
[2025-11-20 18:11:15] [INFO] 3006_final_edits_add_FMU: Finished grid: R23
[2025-11-20 18:11:15] [INFO] 3006_final_edits_add_FMU: Processing grid: R24
[2025-11-20 18:11:16] [INFO] 3006_final_edits_add_FMU: Finished grid: O23
[2025-11-20 18:11:16] [INFO] 3006_final_edits_add_FMU: Processing grid: O24
[2025-11-20 18:11:35] [INFO] 3006_final_edits_add_FMU: Finished grid: N31
[2025-11-20 18:11:35] [INFO] 3006_final_edits_add_FMU: Processing grid: N32
[2025-11-20 18:12:17] [INFO] 3006_final_edits_add_FMU: Finished grid: M7
[2025-11-20 18:12:17] [INFO] 3006_final_edits_add_FMU: Processing grid: M8
[2025-11-20 18:12:43] [INFO] 3006_final_edits_add_FMU: Finished grid: O35
[2025-11-20 18:12:43] [INFO] 3006_final_edits_add_FMU: Processing grid: O36
[2025-11-20 18:12:55] [INFO] 3006_final_edits_add_FMU: Finished grid: Q30
[2025-11-20 18:12:55] [INFO] 3006_final_edits_add_FMU: Processing grid: Q31
[2025-11-20 18:13:28] [INFO] 3006_final_edits_add_FMU: Finished grid: Q18
[2025-11-20 18:13:28] [INFO] 3006_final_edits_add_FMU: Processing grid: Q19
[2025-11-20 18:13:58] [INFO] 3006_final_edits_add_FMU: Finished grid: R8
[2025-11-20 18:13:58] [INFO] 3006_final_edits_add_FMU: Processing grid: R9
[2025-11-20 18:14:12] [INFO] 3006_final_edits_add_FMU: Finished grid: R24
[2025-11-20 18:14:12] [INFO] 3006_final_edits_add_FMU: Processing grid: R25
[2025-11-20 18:14:13] [INFO] 3006_final_edits_add_FMU: Finished grid: O24
[2025-11-20 18:14:13] [INFO] 3006_final_edits_add_FMU: Processing grid: O25
[2025-11-20 18:14:32] [INFO] 3006_final_edits_add_FMU: Finished grid: N32
[2025-11-20 18:14:32] [INFO] 3006_final_edits_add_FMU: Processing grid: N33
[2025-11-20 18:14:56] [INFO] 3006_final_edits_add_FMU: Finished grid: M8
[2025-11-20 18:14:56] [INFO] 3006_final_edits_add_FMU: Processing grid: M9
[2025-11-20 18:15:19] [INFO] 3006_final_edits_add_FMU: Finished grid: M9
[2025-11-20 18:15:34] [INFO] 3006_final_edits_add_FMU: Finished grid: R9
[2025-11-20 18:15:34] [INFO] 3006_final_edits_add_FMU: Processing grid: S17
[2025-11-20 18:15:39] [INFO] 3006_final_edits_add_FMU: Finished grid: O36
[2025-11-20 18:15:39] [INFO] 3006_final_edits_add_FMU: Processing grid: O37
[2025-11-20 18:15:46] [INFO] 3006_final_edits_add_FMU: Processing grid: S25
[2025-11-20 18:15:50] [INFO] 3006_final_edits_add_FMU: Finished grid: Q31
[2025-11-20 18:15:50] [INFO] 3006_final_edits_add_FMU: Processing grid: Q32
[2025-11-20 18:15:57] [INFO] 3006_final_edits_add_FMU: Finished grid: S17
[2025-11-20 18:15:57] [INFO] 3006_final_edits_add_FMU: Processing grid: S18
[2025-11-20 18:16:13] [INFO] 3006_final_edits_add_FMU: Finished grid: Q19
[2025-11-20 18:16:13] [INFO] 3006_final_edits_add_FMU: Processing grid: Q20
[2025-11-20 18:17:07] [INFO] 3006_final_edits_add_FMU: Finished grid: R25
[2025-11-20 18:17:07] [INFO] 3006_final_edits_add_FMU: Processing grid: R26
[2025-11-20 18:17:08] [INFO] 3006_final_edits_add_FMU: Finished grid: O25
[2025-11-20 18:17:08] [INFO] 3006_final_edits_add_FMU: Processing grid: O26
[2025-11-20 18:17:28] [INFO] 3006_final_edits_add_FMU: Finished grid: N33
[2025-11-20 18:17:28] [INFO] 3006_final_edits_add_FMU: Processing grid: N34
[2025-11-20 18:17:59] [INFO] 3006_final_edits_add_FMU: Finished grid: S25
[2025-11-20 18:17:59] [INFO] 3006_final_edits_add_FMU: Processing grid: S26
[2025-11-20 18:18:35] [INFO] 3006_final_edits_add_FMU: Finished grid: O37
[2025-11-20 18:18:35] [INFO] 3006_final_edits_add_FMU: Processing grid: O38
[2025-11-20 18:18:47] [INFO] 3006_final_edits_add_FMU: Finished grid: Q32
[2025-11-20 18:18:47] [INFO] 3006_final_edits_add_FMU: Processing grid: Q33
[2025-11-20 18:18:52] [INFO] 3006_final_edits_add_FMU: Finished grid: S18
[2025-11-20 18:18:52] [INFO] 3006_final_edits_add_FMU: Processing grid: S19
[2025-11-20 18:19:10] [INFO] 3006_final_edits_add_FMU: Finished grid: Q20
[2025-11-20 18:19:10] [INFO] 3006_final_edits_add_FMU: Processing grid: Q21
[2025-11-20 18:19:42] [INFO] 3006_final_edits_add_FMU: Finished grid: S26
[2025-11-20 18:19:42] [INFO] 3006_final_edits_add_FMU: Processing grid: S27
[2025-11-20 18:20:12] [INFO] 3006_final_edits_add_FMU: Finished grid: R26
[2025-11-20 18:20:12] [INFO] 3006_final_edits_add_FMU: Processing grid: R27
[2025-11-20 18:20:13] [INFO] 3006_final_edits_add_FMU: Finished grid: O26
[2025-11-20 18:20:24] [INFO] 3006_final_edits_add_FMU: Finished grid: N34
[2025-11-20 18:20:24] [INFO] 3006_final_edits_add_FMU: Processing grid: N35
[2025-11-20 18:20:41] [INFO] 3006_final_edits_add_FMU: Processing grid: T18
[2025-11-20 18:21:10] [INFO] 3006_final_edits_add_FMU: Finished grid: O38
[2025-11-20 18:21:10] [INFO] 3006_final_edits_add_FMU: Processing grid: O39
[2025-11-20 18:21:13] [INFO] 3006_final_edits_add_FMU: Finished grid: S19
[2025-11-20 18:21:13] [INFO] 3006_final_edits_add_FMU: Processing grid: S20
[2025-11-20 18:21:34] [INFO] 3006_final_edits_add_FMU: Finished grid: O39
[2025-11-20 18:21:34] [INFO] 3006_final_edits_add_FMU: Processing grid: O7
[2025-11-20 18:21:46] [INFO] 3006_final_edits_add_FMU: Finished grid: Q33
[2025-11-20 18:21:46] [INFO] 3006_final_edits_add_FMU: Processing grid: Q34
[2025-11-20 18:22:00] [INFO] 3006_final_edits_add_FMU: Finished grid: Q21
[2025-11-20 18:22:00] [INFO] 3006_final_edits_add_FMU: Processing grid: Q22
[2025-11-20 18:22:12] [INFO] 3006_final_edits_add_FMU: Finished grid: S20
[2025-11-20 18:22:12] [INFO] 3006_final_edits_add_FMU: Processing grid: S21
[2025-11-20 18:22:24] [INFO] 3006_final_edits_add_FMU: Finished grid: S27
[2025-11-20 18:22:24] [INFO] 3006_final_edits_add_FMU: Processing grid: S28
[2025-11-20 18:22:31] [INFO] 3006_final_edits_add_FMU: Finished grid: S21
[2025-11-20 18:22:31] [INFO] 3006_final_edits_add_FMU: Processing grid: S23
[2025-11-20 18:22:36] [INFO] 3006_final_edits_add_FMU: Finished grid: O7
[2025-11-20 18:22:36] [INFO] 3006_final_edits_add_FMU: Processing grid: O8
[2025-11-20 18:22:36] [INFO] 3006_final_edits_add_FMU: Finished grid: T18
[2025-11-20 18:22:36] [INFO] 3006_final_edits_add_FMU: Processing grid: T19
[2025-11-20 18:23:05] [INFO] 3006_final_edits_add_FMU: Finished grid: R27
[2025-11-20 18:23:05] [INFO] 3006_final_edits_add_FMU: Processing grid: R28
[2025-11-20 18:23:07] [INFO] 3006_final_edits_add_FMU: Finished grid: S23
[2025-11-20 18:23:07] [INFO] 3006_final_edits_add_FMU: Processing grid: S24
[2025-11-20 18:23:24] [INFO] 3006_final_edits_add_FMU: Finished grid: T19
[2025-11-20 18:23:24] [INFO] 3006_final_edits_add_FMU: Processing grid: T25
[2025-11-20 18:23:24] [INFO] 3006_final_edits_add_FMU: Finished grid: N35
[2025-11-20 18:23:36] [INFO] 3006_final_edits_add_FMU: Finished grid: T25
[2025-11-20 18:23:36] [INFO] 3006_final_edits_add_FMU: Processing grid: T27
[2025-11-20 18:23:52] [INFO] 3006_final_edits_add_FMU: Processing grid: U18
[2025-11-20 18:23:53] [INFO] 3006_final_edits_add_FMU: Finished grid: T27
[2025-11-20 18:23:53] [INFO] 3006_final_edits_add_FMU: Processing grid: T28
[2025-11-20 18:24:42] [INFO] 3006_final_edits_add_FMU: Finished grid: Q34
[2025-11-20 18:24:42] [INFO] 3006_final_edits_add_FMU: Processing grid: Q35
[2025-11-20 18:24:48] [INFO] 3006_final_edits_add_FMU: Finished grid: Q22
[2025-11-20 18:24:48] [INFO] 3006_final_edits_add_FMU: Processing grid: Q23
[2025-11-20 18:25:01] [INFO] 3006_final_edits_add_FMU: Finished grid: S24
[2025-11-20 18:25:05] [INFO] 3006_final_edits_add_FMU: Finished grid: U18
[2025-11-20 18:25:05] [INFO] 3006_final_edits_add_FMU: Processing grid: U19
[2025-11-20 18:25:20] [INFO] 3006_final_edits_add_FMU: Finished grid: S28
[2025-11-20 18:25:20] [INFO] 3006_final_edits_add_FMU: Processing grid: S29
[2025-11-20 18:25:31] [INFO] 3006_final_edits_add_FMU: Finished grid: O8
[2025-11-20 18:25:31] [INFO] 3006_final_edits_add_FMU: Processing grid: O9
[2025-11-20 18:25:38] [INFO] 3006_final_edits_add_FMU: Finished grid: U19
[2025-11-20 18:25:38] [INFO] 3006_final_edits_add_FMU: Processing grid: U28
[2025-11-20 18:25:55] [INFO] 3006_final_edits_add_FMU: Finished grid: R28
[2025-11-20 18:25:55] [INFO] 3006_final_edits_add_FMU: Processing grid: R29
[2025-11-20 18:26:21] [INFO] 3006_final_edits_add_FMU: Finished grid: U28
[2025-11-20 18:26:21] [INFO] 3006_final_edits_add_FMU: Processing grid: U29
[2025-11-20 18:26:24] [INFO] 3006_final_edits_add_FMU: Finished grid: T28
[2025-11-20 18:26:24] [INFO] 3006_final_edits_add_FMU: Processing grid: T29
[2025-11-20 18:27:02] [INFO] 3006_final_edits_add_FMU: Finished grid: O9
[2025-11-20 18:27:12] [INFO] 3006_final_edits_add_FMU: Finished grid: R29
[2025-11-20 18:27:12] [INFO] 3006_final_edits_add_FMU: Processing grid: R30
[2025-11-20 18:27:30] [INFO] 3006_final_edits_add_FMU: Finished grid: Q35
[2025-11-20 18:27:30] [INFO] 3006_final_edits_add_FMU: Processing grid: Q36
[2025-11-20 18:27:35] [INFO] 3006_final_edits_add_FMU: Finished grid: Q23
[2025-11-20 18:28:03] [INFO] 3006_final_edits_add_FMU: Finished grid: S29
[2025-11-20 18:28:03] [INFO] 3006_final_edits_add_FMU: Processing grid: S30
[2025-11-20 18:28:57] [INFO] 3006_final_edits_add_FMU: Finished grid: U29
[2025-11-20 18:28:57] [INFO] 3006_final_edits_add_FMU: Processing grid: U30
[2025-11-20 18:29:02] [INFO] 3006_final_edits_add_FMU: Finished grid: T29
[2025-11-20 18:29:02] [INFO] 3006_final_edits_add_FMU: Processing grid: T30
[2025-11-20 18:29:45] [INFO] 3006_final_edits_add_FMU: Finished grid: R30
[2025-11-20 18:29:45] [INFO] 3006_final_edits_add_FMU: Processing grid: R31
[2025-11-20 18:30:03] [INFO] 3006_final_edits_add_FMU: Finished grid: Q36
[2025-11-20 18:30:03] [INFO] 3006_final_edits_add_FMU: Processing grid: Q37
[2025-11-20 18:30:35] [INFO] 3006_final_edits_add_FMU: Finished grid: S30
[2025-11-20 18:30:35] [INFO] 3006_final_edits_add_FMU: Processing grid: S31
[2025-11-20 18:31:23] [INFO] 3006_final_edits_add_FMU: Finished grid: Q37
[2025-11-20 18:31:23] [INFO] 3006_final_edits_add_FMU: Processing grid: Q7
[2025-11-20 18:31:26] [INFO] 3006_final_edits_add_FMU: Finished grid: U30
[2025-11-20 18:31:26] [INFO] 3006_final_edits_add_FMU: Processing grid: U31
[2025-11-20 18:31:33] [INFO] 3006_final_edits_add_FMU: Finished grid: T30
[2025-11-20 18:31:33] [INFO] 3006_final_edits_add_FMU: Processing grid: T31
[2025-11-20 18:32:02] [INFO] 3006_final_edits_add_FMU: Finished grid: Q7
[2025-11-20 18:32:02] [INFO] 3006_final_edits_add_FMU: Processing grid: Q8
[2025-11-20 18:32:17] [INFO] 3006_final_edits_add_FMU: Finished grid: R31
[2025-11-20 18:32:42] [INFO] 3006_final_edits_add_FMU: Finished grid: U31
[2025-11-20 18:32:42] [INFO] 3006_final_edits_add_FMU: Processing grid: U32
[2025-11-20 18:32:51] [INFO] 3006_final_edits_add_FMU: Finished grid: U32
[2025-11-20 18:32:51] [INFO] 3006_final_edits_add_FMU: Processing grid: U8
[2025-11-20 18:33:04] [INFO] 3006_final_edits_add_FMU: Finished grid: S31
[2025-11-20 18:33:04] [INFO] 3006_final_edits_add_FMU: Processing grid: S32
[2025-11-20 18:33:56] [INFO] 3006_final_edits_add_FMU: Finished grid: U8
[2025-11-20 18:33:56] [INFO] 3006_final_edits_add_FMU: Processing grid: U9
[2025-11-20 18:33:59] [INFO] 3006_final_edits_add_FMU: Finished grid: T31
[2025-11-20 18:33:59] [INFO] 3006_final_edits_add_FMU: Processing grid: T32
[2025-11-20 18:34:18] [INFO] 3006_final_edits_add_FMU: Finished grid: Q8
[2025-11-20 18:35:14] [INFO] 3006_final_edits_add_FMU: Finished grid: T32
[2025-11-20 18:35:14] [INFO] 3006_final_edits_add_FMU: Processing grid: T33
[2025-11-20 18:35:22] [INFO] 3006_final_edits_add_FMU: Finished grid: S32
[2025-11-20 18:35:22] [INFO] 3006_final_edits_add_FMU: Processing grid: S33
[2025-11-20 18:35:22] [INFO] 3006_final_edits_add_FMU: Finished grid: T33
[2025-11-20 18:35:22] [INFO] 3006_final_edits_add_FMU: Processing grid: T34
[2025-11-20 18:35:23] [INFO] 3006_final_edits_add_FMU: Finished grid: T34
[2025-11-20 18:35:23] [INFO] 3006_final_edits_add_FMU: Processing grid: T7
[2025-11-20 18:35:26] [INFO] 3006_final_edits_add_FMU: Finished grid: U9
[2025-11-20 18:35:26] [INFO] 3006_final_edits_add_FMU: Processing grid: V16
[2025-11-20 18:35:57] [INFO] 3006_final_edits_add_FMU: Finished grid: V16
[2025-11-20 18:35:57] [INFO] 3006_final_edits_add_FMU: Processing grid: V17
[2025-11-20 18:36:42] [INFO] 3006_final_edits_add_FMU: Finished grid: T7
[2025-11-20 18:36:42] [INFO] 3006_final_edits_add_FMU: Processing grid: T8
[2025-11-20 18:37:33] [INFO] 3006_final_edits_add_FMU: Finished grid: S33
[2025-11-20 18:37:33] [INFO] 3006_final_edits_add_FMU: Processing grid: S34
[2025-11-20 18:37:44] [INFO] 3006_final_edits_add_FMU: Finished grid: V17
[2025-11-20 18:37:44] [INFO] 3006_final_edits_add_FMU: Processing grid: V18
[2025-11-20 18:38:04] [INFO] 3006_final_edits_add_FMU: Finished grid: V18
[2025-11-20 18:38:04] [INFO] 3006_final_edits_add_FMU: Processing grid: V29
[2025-11-20 18:38:32] [INFO] 3006_final_edits_add_FMU: Finished grid: V29
[2025-11-20 18:38:32] [INFO] 3006_final_edits_add_FMU: Processing grid: V30
[2025-11-20 18:38:52] [INFO] 3006_final_edits_add_FMU: Finished grid: T8
[2025-11-20 18:38:52] [INFO] 3006_final_edits_add_FMU: Processing grid: T9
[2025-11-20 18:39:10] [INFO] 3006_final_edits_add_FMU: Finished grid: V30
[2025-11-20 18:39:10] [INFO] 3006_final_edits_add_FMU: Processing grid: V8
[2025-11-20 18:39:16] [INFO] 3006_final_edits_add_FMU: Finished grid: V8
[2025-11-20 18:39:16] [INFO] 3006_final_edits_add_FMU: Processing grid: V9
[2025-11-20 18:39:28] [INFO] 3006_final_edits_add_FMU: Finished grid: V9
[2025-11-20 18:39:33] [INFO] 3006_final_edits_add_FMU: Finished grid: S34
[2025-11-20 18:39:33] [INFO] 3006_final_edits_add_FMU: Processing grid: S35
[2025-11-20 18:40:41] [INFO] 3006_final_edits_add_FMU: Finished grid: T9
[2025-11-20 18:40:41] [INFO] 3006_final_edits_add_FMU: Processing grid: U16
[2025-11-20 18:40:43] [INFO] 3006_final_edits_add_FMU: Finished grid: S35
[2025-11-20 18:40:43] [INFO] 3006_final_edits_add_FMU: Processing grid: S36
[2025-11-20 18:40:49] [INFO] 3006_final_edits_add_FMU: Finished grid: S36
[2025-11-20 18:40:49] [INFO] 3006_final_edits_add_FMU: Processing grid: S7
[2025-11-20 18:40:59] [INFO] 3006_final_edits_add_FMU: Finished grid: U16
[2025-11-20 18:40:59] [INFO] 3006_final_edits_add_FMU: Processing grid: U17
[2025-11-20 18:42:39] [INFO] 3006_final_edits_add_FMU: Finished grid: S7
[2025-11-20 18:42:39] [INFO] 3006_final_edits_add_FMU: Processing grid: S8
[2025-11-20 18:42:58] [INFO] 3006_final_edits_add_FMU: Finished grid: U17
[2025-11-20 18:44:45] [INFO] 3006_final_edits_add_FMU: Finished grid: S8
[2025-11-20 18:44:45] [INFO] 3006_final_edits_add_FMU: Processing grid: S9
[2025-11-20 18:46:35] [INFO] 3006_final_edits_add_FMU: Finished grid: S9
[2025-11-20 18:46:35] [INFO] 3006_final_edits_add_FMU: Processing grid: T17
[2025-11-20 18:48:00] [INFO] 3006_final_edits_add_FMU: Finished grid: T17
[2025-11-20 18:48:28] [INFO] 3006_final_edits_add_FMU: it takes 148.72 minutes to finish the script
