[2025-11-24 19:36:59] [INFO] 3010_MultiProcess_Mapping_QA: Processing field: Crown_Closure
[2025-11-24 19:37:02] [ERROR] 3010_MultiProcess_Mapping_QA: Error processing field Crown_Closure: list index out of range
Traceback (most recent call last):
  File "S:\1845\6\03_MappingAnalysisData\03_Scripts\08_Hex_Production\Hexagon_Production\scripts\3010_MutliProcess_Mapping_QA.py", line 21, in create_QC_maps
    lyt = aprx.listLayouts('Area_'+ area)[0]
          ~~~~~~~~~~~~~~~~~~~~~~~~~~~~~~~^^^
IndexError: list index out of range
[2025-11-24 19:37:02] [INFO] 3010_MultiProcess_Mapping_QA: Processing field: CON_AV_DIAM
[2025-11-24 19:37:03] [INFO] 3010_MultiProcess_Mapping_QA: Processing field: DEC_DWB_FACTOR
[2025-11-24 19:37:04] [ERROR] 3010_MultiProcess_Mapping_QA: Error processing field CON_AV_DIAM: list index out of range
Traceback (most recent call last):
  File "S:\1845\6\03_MappingAnalysisData\03_Scripts\08_Hex_Production\Hexagon_Production\scripts\3010_MutliProcess_Mapping_QA.py", line 21, in create_QC_maps
    lyt = aprx.listLayouts('Area_'+ area)[0]
          ~~~~~~~~~~~~~~~~~~~~~~~~~~~~~~~^^^
IndexError: list index out of range
[2025-11-24 19:37:04] [INFO] 3010_MultiProcess_Mapping_QA: Processing field: DEC_AV_DIAM
[2025-11-24 19:37:05] [ERROR] 3010_MultiProcess_Mapping_QA: Error processing field DEC_DWB_FACTOR: list index out of range
Traceback (most recent call last):
  File "S:\1845\6\03_MappingAnalysisData\03_Scripts\08_Hex_Production\Hexagon_Production\scripts\3010_MutliProcess_Mapping_QA.py", line 21, in create_QC_maps
    lyt = aprx.listLayouts('Area_'+ area)[0]
          ~~~~~~~~~~~~~~~~~~~~~~~~~~~~~~~^^^
IndexError: list index out of range
[2025-11-24 19:37:05] [INFO] 3010_MultiProcess_Mapping_QA: Processing field: TOP_HEIGHT
[2025-11-24 19:37:06] [ERROR] 3010_MultiProcess_Mapping_QA: Error processing field DEC_AV_DIAM: list index out of range
Traceback (most recent call last):
  File "S:\1845\6\03_MappingAnalysisData\03_Scripts\08_Hex_Production\Hexagon_Production\scripts\3010_MutliProcess_Mapping_QA.py", line 21, in create_QC_maps
    lyt = aprx.listLayouts('Area_'+ area)[0]
          ~~~~~~~~~~~~~~~~~~~~~~~~~~~~~~~^^^
IndexError: list index out of range
[2025-11-24 19:37:06] [INFO] 3010_MultiProcess_Mapping_QA: Processing field: CON_LOREY_HT
[2025-11-24 19:37:07] [ERROR] 3010_MultiProcess_Mapping_QA: Error processing field TOP_HEIGHT: list index out of range
Traceback (most recent call last):
  File "S:\1845\6\03_MappingAnalysisData\03_Scripts\08_Hex_Production\Hexagon_Production\scripts\3010_MutliProcess_Mapping_QA.py", line 21, in create_QC_maps
    lyt = aprx.listLayouts('Area_'+ area)[0]
          ~~~~~~~~~~~~~~~~~~~~~~~~~~~~~~~^^^
IndexError: list index out of range
[2025-11-24 19:37:07] [INFO] 3010_MultiProcess_Mapping_QA: Processing field: MAX_HT_ITI
[2025-11-24 19:37:08] [ERROR] 3010_MultiProcess_Mapping_QA: Error processing field CON_LOREY_HT: list index out of range
Traceback (most recent call last):
  File "S:\1845\6\03_MappingAnalysisData\03_Scripts\08_Hex_Production\Hexagon_Production\scripts\3010_MutliProcess_Mapping_QA.py", line 21, in create_QC_maps
    lyt = aprx.listLayouts('Area_'+ area)[0]
          ~~~~~~~~~~~~~~~~~~~~~~~~~~~~~~~^^^
IndexError: list index out of range
[2025-11-24 19:37:08] [INFO] 3010_MultiProcess_Mapping_QA: Processing field: DEC_LOREY_HT
[2025-11-24 19:37:09] [ERROR] 3010_MultiProcess_Mapping_QA: Error processing field MAX_HT_ITI: list index out of range
Traceback (most recent call last):
  File "S:\1845\6\03_MappingAnalysisData\03_Scripts\08_Hex_Production\Hexagon_Production\scripts\3010_MutliProcess_Mapping_QA.py", line 21, in create_QC_maps
    lyt = aprx.listLayouts('Area_'+ area)[0]
          ~~~~~~~~~~~~~~~~~~~~~~~~~~~~~~~^^^
IndexError: list index out of range
[2025-11-24 19:37:09] [INFO] 3010_MultiProcess_Mapping_QA: Processing field: DEC_NET_VOL_TREE
[2025-11-24 19:37:10] [ERROR] 3010_MultiProcess_Mapping_QA: Error processing field DEC_LOREY_HT: list index out of range
Traceback (most recent call last):
  File "S:\1845\6\03_MappingAnalysisData\03_Scripts\08_Hex_Production\Hexagon_Production\scripts\3010_MutliProcess_Mapping_QA.py", line 21, in create_QC_maps
    lyt = aprx.listLayouts('Area_'+ area)[0]
          ~~~~~~~~~~~~~~~~~~~~~~~~~~~~~~~^^^
IndexError: list index out of range
[2025-11-24 19:37:10] [INFO] 3010_MultiProcess_Mapping_QA: Processing field: CON_DWB_FACTOR
[2025-11-24 19:37:11] [ERROR] 3010_MultiProcess_Mapping_QA: Error processing field DEC_NET_VOL_TREE: list index out of range
Traceback (most recent call last):
  File "S:\1845\6\03_MappingAnalysisData\03_Scripts\08_Hex_Production\Hexagon_Production\scripts\3010_MutliProcess_Mapping_QA.py", line 21, in create_QC_maps
    lyt = aprx.listLayouts('Area_'+ area)[0]
          ~~~~~~~~~~~~~~~~~~~~~~~~~~~~~~~^^^
IndexError: list index out of range
[2025-11-24 19:37:11] [INFO] 3010_MultiProcess_Mapping_QA: Processing field: CON_STEM_PER_M3
[2025-11-24 19:37:12] [ERROR] 3010_MultiProcess_Mapping_QA: Error processing field CON_DWB_FACTOR: list index out of range
Traceback (most recent call last):
  File "S:\1845\6\03_MappingAnalysisData\03_Scripts\08_Hex_Production\Hexagon_Production\scripts\3010_MutliProcess_Mapping_QA.py", line 21, in create_QC_maps
    lyt = aprx.listLayouts('Area_'+ area)[0]
          ~~~~~~~~~~~~~~~~~~~~~~~~~~~~~~~^^^
IndexError: list index out of range
[2025-11-24 19:37:12] [INFO] 3010_MultiProcess_Mapping_QA: Processing field: CON_NET_VOL_TREE
[2025-11-24 19:37:13] [ERROR] 3010_MultiProcess_Mapping_QA: Error processing field CON_STEM_PER_M3: list index out of range
Traceback (most recent call last):
  File "S:\1845\6\03_MappingAnalysisData\03_Scripts\08_Hex_Production\Hexagon_Production\scripts\3010_MutliProcess_Mapping_QA.py", line 21, in create_QC_maps
    lyt = aprx.listLayouts('Area_'+ area)[0]
          ~~~~~~~~~~~~~~~~~~~~~~~~~~~~~~~^^^
IndexError: list index out of range
[2025-11-24 19:37:13] [INFO] 3010_MultiProcess_Mapping_QA: Processing field: DEC_STEM_PER_M3
[2025-11-24 19:37:14] [ERROR] 3010_MultiProcess_Mapping_QA: Error processing field CON_NET_VOL_TREE: list index out of range
Traceback (most recent call last):
  File "S:\1845\6\03_MappingAnalysisData\03_Scripts\08_Hex_Production\Hexagon_Production\scripts\3010_MutliProcess_Mapping_QA.py", line 21, in create_QC_maps
    lyt = aprx.listLayouts('Area_'+ area)[0]
          ~~~~~~~~~~~~~~~~~~~~~~~~~~~~~~~^^^
IndexError: list index out of range
[2025-11-24 19:37:14] [INFO] 3010_MultiProcess_Mapping_QA: Processing field: TOTAL_SPH_GT_5m
[2025-11-24 19:37:15] [ERROR] 3010_MultiProcess_Mapping_QA: Error processing field DEC_STEM_PER_M3: list index out of range
Traceback (most recent call last):
  File "S:\1845\6\03_MappingAnalysisData\03_Scripts\08_Hex_Production\Hexagon_Production\scripts\3010_MutliProcess_Mapping_QA.py", line 21, in create_QC_maps
    lyt = aprx.listLayouts('Area_'+ area)[0]
          ~~~~~~~~~~~~~~~~~~~~~~~~~~~~~~~^^^
IndexError: list index out of range
[2025-11-24 19:37:15] [INFO] 3010_MultiProcess_Mapping_QA: Processing field: DEC_MERCH_SPH
[2025-11-24 19:37:15] [ERROR] 3010_MultiProcess_Mapping_QA: Error processing field TOTAL_SPH_GT_5m: list index out of range
Traceback (most recent call last):
  File "S:\1845\6\03_MappingAnalysisData\03_Scripts\08_Hex_Production\Hexagon_Production\scripts\3010_MutliProcess_Mapping_QA.py", line 21, in create_QC_maps
    lyt = aprx.listLayouts('Area_'+ area)[0]
          ~~~~~~~~~~~~~~~~~~~~~~~~~~~~~~~^^^
IndexError: list index out of range
[2025-11-24 19:37:15] [INFO] 3010_MultiProcess_Mapping_QA: Processing field: CON_SPH_GT_5m
[2025-11-24 19:37:17] [ERROR] 3010_MultiProcess_Mapping_QA: Error processing field CON_SPH_GT_5m: list index out of range
Traceback (most recent call last):
  File "S:\1845\6\03_MappingAnalysisData\03_Scripts\08_Hex_Production\Hexagon_Production\scripts\3010_MutliProcess_Mapping_QA.py", line 21, in create_QC_maps
    lyt = aprx.listLayouts('Area_'+ area)[0]
          ~~~~~~~~~~~~~~~~~~~~~~~~~~~~~~~^^^
IndexError: list index out of range
[2025-11-24 19:37:17] [ERROR] 3010_MultiProcess_Mapping_QA: Error processing field DEC_MERCH_SPH: list index out of range
Traceback (most recent call last):
  File "S:\1845\6\03_MappingAnalysisData\03_Scripts\08_Hex_Production\Hexagon_Production\scripts\3010_MutliProcess_Mapping_QA.py", line 21, in create_QC_maps
    lyt = aprx.listLayouts('Area_'+ area)[0]
          ~~~~~~~~~~~~~~~~~~~~~~~~~~~~~~~^^^
IndexError: list index out of range
[2025-11-24 19:37:17] [INFO] 3010_MultiProcess_Mapping_QA: Processing field: DEC_SPH_GT_5m
[2025-11-24 19:37:17] [INFO] 3010_MultiProcess_Mapping_QA: Processing field: TOTAL_GVOL_PRED_HA
[2025-11-24 19:37:19] [ERROR] 3010_MultiProcess_Mapping_QA: Error processing field DEC_SPH_GT_5m: list index out of range
Traceback (most recent call last):
  File "S:\1845\6\03_MappingAnalysisData\03_Scripts\08_Hex_Production\Hexagon_Production\scripts\3010_MutliProcess_Mapping_QA.py", line 21, in create_QC_maps
    lyt = aprx.listLayouts('Area_'+ area)[0]
          ~~~~~~~~~~~~~~~~~~~~~~~~~~~~~~~^^^
IndexError: list index out of range
[2025-11-24 19:37:19] [INFO] 3010_MultiProcess_Mapping_QA: Processing field: TOTAL_MERCH_SPH
[2025-11-24 19:37:19] [ERROR] 3010_MultiProcess_Mapping_QA: Error processing field TOTAL_GVOL_PRED_HA: list index out of range
Traceback (most recent call last):
  File "S:\1845\6\03_MappingAnalysisData\03_Scripts\08_Hex_Production\Hexagon_Production\scripts\3010_MutliProcess_Mapping_QA.py", line 21, in create_QC_maps
    lyt = aprx.listLayouts('Area_'+ area)[0]
          ~~~~~~~~~~~~~~~~~~~~~~~~~~~~~~~^^^
IndexError: list index out of range
[2025-11-24 19:37:19] [INFO] 3010_MultiProcess_Mapping_QA: Processing field: CON_GVOL_PRED_HA
[2025-11-24 19:37:21] [ERROR] 3010_MultiProcess_Mapping_QA: Error processing field TOTAL_MERCH_SPH: list index out of range
Traceback (most recent call last):
  File "S:\1845\6\03_MappingAnalysisData\03_Scripts\08_Hex_Production\Hexagon_Production\scripts\3010_MutliProcess_Mapping_QA.py", line 21, in create_QC_maps
    lyt = aprx.listLayouts('Area_'+ area)[0]
          ~~~~~~~~~~~~~~~~~~~~~~~~~~~~~~~^^^
IndexError: list index out of range
[2025-11-24 19:37:21] [INFO] 3010_MultiProcess_Mapping_QA: Processing field: CON_MERCH_SPH
[2025-11-24 19:37:21] [ERROR] 3010_MultiProcess_Mapping_QA: Error processing field CON_GVOL_PRED_HA: list index out of range
Traceback (most recent call last):
  File "S:\1845\6\03_MappingAnalysisData\03_Scripts\08_Hex_Production\Hexagon_Production\scripts\3010_MutliProcess_Mapping_QA.py", line 21, in create_QC_maps
    lyt = aprx.listLayouts('Area_'+ area)[0]
          ~~~~~~~~~~~~~~~~~~~~~~~~~~~~~~~^^^
IndexError: list index out of range
[2025-11-24 19:37:21] [INFO] 3010_MultiProcess_Mapping_QA: Processing field: DEC_GVOL_PRED_HA
[2025-11-24 19:37:23] [ERROR] 3010_MultiProcess_Mapping_QA: Error processing field CON_MERCH_SPH: list index out of range
Traceback (most recent call last):
  File "S:\1845\6\03_MappingAnalysisData\03_Scripts\08_Hex_Production\Hexagon_Production\scripts\3010_MutliProcess_Mapping_QA.py", line 21, in create_QC_maps
    lyt = aprx.listLayouts('Area_'+ area)[0]
          ~~~~~~~~~~~~~~~~~~~~~~~~~~~~~~~^^^
IndexError: list index out of range
[2025-11-24 19:37:23] [INFO] 3010_MultiProcess_Mapping_QA: Processing field: DEC_GMVOL_PRED_HA
[2025-11-24 19:37:23] [ERROR] 3010_MultiProcess_Mapping_QA: Error processing field DEC_GVOL_PRED_HA: list index out of range
Traceback (most recent call last):
  File "S:\1845\6\03_MappingAnalysisData\03_Scripts\08_Hex_Production\Hexagon_Production\scripts\3010_MutliProcess_Mapping_QA.py", line 21, in create_QC_maps
    lyt = aprx.listLayouts('Area_'+ area)[0]
          ~~~~~~~~~~~~~~~~~~~~~~~~~~~~~~~^^^
IndexError: list index out of range
[2025-11-24 19:37:23] [INFO] 3010_MultiProcess_Mapping_QA: Processing field: TOTAL_GMVOL_PRED_HA
[2025-11-24 19:37:25] [ERROR] 3010_MultiProcess_Mapping_QA: Error processing field DEC_GMVOL_PRED_HA: list index out of range
Traceback (most recent call last):
  File "S:\1845\6\03_MappingAnalysisData\03_Scripts\08_Hex_Production\Hexagon_Production\scripts\3010_MutliProcess_Mapping_QA.py", line 21, in create_QC_maps
    lyt = aprx.listLayouts('Area_'+ area)[0]
          ~~~~~~~~~~~~~~~~~~~~~~~~~~~~~~~^^^
IndexError: list index out of range
[2025-11-24 19:37:25] [INFO] 3010_MultiProcess_Mapping_QA: Processing field: TOTAL_NMVOL_PRED_HA
[2025-11-24 19:37:25] [ERROR] 3010_MultiProcess_Mapping_QA: Error processing field TOTAL_GMVOL_PRED_HA: list index out of range
Traceback (most recent call last):
  File "S:\1845\6\03_MappingAnalysisData\03_Scripts\08_Hex_Production\Hexagon_Production\scripts\3010_MutliProcess_Mapping_QA.py", line 21, in create_QC_maps
    lyt = aprx.listLayouts('Area_'+ area)[0]
          ~~~~~~~~~~~~~~~~~~~~~~~~~~~~~~~^^^
IndexError: list index out of range
[2025-11-24 19:37:25] [INFO] 3010_MultiProcess_Mapping_QA: Processing field: CON_GMVOL_PRED_HA
[2025-11-24 19:37:27] [ERROR] 3010_MultiProcess_Mapping_QA: Error processing field TOTAL_NMVOL_PRED_HA: list index out of range
Traceback (most recent call last):
  File "S:\1845\6\03_MappingAnalysisData\03_Scripts\08_Hex_Production\Hexagon_Production\scripts\3010_MutliProcess_Mapping_QA.py", line 21, in create_QC_maps
    lyt = aprx.listLayouts('Area_'+ area)[0]
          ~~~~~~~~~~~~~~~~~~~~~~~~~~~~~~~^^^
IndexError: list index out of range
[2025-11-24 19:37:27] [INFO] 3010_MultiProcess_Mapping_QA: Processing field: CON_NMVOL_PRED_HA
[2025-11-24 19:37:27] [ERROR] 3010_MultiProcess_Mapping_QA: Error processing field CON_GMVOL_PRED_HA: list index out of range
Traceback (most recent call last):
  File "S:\1845\6\03_MappingAnalysisData\03_Scripts\08_Hex_Production\Hexagon_Production\scripts\3010_MutliProcess_Mapping_QA.py", line 21, in create_QC_maps
    lyt = aprx.listLayouts('Area_'+ area)[0]
          ~~~~~~~~~~~~~~~~~~~~~~~~~~~~~~~^^^
IndexError: list index out of range
[2025-11-24 19:37:27] [INFO] 3010_MultiProcess_Mapping_QA: Processing field: DEC_BA_HA
[2025-11-24 19:37:28] [ERROR] 3010_MultiProcess_Mapping_QA: Error processing field CON_NMVOL_PRED_HA: list index out of range
Traceback (most recent call last):
  File "S:\1845\6\03_MappingAnalysisData\03_Scripts\08_Hex_Production\Hexagon_Production\scripts\3010_MutliProcess_Mapping_QA.py", line 21, in create_QC_maps
    lyt = aprx.listLayouts('Area_'+ area)[0]
          ~~~~~~~~~~~~~~~~~~~~~~~~~~~~~~~^^^
IndexError: list index out of range
[2025-11-24 19:37:28] [INFO] 3010_MultiProcess_Mapping_QA: Processing field: DEC_NMVOL_PRED_HA
[2025-11-24 19:37:29] [ERROR] 3010_MultiProcess_Mapping_QA: Error processing field DEC_BA_HA: list index out of range
Traceback (most recent call last):
  File "S:\1845\6\03_MappingAnalysisData\03_Scripts\08_Hex_Production\Hexagon_Production\scripts\3010_MutliProcess_Mapping_QA.py", line 21, in create_QC_maps
    lyt = aprx.listLayouts('Area_'+ area)[0]
          ~~~~~~~~~~~~~~~~~~~~~~~~~~~~~~~^^^
IndexError: list index out of range
[2025-11-24 19:37:29] [INFO] 3010_MultiProcess_Mapping_QA: Processing field: TOTAL_MBA_HA
[2025-11-24 19:37:30] [ERROR] 3010_MultiProcess_Mapping_QA: Error processing field DEC_NMVOL_PRED_HA: list index out of range
Traceback (most recent call last):
  File "S:\1845\6\03_MappingAnalysisData\03_Scripts\08_Hex_Production\Hexagon_Production\scripts\3010_MutliProcess_Mapping_QA.py", line 21, in create_QC_maps
    lyt = aprx.listLayouts('Area_'+ area)[0]
          ~~~~~~~~~~~~~~~~~~~~~~~~~~~~~~~^^^
IndexError: list index out of range
[2025-11-24 19:37:30] [INFO] 3010_MultiProcess_Mapping_QA: Processing field: TOTAL_BA_HA
[2025-11-24 19:37:31] [ERROR] 3010_MultiProcess_Mapping_QA: Error processing field TOTAL_MBA_HA: list index out of range
Traceback (most recent call last):
  File "S:\1845\6\03_MappingAnalysisData\03_Scripts\08_Hex_Production\Hexagon_Production\scripts\3010_MutliProcess_Mapping_QA.py", line 21, in create_QC_maps
    lyt = aprx.listLayouts('Area_'+ area)[0]
          ~~~~~~~~~~~~~~~~~~~~~~~~~~~~~~~^^^
IndexError: list index out of range
[2025-11-24 19:37:31] [INFO] 3010_MultiProcess_Mapping_QA: Processing field: CON_MBA_HA
[2025-11-24 19:37:32] [ERROR] 3010_MultiProcess_Mapping_QA: Error processing field TOTAL_BA_HA: list index out of range
Traceback (most recent call last):
  File "S:\1845\6\03_MappingAnalysisData\03_Scripts\08_Hex_Production\Hexagon_Production\scripts\3010_MutliProcess_Mapping_QA.py", line 21, in create_QC_maps
    lyt = aprx.listLayouts('Area_'+ area)[0]
          ~~~~~~~~~~~~~~~~~~~~~~~~~~~~~~~^^^
IndexError: list index out of range
[2025-11-24 19:37:32] [INFO] 3010_MultiProcess_Mapping_QA: Processing field: CON_BA_HA
[2025-11-24 19:37:33] [ERROR] 3010_MultiProcess_Mapping_QA: Error processing field CON_MBA_HA: list index out of range
Traceback (most recent call last):
  File "S:\1845\6\03_MappingAnalysisData\03_Scripts\08_Hex_Production\Hexagon_Production\scripts\3010_MutliProcess_Mapping_QA.py", line 21, in create_QC_maps
    lyt = aprx.listLayouts('Area_'+ area)[0]
          ~~~~~~~~~~~~~~~~~~~~~~~~~~~~~~~^^^
IndexError: list index out of range
[2025-11-24 19:37:33] [INFO] 3010_MultiProcess_Mapping_QA: Processing field: DEC_MBA_HA
[2025-11-24 19:37:34] [ERROR] 3010_MultiProcess_Mapping_QA: Error processing field CON_BA_HA: list index out of range
Traceback (most recent call last):
  File "S:\1845\6\03_MappingAnalysisData\03_Scripts\08_Hex_Production\Hexagon_Production\scripts\3010_MutliProcess_Mapping_QA.py", line 21, in create_QC_maps
    lyt = aprx.listLayouts('Area_'+ area)[0]
          ~~~~~~~~~~~~~~~~~~~~~~~~~~~~~~~^^^
IndexError: list index out of range
[2025-11-24 19:37:34] [INFO] 3010_MultiProcess_Mapping_QA: Processing field: aw_pct
[2025-11-24 19:37:35] [ERROR] 3010_MultiProcess_Mapping_QA: Error processing field DEC_MBA_HA: list index out of range
Traceback (most recent call last):
  File "S:\1845\6\03_MappingAnalysisData\03_Scripts\08_Hex_Production\Hexagon_Production\scripts\3010_MutliProcess_Mapping_QA.py", line 21, in create_QC_maps
    lyt = aprx.listLayouts('Area_'+ area)[0]
          ~~~~~~~~~~~~~~~~~~~~~~~~~~~~~~~^^^
IndexError: list index out of range
[2025-11-24 19:37:35] [INFO] 3010_MultiProcess_Mapping_QA: Processing field: CON_QMD
[2025-11-24 19:37:36] [ERROR] 3010_MultiProcess_Mapping_QA: Error processing field aw_pct: list index out of range
Traceback (most recent call last):
  File "S:\1845\6\03_MappingAnalysisData\03_Scripts\08_Hex_Production\Hexagon_Production\scripts\3010_MutliProcess_Mapping_QA.py", line 21, in create_QC_maps
    lyt = aprx.listLayouts('Area_'+ area)[0]
          ~~~~~~~~~~~~~~~~~~~~~~~~~~~~~~~^^^
IndexError: list index out of range
[2025-11-24 19:37:36] [INFO] 3010_MultiProcess_Mapping_QA: Processing field: bw_pct
[2025-11-24 19:37:37] [ERROR] 3010_MultiProcess_Mapping_QA: Error processing field CON_QMD: list index out of range
Traceback (most recent call last):
  File "S:\1845\6\03_MappingAnalysisData\03_Scripts\08_Hex_Production\Hexagon_Production\scripts\3010_MutliProcess_Mapping_QA.py", line 21, in create_QC_maps
    lyt = aprx.listLayouts('Area_'+ area)[0]
          ~~~~~~~~~~~~~~~~~~~~~~~~~~~~~~~^^^
IndexError: list index out of range
[2025-11-24 19:37:37] [INFO] 3010_MultiProcess_Mapping_QA: Processing field: DEC_QMD
[2025-11-24 19:37:38] [ERROR] 3010_MultiProcess_Mapping_QA: Error processing field bw_pct: list index out of range
Traceback (most recent call last):
  File "S:\1845\6\03_MappingAnalysisData\03_Scripts\08_Hex_Production\Hexagon_Production\scripts\3010_MutliProcess_Mapping_QA.py", line 21, in create_QC_maps
    lyt = aprx.listLayouts('Area_'+ area)[0]
          ~~~~~~~~~~~~~~~~~~~~~~~~~~~~~~~^^^
IndexError: list index out of range
[2025-11-24 19:37:38] [INFO] 3010_MultiProcess_Mapping_QA: Processing field: pb_pct
[2025-11-24 19:37:39] [ERROR] 3010_MultiProcess_Mapping_QA: Error processing field DEC_QMD: list index out of range
Traceback (most recent call last):
  File "S:\1845\6\03_MappingAnalysisData\03_Scripts\08_Hex_Production\Hexagon_Production\scripts\3010_MutliProcess_Mapping_QA.py", line 21, in create_QC_maps
    lyt = aprx.listLayouts('Area_'+ area)[0]
          ~~~~~~~~~~~~~~~~~~~~~~~~~~~~~~~^^^
IndexError: list index out of range
[2025-11-24 19:37:39] [INFO] 3010_MultiProcess_Mapping_QA: Processing field: sw_pct
[2025-11-24 19:37:40] [ERROR] 3010_MultiProcess_Mapping_QA: Error processing field pb_pct: list index out of range
Traceback (most recent call last):
  File "S:\1845\6\03_MappingAnalysisData\03_Scripts\08_Hex_Production\Hexagon_Production\scripts\3010_MutliProcess_Mapping_QA.py", line 21, in create_QC_maps
    lyt = aprx.listLayouts('Area_'+ area)[0]
          ~~~~~~~~~~~~~~~~~~~~~~~~~~~~~~~^^^
IndexError: list index out of range
[2025-11-24 19:37:40] [INFO] 3010_MultiProcess_Mapping_QA: Processing field: fb_pct
[2025-11-24 19:37:41] [ERROR] 3010_MultiProcess_Mapping_QA: Error processing field sw_pct: list index out of range
Traceback (most recent call last):
  File "S:\1845\6\03_MappingAnalysisData\03_Scripts\08_Hex_Production\Hexagon_Production\scripts\3010_MutliProcess_Mapping_QA.py", line 21, in create_QC_maps
    lyt = aprx.listLayouts('Area_'+ area)[0]
          ~~~~~~~~~~~~~~~~~~~~~~~~~~~~~~~^^^
IndexError: list index out of range
[2025-11-24 19:37:41] [INFO] 3010_MultiProcess_Mapping_QA: Processing field: sb_pct
[2025-11-24 19:37:41] [ERROR] 3010_MultiProcess_Mapping_QA: Error processing field fb_pct: list index out of range
Traceback (most recent call last):
  File "S:\1845\6\03_MappingAnalysisData\03_Scripts\08_Hex_Production\Hexagon_Production\scripts\3010_MutliProcess_Mapping_QA.py", line 21, in create_QC_maps
    lyt = aprx.listLayouts('Area_'+ area)[0]
          ~~~~~~~~~~~~~~~~~~~~~~~~~~~~~~~^^^
IndexError: list index out of range
[2025-11-24 19:37:42] [INFO] 3010_MultiProcess_Mapping_QA: Processing field: pl_pct
[2025-11-24 19:37:43] [ERROR] 3010_MultiProcess_Mapping_QA: Error processing field sb_pct: list index out of range
Traceback (most recent call last):
  File "S:\1845\6\03_MappingAnalysisData\03_Scripts\08_Hex_Production\Hexagon_Production\scripts\3010_MutliProcess_Mapping_QA.py", line 21, in create_QC_maps
    lyt = aprx.listLayouts('Area_'+ area)[0]
          ~~~~~~~~~~~~~~~~~~~~~~~~~~~~~~~^^^
IndexError: list index out of range
[2025-11-24 19:37:43] [INFO] 3010_MultiProcess_Mapping_QA: Processing field: dp_pct
[2025-11-24 19:37:43] [ERROR] 3010_MultiProcess_Mapping_QA: Error processing field pl_pct: list index out of range
Traceback (most recent call last):
  File "S:\1845\6\03_MappingAnalysisData\03_Scripts\08_Hex_Production\Hexagon_Production\scripts\3010_MutliProcess_Mapping_QA.py", line 21, in create_QC_maps
    lyt = aprx.listLayouts('Area_'+ area)[0]
          ~~~~~~~~~~~~~~~~~~~~~~~~~~~~~~~^^^
IndexError: list index out of range
[2025-11-24 19:37:43] [INFO] 3010_MultiProcess_Mapping_QA: Processing field: lt_pct
[2025-11-24 19:37:45] [ERROR] 3010_MultiProcess_Mapping_QA: Error processing field dp_pct: list index out of range
Traceback (most recent call last):
  File "S:\1845\6\03_MappingAnalysisData\03_Scripts\08_Hex_Production\Hexagon_Production\scripts\3010_MutliProcess_Mapping_QA.py", line 21, in create_QC_maps
    lyt = aprx.listLayouts('Area_'+ area)[0]
          ~~~~~~~~~~~~~~~~~~~~~~~~~~~~~~~^^^
IndexError: list index out of range
[2025-11-24 19:37:45] [INFO] 3010_MultiProcess_Mapping_QA: Processing field: sn_pct
[2025-11-24 19:37:45] [ERROR] 3010_MultiProcess_Mapping_QA: Error processing field lt_pct: list index out of range
Traceback (most recent call last):
  File "S:\1845\6\03_MappingAnalysisData\03_Scripts\08_Hex_Production\Hexagon_Production\scripts\3010_MutliProcess_Mapping_QA.py", line 21, in create_QC_maps
    lyt = aprx.listLayouts('Area_'+ area)[0]
          ~~~~~~~~~~~~~~~~~~~~~~~~~~~~~~~^^^
IndexError: list index out of range
[2025-11-24 19:37:46] [ERROR] 3010_MultiProcess_Mapping_QA: Error processing field sn_pct: list index out of range
Traceback (most recent call last):
  File "S:\1845\6\03_MappingAnalysisData\03_Scripts\08_Hex_Production\Hexagon_Production\scripts\3010_MutliProcess_Mapping_QA.py", line 21, in create_QC_maps
    lyt = aprx.listLayouts('Area_'+ area)[0]
          ~~~~~~~~~~~~~~~~~~~~~~~~~~~~~~~^^^
IndexError: list index out of range
[2025-11-24 19:37:47] [INFO] 3010_MultiProcess_Mapping_QA: Multi-processing completed successfully.
[2025-11-24 19:37:47] [INFO] 3010_MultiProcess_Mapping_QA: 0.9 mins to finish
[2025-11-24 20:16:16] [INFO] 3010_MultiProcess_Mapping_QA: Processing field: Crown_Closure
[2025-11-24 20:16:20] [INFO] 3010_MultiProcess_Mapping_QA: Processing field: DEC_DWB_FACTOR
[2025-11-24 20:16:23] [WARNING] 3010_MultiProcess_Mapping_QA: Could not create jpeg folder: [WinError 183] Cannot create a file when that file already exists: 'S:\\1845\\6\\03_MappingAnalysisData\\04_Plotfiles\\QC_HEX\\AMI_AREA_H\\jpeg'
[2025-11-24 20:22:00] [INFO] 3010_MultiProcess_Mapping_QA: Processing field: Crown_Closure
[2025-11-24 20:22:04] [INFO] 3010_MultiProcess_Mapping_QA: Processing field: DEC_DWB_FACTOR
[2025-11-24 20:26:44] [INFO] 3010_MultiProcess_Mapping_QA: Exported JPEG for field: DEC_DWB_FACTOR
[2025-11-24 20:26:44] [INFO] 3010_MultiProcess_Mapping_QA: Processing field: TOP_HEIGHT
[2025-11-24 20:28:05] [INFO] 3010_MultiProcess_Mapping_QA: Exported JPEG for field: Crown_Closure
[2025-11-24 20:28:05] [INFO] 3010_MultiProcess_Mapping_QA: Processing field: CON_AV_DIAM
[2025-11-24 20:34:11] [INFO] 3010_MultiProcess_Mapping_QA: Exported JPEG for field: TOP_HEIGHT
[2025-11-24 20:34:11] [INFO] 3010_MultiProcess_Mapping_QA: Processing field: MAX_HT_ITI
[2025-11-24 20:35:07] [INFO] 3010_MultiProcess_Mapping_QA: Exported JPEG for field: CON_AV_DIAM
[2025-11-24 20:35:07] [INFO] 3010_MultiProcess_Mapping_QA: Processing field: DEC_AV_DIAM
[2025-11-24 20:38:03] [INFO] 3010_MultiProcess_Mapping_QA: Exported JPEG for field: DEC_AV_DIAM
[2025-11-24 20:38:03] [INFO] 3010_MultiProcess_Mapping_QA: Processing field: CON_LOREY_HT
[2025-11-24 20:40:55] [INFO] 3010_MultiProcess_Mapping_QA: Exported JPEG for field: MAX_HT_ITI
[2025-11-24 20:40:55] [INFO] 3010_MultiProcess_Mapping_QA: Processing field: DEC_NET_VOL_TREE
[2025-11-24 20:40:59] [INFO] 3010_MultiProcess_Mapping_QA: Exported JPEG for field: CON_LOREY_HT
[2025-11-24 20:40:59] [INFO] 3010_MultiProcess_Mapping_QA: Processing field: DEC_LOREY_HT
[2025-11-24 20:43:53] [INFO] 3010_MultiProcess_Mapping_QA: Exported JPEG for field: DEC_LOREY_HT
[2025-11-24 20:43:53] [INFO] 3010_MultiProcess_Mapping_QA: Processing field: CON_DWB_FACTOR
[2025-11-24 20:46:42] [INFO] 3010_MultiProcess_Mapping_QA: Exported JPEG for field: DEC_NET_VOL_TREE
[2025-11-24 20:46:42] [INFO] 3010_MultiProcess_Mapping_QA: Processing field: CON_STEM_PER_M3
[2025-11-24 20:48:01] [INFO] 3010_MultiProcess_Mapping_QA: Exported JPEG for field: CON_DWB_FACTOR
[2025-11-24 20:48:01] [INFO] 3010_MultiProcess_Mapping_QA: Processing field: CON_NET_VOL_TREE
[2025-11-24 20:51:25] [INFO] 3010_MultiProcess_Mapping_QA: Exported JPEG for field: CON_STEM_PER_M3
[2025-11-24 20:51:25] [INFO] 3010_MultiProcess_Mapping_QA: Processing field: DEC_STEM_PER_M3
[2025-11-24 20:53:26] [INFO] 3010_MultiProcess_Mapping_QA: Exported JPEG for field: CON_NET_VOL_TREE
[2025-11-24 20:53:26] [INFO] 3010_MultiProcess_Mapping_QA: Processing field: TOTAL_SPH_GT_5m
[2025-11-24 20:57:24] [INFO] 3010_MultiProcess_Mapping_QA: Exported JPEG for field: DEC_STEM_PER_M3
[2025-11-24 20:57:24] [INFO] 3010_MultiProcess_Mapping_QA: Processing field: DEC_MERCH_SPH
[2025-11-24 21:00:52] [INFO] 3010_MultiProcess_Mapping_QA: Exported JPEG for field: TOTAL_SPH_GT_5m
[2025-11-24 21:00:52] [INFO] 3010_MultiProcess_Mapping_QA: Processing field: CON_SPH_GT_5m
[2025-11-24 21:03:44] [INFO] 3010_MultiProcess_Mapping_QA: Exported JPEG for field: DEC_MERCH_SPH
[2025-11-24 21:03:44] [INFO] 3010_MultiProcess_Mapping_QA: Processing field: TOTAL_GVOL_PRED_HA
[2025-11-24 21:06:15] [INFO] 3010_MultiProcess_Mapping_QA: Exported JPEG for field: CON_SPH_GT_5m
[2025-11-24 21:06:15] [INFO] 3010_MultiProcess_Mapping_QA: Processing field: DEC_SPH_GT_5m
[2025-11-24 21:12:05] [INFO] 3010_MultiProcess_Mapping_QA: Exported JPEG for field: TOTAL_GVOL_PRED_HA
[2025-11-24 21:12:05] [INFO] 3010_MultiProcess_Mapping_QA: Processing field: CON_GVOL_PRED_HA
[2025-11-24 21:13:21] [INFO] 3010_MultiProcess_Mapping_QA: Exported JPEG for field: DEC_SPH_GT_5m
[2025-11-24 21:13:21] [INFO] 3010_MultiProcess_Mapping_QA: Processing field: TOTAL_MERCH_SPH
[2025-11-24 21:18:21] [INFO] 3010_MultiProcess_Mapping_QA: Exported JPEG for field: CON_GVOL_PRED_HA
[2025-11-24 21:18:21] [INFO] 3010_MultiProcess_Mapping_QA: Processing field: DEC_GVOL_PRED_HA
[2025-11-24 21:19:51] [INFO] 3010_MultiProcess_Mapping_QA: Exported JPEG for field: TOTAL_MERCH_SPH
[2025-11-24 21:19:51] [INFO] 3010_MultiProcess_Mapping_QA: Processing field: CON_MERCH_SPH
[2025-11-24 21:25:00] [INFO] 3010_MultiProcess_Mapping_QA: Exported JPEG for field: CON_MERCH_SPH
[2025-11-24 21:25:00] [INFO] 3010_MultiProcess_Mapping_QA: Processing field: DEC_GMVOL_PRED_HA
[2025-11-24 21:25:53] [INFO] 3010_MultiProcess_Mapping_QA: Exported JPEG for field: DEC_GVOL_PRED_HA
[2025-11-24 21:25:53] [INFO] 3010_MultiProcess_Mapping_QA: Processing field: TOTAL_GMVOL_PRED_HA
[2025-11-24 21:32:40] [INFO] 3010_MultiProcess_Mapping_QA: Exported JPEG for field: DEC_GMVOL_PRED_HA
[2025-11-24 21:32:40] [INFO] 3010_MultiProcess_Mapping_QA: Processing field: TOTAL_NMVOL_PRED_HA
[2025-11-24 21:33:55] [INFO] 3010_MultiProcess_Mapping_QA: Exported JPEG for field: TOTAL_GMVOL_PRED_HA
[2025-11-24 21:33:55] [INFO] 3010_MultiProcess_Mapping_QA: Processing field: CON_GMVOL_PRED_HA
[2025-11-24 21:39:59] [INFO] 3010_MultiProcess_Mapping_QA: Exported JPEG for field: CON_GMVOL_PRED_HA
[2025-11-24 21:39:59] [INFO] 3010_MultiProcess_Mapping_QA: Processing field: DEC_BA_HA
[2025-11-24 21:40:27] [INFO] 3010_MultiProcess_Mapping_QA: Exported JPEG for field: TOTAL_NMVOL_PRED_HA
[2025-11-24 21:40:27] [INFO] 3010_MultiProcess_Mapping_QA: Processing field: CON_NMVOL_PRED_HA
[2025-11-24 21:46:31] [INFO] 3010_MultiProcess_Mapping_QA: Exported JPEG for field: CON_NMVOL_PRED_HA
[2025-11-24 21:46:31] [INFO] 3010_MultiProcess_Mapping_QA: Processing field: DEC_NMVOL_PRED_HA
[2025-11-24 21:47:42] [INFO] 3010_MultiProcess_Mapping_QA: Exported JPEG for field: DEC_BA_HA
[2025-11-24 21:47:42] [INFO] 3010_MultiProcess_Mapping_QA: Processing field: TOTAL_MBA_HA
[2025-11-24 21:54:11] [INFO] 3010_MultiProcess_Mapping_QA: Exported JPEG for field: DEC_NMVOL_PRED_HA
[2025-11-24 21:54:11] [INFO] 3010_MultiProcess_Mapping_QA: Processing field: TOTAL_BA_HA
[2025-11-24 21:55:45] [INFO] 3010_MultiProcess_Mapping_QA: Exported JPEG for field: TOTAL_MBA_HA
[2025-11-24 21:55:45] [INFO] 3010_MultiProcess_Mapping_QA: Processing field: CON_MBA_HA
[2025-11-24 22:01:51] [INFO] 3010_MultiProcess_Mapping_QA: Exported JPEG for field: CON_MBA_HA
[2025-11-24 22:01:51] [INFO] 3010_MultiProcess_Mapping_QA: Processing field: DEC_MBA_HA
[2025-11-24 22:02:22] [INFO] 3010_MultiProcess_Mapping_QA: Exported JPEG for field: TOTAL_BA_HA
[2025-11-24 22:02:22] [INFO] 3010_MultiProcess_Mapping_QA: Processing field: CON_BA_HA
[2025-11-24 22:08:53] [INFO] 3010_MultiProcess_Mapping_QA: Exported JPEG for field: CON_BA_HA
[2025-11-24 22:08:53] [INFO] 3010_MultiProcess_Mapping_QA: Processing field: aw_pct
[2025-11-24 22:09:15] [INFO] 3010_MultiProcess_Mapping_QA: Exported JPEG for field: DEC_MBA_HA
[2025-11-24 22:09:15] [INFO] 3010_MultiProcess_Mapping_QA: Processing field: CON_QMD
[2025-11-24 22:14:37] [INFO] 3010_MultiProcess_Mapping_QA: Exported JPEG for field: aw_pct
[2025-11-24 22:14:37] [INFO] 3010_MultiProcess_Mapping_QA: Processing field: bw_pct
[2025-11-24 22:14:57] [INFO] 3010_MultiProcess_Mapping_QA: Exported JPEG for field: CON_QMD
[2025-11-24 22:14:57] [INFO] 3010_MultiProcess_Mapping_QA: Processing field: DEC_QMD
[2025-11-24 22:19:52] [INFO] 3010_MultiProcess_Mapping_QA: Exported JPEG for field: bw_pct
[2025-11-24 22:19:52] [INFO] 3010_MultiProcess_Mapping_QA: Processing field: pb_pct
[2025-11-24 22:21:26] [INFO] 3010_MultiProcess_Mapping_QA: Exported JPEG for field: DEC_QMD
[2025-11-24 22:21:26] [INFO] 3010_MultiProcess_Mapping_QA: Processing field: sw_pct
[2025-11-24 22:24:55] [INFO] 3010_MultiProcess_Mapping_QA: Exported JPEG for field: pb_pct
[2025-11-24 22:24:55] [INFO] 3010_MultiProcess_Mapping_QA: Processing field: fb_pct
[2025-11-24 22:26:21] [INFO] 3010_MultiProcess_Mapping_QA: Exported JPEG for field: sw_pct
[2025-11-24 22:26:21] [INFO] 3010_MultiProcess_Mapping_QA: Processing field: sb_pct
[2025-11-24 22:29:09] [INFO] 3010_MultiProcess_Mapping_QA: Exported JPEG for field: fb_pct
[2025-11-24 22:29:10] [INFO] 3010_MultiProcess_Mapping_QA: Processing field: pl_pct
[2025-11-24 22:30:42] [INFO] 3010_MultiProcess_Mapping_QA: Exported JPEG for field: sb_pct
[2025-11-24 22:30:42] [INFO] 3010_MultiProcess_Mapping_QA: Processing field: dp_pct
[2025-11-24 22:33:30] [INFO] 3010_MultiProcess_Mapping_QA: Exported JPEG for field: pl_pct
[2025-11-24 22:33:30] [INFO] 3010_MultiProcess_Mapping_QA: Processing field: lt_pct
[2025-11-24 22:34:53] [INFO] 3010_MultiProcess_Mapping_QA: Exported JPEG for field: dp_pct
[2025-11-24 22:34:53] [INFO] 3010_MultiProcess_Mapping_QA: Processing field: sn_pct
[2025-11-24 22:37:49] [INFO] 3010_MultiProcess_Mapping_QA: Exported JPEG for field: lt_pct
[2025-11-24 22:39:28] [INFO] 3010_MultiProcess_Mapping_QA: Exported JPEG for field: sn_pct
[2025-11-24 22:39:29] [INFO] 3010_MultiProcess_Mapping_QA: Multi-processing completed successfully.
[2025-11-24 22:39:29] [INFO] 3010_MultiProcess_Mapping_QA: 137.58 mins to finish
